Building DAG of jobs...
Using shell: /bin/bash
Provided cores: 1
Rules claiming more threads will be scaled down.
Job counts:
	count	jobs
	1	SingleCellReadSimulator
	1

[Wed May 22 09:21:57 2019]
rule SingleCellReadSimulator:
    input: results/amplificationErrors3_0_calculated.txt, results/amplificationErrors3_1_calculated.txt, results/amplificationErrors3_2_calculated.txt, results/amplificationErrors3_3_calculated.txt, results/amplificationErrors3_4_calculated.txt, results/amplificationErrors3_5_calculated.txt
    output: results/SingleCellReadSimulator3.txt
    jobid: 0
    wildcards: treename=3

Removing temporary output file results/amplificationErrors3_0_calculated.txt.
Removing temporary output file results/amplificationErrors3_1_calculated.txt.
Removing temporary output file results/amplificationErrors3_2_calculated.txt.
Removing temporary output file results/amplificationErrors3_3_calculated.txt.
Removing temporary output file results/amplificationErrors3_4_calculated.txt.
Removing temporary output file results/amplificationErrors3_5_calculated.txt.
[Wed May 22 09:21:57 2019]
Finished job 0.
1 of 1 steps (100%) done
Complete log: /Users/leonorschubert/Desktop/Aramis/ETH/Bachelor Thesis/Code/.snakemake/log/2019-05-22T092157.344711.snakemake.log
