Building DAG of jobs...
Using shell: /bin/bash
Provided cores: 1
Rules claiming more threads will be scaled down.
Job counts:
	count	jobs
	1	createGermlineMutations
	1

[Wed Mar 13 13:54:54 2019]
rule createGermlineMutations:
    output: Data/Mutations/GermlineMutations1000.py
    jobid: 0
    wildcards: treename=1000

[Wed Mar 13 13:54:55 2019]
Error in rule createGermlineMutations:
    jobid: 0
    output: Data/Mutations/GermlineMutations1000.py

RuleException:
CalledProcessError in line 25 of /Users/leonorschubert/Desktop/Aramis/ETH/Bachelor Thesis/Code/Snakefile:
Command 'set -euo pipefail;  /usr/local/opt/python/bin/python3.7 '/Users/leonorschubert/Desktop/Aramis/ETH/Bachelor Thesis/Code/.snakemake/scripts/tmpnme91t2d.createGermlineMutations.py'' returned non-zero exit status 1.
  File "/Users/leonorschubert/Desktop/Aramis/ETH/Bachelor Thesis/Code/Snakefile", line 25, in __rule_createGermlineMutations
  File "/usr/local/Cellar/python/3.7.2_2/Frameworks/Python.framework/Versions/3.7/lib/python3.7/concurrent/futures/thread.py", line 57, in run
Removing output files of failed job createGermlineMutations since they might be corrupted:
Data/Mutations/GermlineMutations1000.py
Shutting down, this might take some time.
Exiting because a job execution failed. Look above for error message
Complete log: /Users/leonorschubert/Desktop/Aramis/ETH/Bachelor Thesis/Code/.snakemake/log/2019-03-13T135454.784949.snakemake.log
