Building DAG of jobs...
Using shell: /bin/bash
Provided cores: 1
Rules claiming more threads will be scaled down.
Job counts:
	count	jobs
	1	createGermlineMutations
	1

[Thu Mar 14 10:28:48 2019]
rule createGermlineMutations:
    input: Data/ReferenceGenome.fa
    output: Data/Mutations/GermlineMutations1000.py
    jobid: 0
    wildcards: treename=1000

[Thu Mar 14 10:28:49 2019]
Error in rule createGermlineMutations:
    jobid: 0
    output: Data/Mutations/GermlineMutations1000.py

RuleException:
CalledProcessError in line 28 of /Users/leonorschubert/Desktop/Aramis/ETH/Bachelor Thesis/Code/Snakefile:
Command 'set -euo pipefail;  /usr/local/opt/python/bin/python3.7 '/Users/leonorschubert/Desktop/Aramis/ETH/Bachelor Thesis/Code/.snakemake/scripts/tmpm00djgll.createGermlineMutations.py'' returned non-zero exit status 1.
  File "/Users/leonorschubert/Desktop/Aramis/ETH/Bachelor Thesis/Code/Snakefile", line 28, in __rule_createGermlineMutations
  File "/usr/local/Cellar/python/3.7.2_2/Frameworks/Python.framework/Versions/3.7/lib/python3.7/concurrent/futures/thread.py", line 57, in run
Shutting down, this might take some time.
Exiting because a job execution failed. Look above for error message
Complete log: /Users/leonorschubert/Desktop/Aramis/ETH/Bachelor Thesis/Code/.snakemake/log/2019-03-14T102848.840789.snakemake.log
