The flag 'temp' used in rule all is only valid for outputs, not inputs.
Building DAG of jobs...
Using shell: /bin/bash
Provided cores: 1
Rules claiming more threads will be scaled down.
Job counts:
	count	jobs
	1	SingleCellReadSimulator
	6	simulateReads
	7

[Mon May 20 16:47:41 2019]
rule simulateReads:
    input: Data/Mutations/InsertedMutations3_4.fa
    output: results/amplificationErrors3_4_calculated.txt
    jobid: 5
    wildcards: treename=3, sample=4

[Mon May 20 16:47:42 2019]
Error in rule simulateReads:
    jobid: 5
    output: results/amplificationErrors3_4_calculated.txt

RuleException:
CalledProcessError in line 124 of /Users/leonorschubert/Desktop/Aramis/ETH/Bachelor Thesis/Code/Snakefile:
Command 'set -euo pipefail;  /usr/local/opt/python/bin/python3.7 '/Users/leonorschubert/Desktop/Aramis/ETH/Bachelor Thesis/Code/.snakemake/scripts/tmplkj3uuv6.ARTSimulation.py'' returned non-zero exit status 1.
  File "/Users/leonorschubert/Desktop/Aramis/ETH/Bachelor Thesis/Code/Snakefile", line 124, in __rule_simulateReads
  File "/usr/local/Cellar/python/3.7.2_2/Frameworks/Python.framework/Versions/3.7/lib/python3.7/concurrent/futures/thread.py", line 57, in run
Shutting down, this might take some time.
Exiting because a job execution failed. Look above for error message
Complete log: /Users/leonorschubert/Desktop/Aramis/ETH/Bachelor Thesis/Code/.snakemake/log/2019-05-20T164741.316128.snakemake.log
