Building DAG of jobs...
Using shell: /bin/bash
Provided cores: 1
Rules claiming more threads will be scaled down.
Job counts:
	count	jobs
	1	SingleCellReadSimulator
	1	createGermlineMutations
	1	createMutations
	10	indexMutations
	10	insertMutations
	10	simulateReads
	10	sortMutations
	10	zipMutations
	53

[Wed Jun 12 12:16:14 2019]
rule createGermlineMutations:
    output: Data/Mutations/GermlineMutations5_Allel1.vcf, Data/Mutations/GermlineMutations5_Allel2.vcf
    jobid: 54
    wildcards: treename=5

Conda environment defines Python version < 3.5. Using Python of the master process to execute script. Note that this cannot be avoided, because the script uses data structures from Snakemake which are Python >=3.5 only.
Activating conda environment: /Users/leonorschubert/Desktop/Aramis/ETH/Bachelor Thesis/Code/.snakemake/conda/579dc3c7
[Wed Jun 12 12:16:15 2019]
Finished job 54.
1 of 53 steps (2%) done

[Wed Jun 12 12:16:15 2019]
rule createMutations:
    input: Data/Trees/binaryTree5.txt, Data/Mutations/GermlineMutations5_Allel1.vcf, Data/Mutations/GermlineMutations5_Allel2.vcf
    output: Data/Mutations/Mutations5_0.vcf, Data/Mutations/Mutations5_1.vcf, Data/Mutations/Mutations5_2.vcf, Data/Mutations/Mutations5_3.vcf, Data/Mutations/Mutations5_4.vcf, Data/Mutations/Mutations5_5.vcf, Data/Mutations/Mutations5_6.vcf, Data/Mutations/Mutations5_7.vcf, Data/Mutations/Mutations5_8.vcf, Data/Mutations/Mutations5_9.vcf
    jobid: 53
    wildcards: treename=5

Conda environment defines Python version < 3.5. Using Python of the master process to execute script. Note that this cannot be avoided, because the script uses data structures from Snakemake which are Python >=3.5 only.
Activating conda environment: /Users/leonorschubert/Desktop/Aramis/ETH/Bachelor Thesis/Code/.snakemake/conda/47abf826
[Wed Jun 12 12:16:16 2019]
Finished job 53.
2 of 53 steps (4%) done

[Wed Jun 12 12:16:16 2019]
rule sortMutations:
    input: Data/Mutations/Mutations5_6.vcf
    output: Data/Mutations/sortedMutations5_6.vcf
    jobid: 49
    wildcards: treename=5, sample=6

Activating conda environment: /Users/leonorschubert/Desktop/Aramis/ETH/Bachelor Thesis/Code/.snakemake/conda/94172ea4
[Wed Jun 12 12:16:16 2019]
Finished job 49.
3 of 53 steps (6%) done

[Wed Jun 12 12:16:16 2019]
rule zipMutations:
    input: Data/Mutations/sortedMutations5_6.vcf
    output: Data/Mutations/sortedMutations5_6.vcf.gz
    jobid: 35
    wildcards: treename=5, sample=6

Activating conda environment: /Users/leonorschubert/Desktop/Aramis/ETH/Bachelor Thesis/Code/.snakemake/conda/94172ea4
Removing temporary output file Data/Mutations/sortedMutations5_6.vcf.
[Wed Jun 12 12:16:17 2019]
Finished job 35.
4 of 53 steps (8%) done

[Wed Jun 12 12:16:17 2019]
rule indexMutations:
    input: Data/Mutations/sortedMutations5_6.vcf.gz
    output: Data/Mutations/sortedMutations5_6.vcf.gz.tbi
    jobid: 36
    wildcards: treename=5, sample=6

Activating conda environment: /Users/leonorschubert/Desktop/Aramis/ETH/Bachelor Thesis/Code/.snakemake/conda/94172ea4
[Wed Jun 12 12:16:17 2019]
Finished job 36.
5 of 53 steps (9%) done

[Wed Jun 12 12:16:17 2019]
rule insertMutations:
    input: Data/Mutations/sortedMutations5_6.vcf.gz, Data/Mutations/sortedMutations5_6.vcf.gz.tbi
    output: Data/Mutations/InsertedMutations5_6.fa
    jobid: 18
    wildcards: treename=5, sample=6

Activating conda environment: /Users/leonorschubert/Desktop/Aramis/ETH/Bachelor Thesis/Code/.snakemake/conda/94172ea4
Removing temporary output file Data/Mutations/sortedMutations5_6.vcf.gz.
Removing temporary output file Data/Mutations/sortedMutations5_6.vcf.gz.tbi.
[Wed Jun 12 12:16:17 2019]
Finished job 18.
6 of 53 steps (11%) done

[Wed Jun 12 12:16:17 2019]
rule simulateReads:
    input: Data/Mutations/InsertedMutations5_6.fa
    output: results/simulatedAmplification_Tree5_Allel6_1.fq, results/simulatedAmplification_Tree5_Allel6_2.fq
    jobid: 7
    wildcards: treename=5, sample=6

Conda environment defines Python version < 3.5. Using Python of the master process to execute script. Note that this cannot be avoided, because the script uses data structures from Snakemake which are Python >=3.5 only.
Activating conda environment: /Users/leonorschubert/Desktop/Aramis/ETH/Bachelor Thesis/Code/.snakemake/conda/8237f946
[Wed Jun 12 12:16:18 2019]
Finished job 7.
7 of 53 steps (13%) done

[Wed Jun 12 12:16:18 2019]
rule sortMutations:
    input: Data/Mutations/Mutations5_5.vcf
    output: Data/Mutations/sortedMutations5_5.vcf
    jobid: 48
    wildcards: treename=5, sample=5

Activating conda environment: /Users/leonorschubert/Desktop/Aramis/ETH/Bachelor Thesis/Code/.snakemake/conda/94172ea4
[Wed Jun 12 12:16:19 2019]
Finished job 48.
8 of 53 steps (15%) done

[Wed Jun 12 12:16:19 2019]
rule zipMutations:
    input: Data/Mutations/sortedMutations5_5.vcf
    output: Data/Mutations/sortedMutations5_5.vcf.gz
    jobid: 33
    wildcards: treename=5, sample=5

Activating conda environment: /Users/leonorschubert/Desktop/Aramis/ETH/Bachelor Thesis/Code/.snakemake/conda/94172ea4
Removing temporary output file Data/Mutations/sortedMutations5_5.vcf.
[Wed Jun 12 12:16:19 2019]
Finished job 33.
9 of 53 steps (17%) done

[Wed Jun 12 12:16:19 2019]
rule indexMutations:
    input: Data/Mutations/sortedMutations5_5.vcf.gz
    output: Data/Mutations/sortedMutations5_5.vcf.gz.tbi
    jobid: 34
    wildcards: treename=5, sample=5

Activating conda environment: /Users/leonorschubert/Desktop/Aramis/ETH/Bachelor Thesis/Code/.snakemake/conda/94172ea4
[Wed Jun 12 12:16:19 2019]
Finished job 34.
10 of 53 steps (19%) done

[Wed Jun 12 12:16:19 2019]
rule insertMutations:
    input: Data/Mutations/sortedMutations5_5.vcf.gz, Data/Mutations/sortedMutations5_5.vcf.gz.tbi
    output: Data/Mutations/InsertedMutations5_5.fa
    jobid: 17
    wildcards: treename=5, sample=5

Activating conda environment: /Users/leonorschubert/Desktop/Aramis/ETH/Bachelor Thesis/Code/.snakemake/conda/94172ea4
Removing temporary output file Data/Mutations/sortedMutations5_5.vcf.gz.
Removing temporary output file Data/Mutations/sortedMutations5_5.vcf.gz.tbi.
[Wed Jun 12 12:16:19 2019]
Finished job 17.
11 of 53 steps (21%) done

[Wed Jun 12 12:16:19 2019]
rule simulateReads:
    input: Data/Mutations/InsertedMutations5_5.fa
    output: results/simulatedAmplification_Tree5_Allel5_1.fq, results/simulatedAmplification_Tree5_Allel5_2.fq
    jobid: 6
    wildcards: treename=5, sample=5

Conda environment defines Python version < 3.5. Using Python of the master process to execute script. Note that this cannot be avoided, because the script uses data structures from Snakemake which are Python >=3.5 only.
Activating conda environment: /Users/leonorschubert/Desktop/Aramis/ETH/Bachelor Thesis/Code/.snakemake/conda/8237f946
[Wed Jun 12 12:16:21 2019]
Finished job 6.
12 of 53 steps (23%) done

[Wed Jun 12 12:16:21 2019]
rule sortMutations:
    input: Data/Mutations/Mutations5_3.vcf
    output: Data/Mutations/sortedMutations5_3.vcf
    jobid: 46
    wildcards: treename=5, sample=3

Activating conda environment: /Users/leonorschubert/Desktop/Aramis/ETH/Bachelor Thesis/Code/.snakemake/conda/94172ea4
[Wed Jun 12 12:16:21 2019]
Finished job 46.
13 of 53 steps (25%) done

[Wed Jun 12 12:16:21 2019]
rule zipMutations:
    input: Data/Mutations/sortedMutations5_3.vcf
    output: Data/Mutations/sortedMutations5_3.vcf.gz
    jobid: 29
    wildcards: treename=5, sample=3

Activating conda environment: /Users/leonorschubert/Desktop/Aramis/ETH/Bachelor Thesis/Code/.snakemake/conda/94172ea4
Removing temporary output file Data/Mutations/sortedMutations5_3.vcf.
[Wed Jun 12 12:16:21 2019]
Finished job 29.
14 of 53 steps (26%) done

[Wed Jun 12 12:16:21 2019]
rule indexMutations:
    input: Data/Mutations/sortedMutations5_3.vcf.gz
    output: Data/Mutations/sortedMutations5_3.vcf.gz.tbi
    jobid: 30
    wildcards: treename=5, sample=3

Activating conda environment: /Users/leonorschubert/Desktop/Aramis/ETH/Bachelor Thesis/Code/.snakemake/conda/94172ea4
[Wed Jun 12 12:16:21 2019]
Finished job 30.
15 of 53 steps (28%) done

[Wed Jun 12 12:16:21 2019]
rule insertMutations:
    input: Data/Mutations/sortedMutations5_3.vcf.gz, Data/Mutations/sortedMutations5_3.vcf.gz.tbi
    output: Data/Mutations/InsertedMutations5_3.fa
    jobid: 15
    wildcards: treename=5, sample=3

Activating conda environment: /Users/leonorschubert/Desktop/Aramis/ETH/Bachelor Thesis/Code/.snakemake/conda/94172ea4
Removing temporary output file Data/Mutations/sortedMutations5_3.vcf.gz.
Removing temporary output file Data/Mutations/sortedMutations5_3.vcf.gz.tbi.
[Wed Jun 12 12:16:22 2019]
Finished job 15.
16 of 53 steps (30%) done

[Wed Jun 12 12:16:22 2019]
rule simulateReads:
    input: Data/Mutations/InsertedMutations5_3.fa
    output: results/simulatedAmplification_Tree5_Allel3_1.fq, results/simulatedAmplification_Tree5_Allel3_2.fq
    jobid: 4
    wildcards: treename=5, sample=3

Conda environment defines Python version < 3.5. Using Python of the master process to execute script. Note that this cannot be avoided, because the script uses data structures from Snakemake which are Python >=3.5 only.
Activating conda environment: /Users/leonorschubert/Desktop/Aramis/ETH/Bachelor Thesis/Code/.snakemake/conda/8237f946
[Wed Jun 12 12:16:23 2019]
Finished job 4.
17 of 53 steps (32%) done

[Wed Jun 12 12:16:23 2019]
rule sortMutations:
    input: Data/Mutations/Mutations5_2.vcf
    output: Data/Mutations/sortedMutations5_2.vcf
    jobid: 45
    wildcards: treename=5, sample=2

Activating conda environment: /Users/leonorschubert/Desktop/Aramis/ETH/Bachelor Thesis/Code/.snakemake/conda/94172ea4
[Wed Jun 12 12:16:23 2019]
Finished job 45.
18 of 53 steps (34%) done

[Wed Jun 12 12:16:23 2019]
rule zipMutations:
    input: Data/Mutations/sortedMutations5_2.vcf
    output: Data/Mutations/sortedMutations5_2.vcf.gz
    jobid: 27
    wildcards: treename=5, sample=2

Activating conda environment: /Users/leonorschubert/Desktop/Aramis/ETH/Bachelor Thesis/Code/.snakemake/conda/94172ea4
Removing temporary output file Data/Mutations/sortedMutations5_2.vcf.
[Wed Jun 12 12:16:23 2019]
Finished job 27.
19 of 53 steps (36%) done

[Wed Jun 12 12:16:23 2019]
rule indexMutations:
    input: Data/Mutations/sortedMutations5_2.vcf.gz
    output: Data/Mutations/sortedMutations5_2.vcf.gz.tbi
    jobid: 28
    wildcards: treename=5, sample=2

Activating conda environment: /Users/leonorschubert/Desktop/Aramis/ETH/Bachelor Thesis/Code/.snakemake/conda/94172ea4
[Wed Jun 12 12:16:24 2019]
Finished job 28.
20 of 53 steps (38%) done

[Wed Jun 12 12:16:24 2019]
rule insertMutations:
    input: Data/Mutations/sortedMutations5_2.vcf.gz, Data/Mutations/sortedMutations5_2.vcf.gz.tbi
    output: Data/Mutations/InsertedMutations5_2.fa
    jobid: 14
    wildcards: treename=5, sample=2

Activating conda environment: /Users/leonorschubert/Desktop/Aramis/ETH/Bachelor Thesis/Code/.snakemake/conda/94172ea4
Removing temporary output file Data/Mutations/sortedMutations5_2.vcf.gz.
Removing temporary output file Data/Mutations/sortedMutations5_2.vcf.gz.tbi.
[Wed Jun 12 12:16:24 2019]
Finished job 14.
21 of 53 steps (40%) done

[Wed Jun 12 12:16:24 2019]
rule simulateReads:
    input: Data/Mutations/InsertedMutations5_2.fa
    output: results/simulatedAmplification_Tree5_Allel2_1.fq, results/simulatedAmplification_Tree5_Allel2_2.fq
    jobid: 3
    wildcards: treename=5, sample=2

Conda environment defines Python version < 3.5. Using Python of the master process to execute script. Note that this cannot be avoided, because the script uses data structures from Snakemake which are Python >=3.5 only.
Activating conda environment: /Users/leonorschubert/Desktop/Aramis/ETH/Bachelor Thesis/Code/.snakemake/conda/8237f946
[Wed Jun 12 12:16:25 2019]
Finished job 3.
22 of 53 steps (42%) done

[Wed Jun 12 12:16:25 2019]
rule sortMutations:
    input: Data/Mutations/Mutations5_7.vcf
    output: Data/Mutations/sortedMutations5_7.vcf
    jobid: 50
    wildcards: treename=5, sample=7

Activating conda environment: /Users/leonorschubert/Desktop/Aramis/ETH/Bachelor Thesis/Code/.snakemake/conda/94172ea4
[Wed Jun 12 12:16:25 2019]
Finished job 50.
23 of 53 steps (43%) done

[Wed Jun 12 12:16:25 2019]
rule zipMutations:
    input: Data/Mutations/sortedMutations5_7.vcf
    output: Data/Mutations/sortedMutations5_7.vcf.gz
    jobid: 37
    wildcards: treename=5, sample=7

Activating conda environment: /Users/leonorschubert/Desktop/Aramis/ETH/Bachelor Thesis/Code/.snakemake/conda/94172ea4
Removing temporary output file Data/Mutations/sortedMutations5_7.vcf.
[Wed Jun 12 12:16:26 2019]
Finished job 37.
24 of 53 steps (45%) done

[Wed Jun 12 12:16:26 2019]
rule indexMutations:
    input: Data/Mutations/sortedMutations5_7.vcf.gz
    output: Data/Mutations/sortedMutations5_7.vcf.gz.tbi
    jobid: 38
    wildcards: treename=5, sample=7

Activating conda environment: /Users/leonorschubert/Desktop/Aramis/ETH/Bachelor Thesis/Code/.snakemake/conda/94172ea4
[Wed Jun 12 12:16:26 2019]
Finished job 38.
25 of 53 steps (47%) done

[Wed Jun 12 12:16:26 2019]
rule insertMutations:
    input: Data/Mutations/sortedMutations5_7.vcf.gz, Data/Mutations/sortedMutations5_7.vcf.gz.tbi
    output: Data/Mutations/InsertedMutations5_7.fa
    jobid: 19
    wildcards: treename=5, sample=7

Activating conda environment: /Users/leonorschubert/Desktop/Aramis/ETH/Bachelor Thesis/Code/.snakemake/conda/94172ea4
Removing temporary output file Data/Mutations/sortedMutations5_7.vcf.gz.
Removing temporary output file Data/Mutations/sortedMutations5_7.vcf.gz.tbi.
[Wed Jun 12 12:16:26 2019]
Finished job 19.
26 of 53 steps (49%) done

[Wed Jun 12 12:16:26 2019]
rule simulateReads:
    input: Data/Mutations/InsertedMutations5_7.fa
    output: results/simulatedAmplification_Tree5_Allel7_1.fq, results/simulatedAmplification_Tree5_Allel7_2.fq
    jobid: 8
    wildcards: treename=5, sample=7

Conda environment defines Python version < 3.5. Using Python of the master process to execute script. Note that this cannot be avoided, because the script uses data structures from Snakemake which are Python >=3.5 only.
Activating conda environment: /Users/leonorschubert/Desktop/Aramis/ETH/Bachelor Thesis/Code/.snakemake/conda/8237f946
[Wed Jun 12 12:16:27 2019]
Finished job 8.
27 of 53 steps (51%) done

[Wed Jun 12 12:16:27 2019]
rule sortMutations:
    input: Data/Mutations/Mutations5_9.vcf
    output: Data/Mutations/sortedMutations5_9.vcf
    jobid: 52
    wildcards: treename=5, sample=9

Activating conda environment: /Users/leonorschubert/Desktop/Aramis/ETH/Bachelor Thesis/Code/.snakemake/conda/94172ea4
[Wed Jun 12 12:16:28 2019]
Finished job 52.
28 of 53 steps (53%) done

[Wed Jun 12 12:16:28 2019]
rule zipMutations:
    input: Data/Mutations/sortedMutations5_9.vcf
    output: Data/Mutations/sortedMutations5_9.vcf.gz
    jobid: 41
    wildcards: treename=5, sample=9

Activating conda environment: /Users/leonorschubert/Desktop/Aramis/ETH/Bachelor Thesis/Code/.snakemake/conda/94172ea4
Removing temporary output file Data/Mutations/sortedMutations5_9.vcf.
[Wed Jun 12 12:16:28 2019]
Finished job 41.
29 of 53 steps (55%) done

[Wed Jun 12 12:16:28 2019]
rule indexMutations:
    input: Data/Mutations/sortedMutations5_9.vcf.gz
    output: Data/Mutations/sortedMutations5_9.vcf.gz.tbi
    jobid: 42
    wildcards: treename=5, sample=9

Activating conda environment: /Users/leonorschubert/Desktop/Aramis/ETH/Bachelor Thesis/Code/.snakemake/conda/94172ea4
[Wed Jun 12 12:16:28 2019]
Finished job 42.
30 of 53 steps (57%) done

[Wed Jun 12 12:16:28 2019]
rule insertMutations:
    input: Data/Mutations/sortedMutations5_9.vcf.gz, Data/Mutations/sortedMutations5_9.vcf.gz.tbi
    output: Data/Mutations/InsertedMutations5_9.fa
    jobid: 21
    wildcards: treename=5, sample=9

Activating conda environment: /Users/leonorschubert/Desktop/Aramis/ETH/Bachelor Thesis/Code/.snakemake/conda/94172ea4
Removing temporary output file Data/Mutations/sortedMutations5_9.vcf.gz.
Removing temporary output file Data/Mutations/sortedMutations5_9.vcf.gz.tbi.
[Wed Jun 12 12:16:28 2019]
Finished job 21.
31 of 53 steps (58%) done

[Wed Jun 12 12:16:28 2019]
rule simulateReads:
    input: Data/Mutations/InsertedMutations5_9.fa
    output: results/simulatedAmplification_Tree5_Allel9_1.fq, results/simulatedAmplification_Tree5_Allel9_2.fq
    jobid: 10
    wildcards: treename=5, sample=9

Conda environment defines Python version < 3.5. Using Python of the master process to execute script. Note that this cannot be avoided, because the script uses data structures from Snakemake which are Python >=3.5 only.
Activating conda environment: /Users/leonorschubert/Desktop/Aramis/ETH/Bachelor Thesis/Code/.snakemake/conda/8237f946
[Wed Jun 12 12:16:30 2019]
Finished job 10.
32 of 53 steps (60%) done

[Wed Jun 12 12:16:30 2019]
rule sortMutations:
    input: Data/Mutations/Mutations5_8.vcf
    output: Data/Mutations/sortedMutations5_8.vcf
    jobid: 51
    wildcards: treename=5, sample=8

Activating conda environment: /Users/leonorschubert/Desktop/Aramis/ETH/Bachelor Thesis/Code/.snakemake/conda/94172ea4
[Wed Jun 12 12:16:30 2019]
Finished job 51.
33 of 53 steps (62%) done

[Wed Jun 12 12:16:30 2019]
rule zipMutations:
    input: Data/Mutations/sortedMutations5_8.vcf
    output: Data/Mutations/sortedMutations5_8.vcf.gz
    jobid: 39
    wildcards: treename=5, sample=8

Activating conda environment: /Users/leonorschubert/Desktop/Aramis/ETH/Bachelor Thesis/Code/.snakemake/conda/94172ea4
Removing temporary output file Data/Mutations/sortedMutations5_8.vcf.
[Wed Jun 12 12:16:30 2019]
Finished job 39.
34 of 53 steps (64%) done

[Wed Jun 12 12:16:30 2019]
rule indexMutations:
    input: Data/Mutations/sortedMutations5_8.vcf.gz
    output: Data/Mutations/sortedMutations5_8.vcf.gz.tbi
    jobid: 40
    wildcards: treename=5, sample=8

Activating conda environment: /Users/leonorschubert/Desktop/Aramis/ETH/Bachelor Thesis/Code/.snakemake/conda/94172ea4
[Wed Jun 12 12:16:30 2019]
Finished job 40.
35 of 53 steps (66%) done

[Wed Jun 12 12:16:30 2019]
rule insertMutations:
    input: Data/Mutations/sortedMutations5_8.vcf.gz, Data/Mutations/sortedMutations5_8.vcf.gz.tbi
    output: Data/Mutations/InsertedMutations5_8.fa
    jobid: 20
    wildcards: treename=5, sample=8

Activating conda environment: /Users/leonorschubert/Desktop/Aramis/ETH/Bachelor Thesis/Code/.snakemake/conda/94172ea4
Removing temporary output file Data/Mutations/sortedMutations5_8.vcf.gz.
Removing temporary output file Data/Mutations/sortedMutations5_8.vcf.gz.tbi.
[Wed Jun 12 12:16:31 2019]
Finished job 20.
36 of 53 steps (68%) done

[Wed Jun 12 12:16:31 2019]
rule simulateReads:
    input: Data/Mutations/InsertedMutations5_8.fa
    output: results/simulatedAmplification_Tree5_Allel8_1.fq, results/simulatedAmplification_Tree5_Allel8_2.fq
    jobid: 9
    wildcards: treename=5, sample=8

Conda environment defines Python version < 3.5. Using Python of the master process to execute script. Note that this cannot be avoided, because the script uses data structures from Snakemake which are Python >=3.5 only.
Activating conda environment: /Users/leonorschubert/Desktop/Aramis/ETH/Bachelor Thesis/Code/.snakemake/conda/8237f946
[Wed Jun 12 12:16:32 2019]
Finished job 9.
37 of 53 steps (70%) done

[Wed Jun 12 12:16:32 2019]
rule sortMutations:
    input: Data/Mutations/Mutations5_1.vcf
    output: Data/Mutations/sortedMutations5_1.vcf
    jobid: 44
    wildcards: treename=5, sample=1

Activating conda environment: /Users/leonorschubert/Desktop/Aramis/ETH/Bachelor Thesis/Code/.snakemake/conda/94172ea4
[Wed Jun 12 12:16:32 2019]
Finished job 44.
38 of 53 steps (72%) done

[Wed Jun 12 12:16:32 2019]
rule zipMutations:
    input: Data/Mutations/sortedMutations5_1.vcf
    output: Data/Mutations/sortedMutations5_1.vcf.gz
    jobid: 25
    wildcards: treename=5, sample=1

Activating conda environment: /Users/leonorschubert/Desktop/Aramis/ETH/Bachelor Thesis/Code/.snakemake/conda/94172ea4
Removing temporary output file Data/Mutations/sortedMutations5_1.vcf.
[Wed Jun 12 12:16:32 2019]
Finished job 25.
39 of 53 steps (74%) done

[Wed Jun 12 12:16:32 2019]
rule indexMutations:
    input: Data/Mutations/sortedMutations5_1.vcf.gz
    output: Data/Mutations/sortedMutations5_1.vcf.gz.tbi
    jobid: 26
    wildcards: treename=5, sample=1

Activating conda environment: /Users/leonorschubert/Desktop/Aramis/ETH/Bachelor Thesis/Code/.snakemake/conda/94172ea4
[Wed Jun 12 12:16:33 2019]
Finished job 26.
40 of 53 steps (75%) done

[Wed Jun 12 12:16:33 2019]
rule insertMutations:
    input: Data/Mutations/sortedMutations5_1.vcf.gz, Data/Mutations/sortedMutations5_1.vcf.gz.tbi
    output: Data/Mutations/InsertedMutations5_1.fa
    jobid: 13
    wildcards: treename=5, sample=1

Activating conda environment: /Users/leonorschubert/Desktop/Aramis/ETH/Bachelor Thesis/Code/.snakemake/conda/94172ea4
Removing temporary output file Data/Mutations/sortedMutations5_1.vcf.gz.
Removing temporary output file Data/Mutations/sortedMutations5_1.vcf.gz.tbi.
[Wed Jun 12 12:16:33 2019]
Finished job 13.
41 of 53 steps (77%) done

[Wed Jun 12 12:16:33 2019]
rule simulateReads:
    input: Data/Mutations/InsertedMutations5_1.fa
    output: results/simulatedAmplification_Tree5_Allel1_1.fq, results/simulatedAmplification_Tree5_Allel1_2.fq
    jobid: 2
    wildcards: treename=5, sample=1

Conda environment defines Python version < 3.5. Using Python of the master process to execute script. Note that this cannot be avoided, because the script uses data structures from Snakemake which are Python >=3.5 only.
Activating conda environment: /Users/leonorschubert/Desktop/Aramis/ETH/Bachelor Thesis/Code/.snakemake/conda/8237f946
[Wed Jun 12 12:16:34 2019]
Finished job 2.
42 of 53 steps (79%) done

[Wed Jun 12 12:16:34 2019]
rule sortMutations:
    input: Data/Mutations/Mutations5_4.vcf
    output: Data/Mutations/sortedMutations5_4.vcf
    jobid: 47
    wildcards: treename=5, sample=4

Activating conda environment: /Users/leonorschubert/Desktop/Aramis/ETH/Bachelor Thesis/Code/.snakemake/conda/94172ea4
[Wed Jun 12 12:16:34 2019]
Finished job 47.
43 of 53 steps (81%) done

[Wed Jun 12 12:16:34 2019]
rule zipMutations:
    input: Data/Mutations/sortedMutations5_4.vcf
    output: Data/Mutations/sortedMutations5_4.vcf.gz
    jobid: 31
    wildcards: treename=5, sample=4

Activating conda environment: /Users/leonorschubert/Desktop/Aramis/ETH/Bachelor Thesis/Code/.snakemake/conda/94172ea4
Removing temporary output file Data/Mutations/sortedMutations5_4.vcf.
[Wed Jun 12 12:16:35 2019]
Finished job 31.
44 of 53 steps (83%) done

[Wed Jun 12 12:16:35 2019]
rule indexMutations:
    input: Data/Mutations/sortedMutations5_4.vcf.gz
    output: Data/Mutations/sortedMutations5_4.vcf.gz.tbi
    jobid: 32
    wildcards: treename=5, sample=4

Activating conda environment: /Users/leonorschubert/Desktop/Aramis/ETH/Bachelor Thesis/Code/.snakemake/conda/94172ea4
[Wed Jun 12 12:16:35 2019]
Finished job 32.
45 of 53 steps (85%) done

[Wed Jun 12 12:16:35 2019]
rule insertMutations:
    input: Data/Mutations/sortedMutations5_4.vcf.gz, Data/Mutations/sortedMutations5_4.vcf.gz.tbi
    output: Data/Mutations/InsertedMutations5_4.fa
    jobid: 16
    wildcards: treename=5, sample=4

Activating conda environment: /Users/leonorschubert/Desktop/Aramis/ETH/Bachelor Thesis/Code/.snakemake/conda/94172ea4
Removing temporary output file Data/Mutations/sortedMutations5_4.vcf.gz.
Removing temporary output file Data/Mutations/sortedMutations5_4.vcf.gz.tbi.
[Wed Jun 12 12:16:35 2019]
Finished job 16.
46 of 53 steps (87%) done

[Wed Jun 12 12:16:35 2019]
rule simulateReads:
    input: Data/Mutations/InsertedMutations5_4.fa
    output: results/simulatedAmplification_Tree5_Allel4_1.fq, results/simulatedAmplification_Tree5_Allel4_2.fq
    jobid: 5
    wildcards: treename=5, sample=4

Conda environment defines Python version < 3.5. Using Python of the master process to execute script. Note that this cannot be avoided, because the script uses data structures from Snakemake which are Python >=3.5 only.
Activating conda environment: /Users/leonorschubert/Desktop/Aramis/ETH/Bachelor Thesis/Code/.snakemake/conda/8237f946
[Wed Jun 12 12:16:36 2019]
Finished job 5.
47 of 53 steps (89%) done

[Wed Jun 12 12:16:36 2019]
rule sortMutations:
    input: Data/Mutations/Mutations5_0.vcf
    output: Data/Mutations/sortedMutations5_0.vcf
    jobid: 43
    wildcards: treename=5, sample=0

Activating conda environment: /Users/leonorschubert/Desktop/Aramis/ETH/Bachelor Thesis/Code/.snakemake/conda/94172ea4
[Wed Jun 12 12:16:37 2019]
Finished job 43.
48 of 53 steps (91%) done

[Wed Jun 12 12:16:37 2019]
rule zipMutations:
    input: Data/Mutations/sortedMutations5_0.vcf
    output: Data/Mutations/sortedMutations5_0.vcf.gz
    jobid: 23
    wildcards: treename=5, sample=0

Activating conda environment: /Users/leonorschubert/Desktop/Aramis/ETH/Bachelor Thesis/Code/.snakemake/conda/94172ea4
Removing temporary output file Data/Mutations/sortedMutations5_0.vcf.
[Wed Jun 12 12:16:37 2019]
Finished job 23.
49 of 53 steps (92%) done

[Wed Jun 12 12:16:37 2019]
rule indexMutations:
    input: Data/Mutations/sortedMutations5_0.vcf.gz
    output: Data/Mutations/sortedMutations5_0.vcf.gz.tbi
    jobid: 24
    wildcards: treename=5, sample=0

Activating conda environment: /Users/leonorschubert/Desktop/Aramis/ETH/Bachelor Thesis/Code/.snakemake/conda/94172ea4
[Wed Jun 12 12:16:37 2019]
Finished job 24.
50 of 53 steps (94%) done

[Wed Jun 12 12:16:37 2019]
rule insertMutations:
    input: Data/Mutations/sortedMutations5_0.vcf.gz, Data/Mutations/sortedMutations5_0.vcf.gz.tbi
    output: Data/Mutations/InsertedMutations5_0.fa
    jobid: 12
    wildcards: treename=5, sample=0

Activating conda environment: /Users/leonorschubert/Desktop/Aramis/ETH/Bachelor Thesis/Code/.snakemake/conda/94172ea4
Removing temporary output file Data/Mutations/sortedMutations5_0.vcf.gz.
Removing temporary output file Data/Mutations/sortedMutations5_0.vcf.gz.tbi.
[Wed Jun 12 12:16:37 2019]
Finished job 12.
51 of 53 steps (96%) done

[Wed Jun 12 12:16:37 2019]
rule simulateReads:
    input: Data/Mutations/InsertedMutations5_0.fa
    output: results/simulatedAmplification_Tree5_Allel0_1.fq, results/simulatedAmplification_Tree5_Allel0_2.fq
    jobid: 1
    wildcards: treename=5, sample=0

Conda environment defines Python version < 3.5. Using Python of the master process to execute script. Note that this cannot be avoided, because the script uses data structures from Snakemake which are Python >=3.5 only.
Activating conda environment: /Users/leonorschubert/Desktop/Aramis/ETH/Bachelor Thesis/Code/.snakemake/conda/8237f946
[Wed Jun 12 12:16:39 2019]
Finished job 1.
52 of 53 steps (98%) done

[Wed Jun 12 12:16:39 2019]
rule SingleCellReadSimulator:
    input: results/simulatedAmplification_Tree5_Allel0_1.fq, results/simulatedAmplification_Tree5_Allel1_1.fq, results/simulatedAmplification_Tree5_Allel2_1.fq, results/simulatedAmplification_Tree5_Allel3_1.fq, results/simulatedAmplification_Tree5_Allel4_1.fq, results/simulatedAmplification_Tree5_Allel5_1.fq, results/simulatedAmplification_Tree5_Allel6_1.fq, results/simulatedAmplification_Tree5_Allel7_1.fq, results/simulatedAmplification_Tree5_Allel8_1.fq, results/simulatedAmplification_Tree5_Allel9_1.fq, results/simulatedAmplification_Tree5_Allel0_2.fq, results/simulatedAmplification_Tree5_Allel1_2.fq, results/simulatedAmplification_Tree5_Allel2_2.fq, results/simulatedAmplification_Tree5_Allel3_2.fq, results/simulatedAmplification_Tree5_Allel4_2.fq, results/simulatedAmplification_Tree5_Allel5_2.fq, results/simulatedAmplification_Tree5_Allel6_2.fq, results/simulatedAmplification_Tree5_Allel7_2.fq, results/simulatedAmplification_Tree5_Allel8_2.fq, results/simulatedAmplification_Tree5_Allel9_2.fq, Data/Trees/Graph5.pdf
    output: results/SingleCellReadSimulator5.txt
    jobid: 0
    wildcards: treename=5

[Wed Jun 12 12:16:39 2019]
Finished job 0.
53 of 53 steps (100%) done
Complete log: /Users/leonorschubert/Desktop/Aramis/ETH/Bachelor Thesis/Code/.snakemake/log/2019-06-12T121614.254373.snakemake.log
