Building DAG of jobs...
Using shell: /bin/bash
Provided cores: 1
Rules claiming more threads will be scaled down.
Job counts:
	count	jobs
	1	generateBinaryTree
	1

[Tue Mar 12 14:59:19 2019]
rule generateBinaryTree:
    output: Data/Trees/binaryTree1000.py
    jobid: 0
    wildcards: treename=1000

Waiting at most 5 seconds for missing files.
MissingOutputException in line 7 of /Users/leonorschubert/Desktop/Aramis/ETH/Bachelor Thesis/Code/Snakefile:
Missing files after 5 seconds:
Data/Trees/binaryTree1000.py
This might be due to filesystem latency. If that is the case, consider to increase the wait time with --latency-wait.
Shutting down, this might take some time.
Exiting because a job execution failed. Look above for error message
Complete log: /Users/leonorschubert/Desktop/Aramis/ETH/Bachelor Thesis/Code/.snakemake/log/2019-03-12T145918.968129.snakemake.log
