Building DAG of jobs...
Using shell: /bin/bash
Provided cores: 1
Rules claiming more threads will be scaled down.
Job counts:
	count	jobs
	1	generateBinaryTree
	1

[Wed Feb 27 11:45:23 2019]
rule generateBinaryTree:
    output: Trees/binaryTree10000.py
    jobid: 0
    wildcards: treename=10000

[Wed Feb 27 11:45:23 2019]
Error in rule generateBinaryTree:
    jobid: 0
    output: Trees/binaryTree10000.py

RuleException:
WorkflowError in line 10 of /Users/leonorschubert/Desktop/Aramis/ETH/Bachelor Thesis/Code/Snakefile:
URLError: <urlopen error [Errno 2] No such file or directory: '/Users/leonorschubert/Desktop/Aramis/ETH/Bachelor Thesis/Code/scripts/generateBinaryTree.py'>
  File "/Users/leonorschubert/Desktop/Aramis/ETH/Bachelor Thesis/Code/Snakefile", line 10, in __rule_generateBinaryTree
  File "/usr/local/Cellar/python/3.7.2_2/Frameworks/Python.framework/Versions/3.7/lib/python3.7/concurrent/futures/thread.py", line 57, in run
Shutting down, this might take some time.
Exiting because a job execution failed. Look above for error message
Complete log: /Users/leonorschubert/Desktop/Aramis/ETH/Bachelor Thesis/Code/.snakemake/log/2019-02-27T114523.715626.snakemake.log
