Building DAG of jobs...
Using shell: /bin/bash
Provided cores: 1
Rules claiming more threads will be scaled down.
Job counts:
	count	jobs
	1	SingleCellReadSimulator
	1	convertFilesToSamtools
	1	createGermlineMutations
	1	createHeterozygousMutations
	1	generateBinaryTree
	1	insertGermlineMutations
	1	insertHeterozygousMutations
	1	sampleSimulationData
	1	simulateMDAAmplificationErrors
	1	simulateReads
	1	splitGenomIntoSegments
	11

[Tue Mar 19 16:56:15 2019]
rule createGermlineMutations:
    input: Data/ReferenceData/ReferenceGenomeChromosome_18.fa, Data/ReferenceData/MetaDataFrame.vcf
    output: Data/Mutations/GermlineMutations1000Allel1.vcf, Data/Mutations/GermlineMutations1000Allel2.vcf
    jobid: 10
    wildcards: treename=1000

[Tue Mar 19 16:56:15 2019]
Error in rule createGermlineMutations:
    jobid: 10
    output: Data/Mutations/GermlineMutations1000Allel1.vcf, Data/Mutations/GermlineMutations1000Allel2.vcf

RuleException:
CalledProcessError in line 32 of /Users/leonorschubert/Desktop/Aramis/ETH/Bachelor Thesis/Code/Snakefile:
Command 'set -euo pipefail;  /usr/local/opt/python/bin/python3.7 '/Users/leonorschubert/Desktop/Aramis/ETH/Bachelor Thesis/Code/.snakemake/scripts/tmpyy4x9jeh.createGermlineMutations.py'' returned non-zero exit status 1.
  File "/Users/leonorschubert/Desktop/Aramis/ETH/Bachelor Thesis/Code/Snakefile", line 32, in __rule_createGermlineMutations
  File "/usr/local/Cellar/python/3.7.2_2/Frameworks/Python.framework/Versions/3.7/lib/python3.7/concurrent/futures/thread.py", line 57, in run
Shutting down, this might take some time.
Exiting because a job execution failed. Look above for error message
Complete log: /Users/leonorschubert/Desktop/Aramis/ETH/Bachelor Thesis/Code/.snakemake/log/2019-03-19T165615.663182.snakemake.log
