Building DAG of jobs...
Using shell: /bin/bash
Provided cores: 1
Rules claiming more threads will be scaled down.
Job counts:
	count	jobs
	1	SingleCellReadSimulator
	1	createGermlineMutations
	1	createMutations
	8	indexMutations
	8	insertMutations
	8	simulateReads
	8	sortMutations
	8	zipMutations
	43

[Thu Jun 13 18:05:53 2019]
rule createGermlineMutations:
    output: Data/Mutations/GermlineMutationsTest_Allel1.vcf, Data/Mutations/GermlineMutationsTest_Allel2.vcf
    jobid: 44
    wildcards: treename=Test

Conda environment defines Python version < 3.5. Using Python of the master process to execute script. Note that this cannot be avoided, because the script uses data structures from Snakemake which are Python >=3.5 only.
Activating conda environment: /Users/leonorschubert/Desktop/Aramis/ETH/Bachelor Thesis/Code/.snakemake/conda/0e93af34
[Thu Jun 13 18:05:57 2019]
Finished job 44.
1 of 43 steps (2%) done

[Thu Jun 13 18:05:57 2019]
rule createMutations:
    input: Data/Trees/binaryTreeTest.txt, Data/Mutations/GermlineMutationsTest_Allel1.vcf, Data/Mutations/GermlineMutationsTest_Allel2.vcf
    output: Data/Mutations/MutationsTest_0.vcf, Data/Mutations/MutationsTest_1.vcf, Data/Mutations/MutationsTest_2.vcf, Data/Mutations/MutationsTest_3.vcf, Data/Mutations/MutationsTest_4.vcf, Data/Mutations/MutationsTest_5.vcf, Data/Mutations/MutationsTest_6.vcf, Data/Mutations/MutationsTest_7.vcf
    jobid: 43
    wildcards: treename=Test

Conda environment defines Python version < 3.5. Using Python of the master process to execute script. Note that this cannot be avoided, because the script uses data structures from Snakemake which are Python >=3.5 only.
Activating conda environment: /Users/leonorschubert/Desktop/Aramis/ETH/Bachelor Thesis/Code/.snakemake/conda/2621666e
[Thu Jun 13 18:06:00 2019]
Error in rule createMutations:
    jobid: 43
    output: Data/Mutations/MutationsTest_0.vcf, Data/Mutations/MutationsTest_1.vcf, Data/Mutations/MutationsTest_2.vcf, Data/Mutations/MutationsTest_3.vcf, Data/Mutations/MutationsTest_4.vcf, Data/Mutations/MutationsTest_5.vcf, Data/Mutations/MutationsTest_6.vcf, Data/Mutations/MutationsTest_7.vcf
    conda-env: /Users/leonorschubert/Desktop/Aramis/ETH/Bachelor Thesis/Code/.snakemake/conda/2621666e

RuleException:
CalledProcessError in line 75 of /Users/leonorschubert/Desktop/Aramis/ETH/Bachelor Thesis/Code/Snakefile:
Command 'source activate '/Users/leonorschubert/Desktop/Aramis/ETH/Bachelor Thesis/Code/.snakemake/conda/2621666e'; set -euo pipefail;  /usr/local/opt/python/bin/python3.7 '/Users/leonorschubert/Desktop/Aramis/ETH/Bachelor Thesis/Code/.snakemake/scripts/tmpav6m78ww.createMutationsFromTree.py'' returned non-zero exit status 1.
  File "/Users/leonorschubert/Desktop/Aramis/ETH/Bachelor Thesis/Code/Snakefile", line 75, in __rule_createMutations
  File "/usr/local/Cellar/python/3.7.3/Frameworks/Python.framework/Versions/3.7/lib/python3.7/concurrent/futures/thread.py", line 57, in run
Shutting down, this might take some time.
Exiting because a job execution failed. Look above for error message
Complete log: /Users/leonorschubert/Desktop/Aramis/ETH/Bachelor Thesis/Code/.snakemake/log/2019-06-13T180552.817747.snakemake.log
