Building DAG of jobs...
Creating conda environment envs/environment5.yaml...
Downloading remote packages.
Environment for envs/environment5.yaml created (location: .snakemake/conda/ce9f6cdb)
Using shell: /bin/bash
Provided cores: 1
Rules claiming more threads will be scaled down.
Job counts:
	count	jobs
	1	SingleCellReadSimulator
	8	simulateReads
	9

[Tue Jun 11 15:00:26 2019]
rule simulateReads:
    input: Data/Mutations/InsertedMutations4_7.fa
    output: Data/MDASimulation/amplificationErrors4_7_1.fq, Data/MDASimulation/amplificationErrors4_7_2.fq
    jobid: 8
    wildcards: treename=4, sample=7

Conda environment defines Python version < 3.5. Using Python of the master process to execute script. Note that this cannot be avoided, because the script uses data structures from Snakemake which are Python >=3.5 only.
Activating conda environment: /Users/leonorschubert/Desktop/Aramis/ETH/Bachelor Thesis/Code/.snakemake/conda/ce9f6cdb
[Tue Jun 11 15:00:28 2019]
Error in rule simulateReads:
    jobid: 8
    output: Data/MDASimulation/amplificationErrors4_7_1.fq, Data/MDASimulation/amplificationErrors4_7_2.fq
    conda-env: /Users/leonorschubert/Desktop/Aramis/ETH/Bachelor Thesis/Code/.snakemake/conda/ce9f6cdb

RuleException:
CalledProcessError in line 141 of /Users/leonorschubert/Desktop/Aramis/ETH/Bachelor Thesis/Code/Snakefile:
Command 'source activate '/Users/leonorschubert/Desktop/Aramis/ETH/Bachelor Thesis/Code/.snakemake/conda/ce9f6cdb'; set -euo pipefail;  /usr/local/opt/python/bin/python3.7 '/Users/leonorschubert/Desktop/Aramis/ETH/Bachelor Thesis/Code/.snakemake/scripts/tmpz5077hpc.ARTSimulation.py'' returned non-zero exit status 1.
  File "/Users/leonorschubert/Desktop/Aramis/ETH/Bachelor Thesis/Code/Snakefile", line 141, in __rule_simulateReads
  File "/usr/local/Cellar/python/3.7.3/Frameworks/Python.framework/Versions/3.7/lib/python3.7/concurrent/futures/thread.py", line 57, in run
Shutting down, this might take some time.
Exiting because a job execution failed. Look above for error message
Complete log: /Users/leonorschubert/Desktop/Aramis/ETH/Bachelor Thesis/Code/.snakemake/log/2019-06-11T145723.161975.snakemake.log
