Building DAG of jobs...
Using shell: /bin/bash
Provided cores: 1
Rules claiming more threads will be scaled down.
Job counts:
	count	jobs
	1	SingleCellReadSimulator
	1	createGermlineMutations
	1	createMutations
	1	generateBinaryTree
	10	indexMutations
	10	insertMutations
	1	plotBinaryTree
	10	simulateReads
	10	sortMutations
	10	zipMutations
	55

[Wed Jun 12 16:54:37 2019]
rule createGermlineMutations:
    output: Data/Mutations/GermlineMutationsTest_Allel1.vcf, Data/Mutations/GermlineMutationsTest_Allel2.vcf
    jobid: 54
    wildcards: treename=Test

Conda environment defines Python version < 3.5. Using Python of the master process to execute script. Note that this cannot be avoided, because the script uses data structures from Snakemake which are Python >=3.5 only.
Activating conda environment: /Users/leonorschubert/Desktop/Aramis/ETH/Bachelor Thesis/Code/.snakemake/conda/579dc3c7
[Wed Jun 12 16:54:38 2019]
Finished job 54.
1 of 55 steps (2%) done

[Wed Jun 12 16:54:38 2019]
rule generateBinaryTree:
    output: Data/Trees/binaryTreeTest.txt
    jobid: 22
    wildcards: treename=Test

Activating conda environment: /Users/leonorschubert/Desktop/Aramis/ETH/Bachelor Thesis/Code/.snakemake/conda/72b5c89d
[Wed Jun 12 16:54:40 2019]
Finished job 22.
2 of 55 steps (4%) done

[Wed Jun 12 16:54:40 2019]
rule createMutations:
    input: Data/Trees/binaryTreeTest.txt, Data/Mutations/GermlineMutationsTest_Allel1.vcf, Data/Mutations/GermlineMutationsTest_Allel2.vcf
    output: Data/Mutations/MutationsTest_0.vcf, Data/Mutations/MutationsTest_1.vcf, Data/Mutations/MutationsTest_2.vcf, Data/Mutations/MutationsTest_3.vcf, Data/Mutations/MutationsTest_4.vcf, Data/Mutations/MutationsTest_5.vcf, Data/Mutations/MutationsTest_6.vcf, Data/Mutations/MutationsTest_7.vcf, Data/Mutations/MutationsTest_8.vcf, Data/Mutations/MutationsTest_9.vcf
    jobid: 53
    wildcards: treename=Test

Conda environment defines Python version < 3.5. Using Python of the master process to execute script. Note that this cannot be avoided, because the script uses data structures from Snakemake which are Python >=3.5 only.
Activating conda environment: /Users/leonorschubert/Desktop/Aramis/ETH/Bachelor Thesis/Code/.snakemake/conda/47abf826
[Wed Jun 12 16:54:41 2019]
Finished job 53.
3 of 55 steps (5%) done

[Wed Jun 12 16:54:41 2019]
rule sortMutations:
    input: Data/Mutations/MutationsTest_5.vcf
    output: Data/Mutations/sortedMutationsTest_5.vcf
    jobid: 48
    wildcards: treename=Test, sample=5

Activating conda environment: /Users/leonorschubert/Desktop/Aramis/ETH/Bachelor Thesis/Code/.snakemake/conda/94172ea4
[Wed Jun 12 16:54:42 2019]
Finished job 48.
4 of 55 steps (7%) done

[Wed Jun 12 16:54:42 2019]
rule zipMutations:
    input: Data/Mutations/sortedMutationsTest_5.vcf
    output: Data/Mutations/sortedMutationsTest_5.vcf.gz
    jobid: 33
    wildcards: treename=Test, sample=5

Activating conda environment: /Users/leonorschubert/Desktop/Aramis/ETH/Bachelor Thesis/Code/.snakemake/conda/94172ea4
Removing temporary output file Data/Mutations/sortedMutationsTest_5.vcf.
[Wed Jun 12 16:54:42 2019]
Finished job 33.
5 of 55 steps (9%) done

[Wed Jun 12 16:54:42 2019]
rule indexMutations:
    input: Data/Mutations/sortedMutationsTest_5.vcf.gz
    output: Data/Mutations/sortedMutationsTest_5.vcf.gz.tbi
    jobid: 34
    wildcards: treename=Test, sample=5

Activating conda environment: /Users/leonorschubert/Desktop/Aramis/ETH/Bachelor Thesis/Code/.snakemake/conda/94172ea4
[Wed Jun 12 16:54:42 2019]
Finished job 34.
6 of 55 steps (11%) done

[Wed Jun 12 16:54:42 2019]
rule insertMutations:
    input: Data/Mutations/sortedMutationsTest_5.vcf.gz, Data/Mutations/sortedMutationsTest_5.vcf.gz.tbi
    output: Data/Mutations/InsertedMutationsTest_5.fa
    jobid: 17
    wildcards: treename=Test, sample=5

Activating conda environment: /Users/leonorschubert/Desktop/Aramis/ETH/Bachelor Thesis/Code/.snakemake/conda/94172ea4
Removing temporary output file Data/Mutations/sortedMutationsTest_5.vcf.gz.
Removing temporary output file Data/Mutations/sortedMutationsTest_5.vcf.gz.tbi.
[Wed Jun 12 16:54:42 2019]
Finished job 17.
7 of 55 steps (13%) done

[Wed Jun 12 16:54:42 2019]
rule simulateReads:
    input: Data/Mutations/InsertedMutationsTest_5.fa
    output: results/simulatedAmplification_Test_Allel5_1.fq, results/simulatedAmplification_Test_Allel5_2.fq
    jobid: 6
    wildcards: treename=Test, sample=5

Conda environment defines Python version < 3.5. Using Python of the master process to execute script. Note that this cannot be avoided, because the script uses data structures from Snakemake which are Python >=3.5 only.
Activating conda environment: /Users/leonorschubert/Desktop/Aramis/ETH/Bachelor Thesis/Code/.snakemake/conda/8237f946
[Wed Jun 12 16:54:44 2019]
Finished job 6.
8 of 55 steps (15%) done

[Wed Jun 12 16:54:44 2019]
rule sortMutations:
    input: Data/Mutations/MutationsTest_6.vcf
    output: Data/Mutations/sortedMutationsTest_6.vcf
    jobid: 49
    wildcards: treename=Test, sample=6

Activating conda environment: /Users/leonorschubert/Desktop/Aramis/ETH/Bachelor Thesis/Code/.snakemake/conda/94172ea4
[Wed Jun 12 16:54:45 2019]
Finished job 49.
9 of 55 steps (16%) done

[Wed Jun 12 16:54:45 2019]
rule zipMutations:
    input: Data/Mutations/sortedMutationsTest_6.vcf
    output: Data/Mutations/sortedMutationsTest_6.vcf.gz
    jobid: 35
    wildcards: treename=Test, sample=6

Activating conda environment: /Users/leonorschubert/Desktop/Aramis/ETH/Bachelor Thesis/Code/.snakemake/conda/94172ea4
Removing temporary output file Data/Mutations/sortedMutationsTest_6.vcf.
[Wed Jun 12 16:54:45 2019]
Finished job 35.
10 of 55 steps (18%) done

[Wed Jun 12 16:54:45 2019]
rule indexMutations:
    input: Data/Mutations/sortedMutationsTest_6.vcf.gz
    output: Data/Mutations/sortedMutationsTest_6.vcf.gz.tbi
    jobid: 36
    wildcards: treename=Test, sample=6

Activating conda environment: /Users/leonorschubert/Desktop/Aramis/ETH/Bachelor Thesis/Code/.snakemake/conda/94172ea4
[Wed Jun 12 16:54:45 2019]
Finished job 36.
11 of 55 steps (20%) done

[Wed Jun 12 16:54:45 2019]
rule insertMutations:
    input: Data/Mutations/sortedMutationsTest_6.vcf.gz, Data/Mutations/sortedMutationsTest_6.vcf.gz.tbi
    output: Data/Mutations/InsertedMutationsTest_6.fa
    jobid: 18
    wildcards: treename=Test, sample=6

Activating conda environment: /Users/leonorschubert/Desktop/Aramis/ETH/Bachelor Thesis/Code/.snakemake/conda/94172ea4
Removing temporary output file Data/Mutations/sortedMutationsTest_6.vcf.gz.
Removing temporary output file Data/Mutations/sortedMutationsTest_6.vcf.gz.tbi.
[Wed Jun 12 16:54:46 2019]
Finished job 18.
12 of 55 steps (22%) done

[Wed Jun 12 16:54:46 2019]
rule simulateReads:
    input: Data/Mutations/InsertedMutationsTest_6.fa
    output: results/simulatedAmplification_Test_Allel6_1.fq, results/simulatedAmplification_Test_Allel6_2.fq
    jobid: 7
    wildcards: treename=Test, sample=6

Conda environment defines Python version < 3.5. Using Python of the master process to execute script. Note that this cannot be avoided, because the script uses data structures from Snakemake which are Python >=3.5 only.
Activating conda environment: /Users/leonorschubert/Desktop/Aramis/ETH/Bachelor Thesis/Code/.snakemake/conda/8237f946
[Wed Jun 12 16:54:47 2019]
Finished job 7.
13 of 55 steps (24%) done

[Wed Jun 12 16:54:47 2019]
rule sortMutations:
    input: Data/Mutations/MutationsTest_3.vcf
    output: Data/Mutations/sortedMutationsTest_3.vcf
    jobid: 46
    wildcards: treename=Test, sample=3

Activating conda environment: /Users/leonorschubert/Desktop/Aramis/ETH/Bachelor Thesis/Code/.snakemake/conda/94172ea4
[Wed Jun 12 16:54:47 2019]
Finished job 46.
14 of 55 steps (25%) done

[Wed Jun 12 16:54:47 2019]
rule zipMutations:
    input: Data/Mutations/sortedMutationsTest_3.vcf
    output: Data/Mutations/sortedMutationsTest_3.vcf.gz
    jobid: 29
    wildcards: treename=Test, sample=3

Activating conda environment: /Users/leonorschubert/Desktop/Aramis/ETH/Bachelor Thesis/Code/.snakemake/conda/94172ea4
Removing temporary output file Data/Mutations/sortedMutationsTest_3.vcf.
[Wed Jun 12 16:54:48 2019]
Finished job 29.
15 of 55 steps (27%) done

[Wed Jun 12 16:54:48 2019]
rule indexMutations:
    input: Data/Mutations/sortedMutationsTest_3.vcf.gz
    output: Data/Mutations/sortedMutationsTest_3.vcf.gz.tbi
    jobid: 30
    wildcards: treename=Test, sample=3

Activating conda environment: /Users/leonorschubert/Desktop/Aramis/ETH/Bachelor Thesis/Code/.snakemake/conda/94172ea4
[Wed Jun 12 16:54:48 2019]
Finished job 30.
16 of 55 steps (29%) done

[Wed Jun 12 16:54:48 2019]
rule insertMutations:
    input: Data/Mutations/sortedMutationsTest_3.vcf.gz, Data/Mutations/sortedMutationsTest_3.vcf.gz.tbi
    output: Data/Mutations/InsertedMutationsTest_3.fa
    jobid: 15
    wildcards: treename=Test, sample=3

Activating conda environment: /Users/leonorschubert/Desktop/Aramis/ETH/Bachelor Thesis/Code/.snakemake/conda/94172ea4
Removing temporary output file Data/Mutations/sortedMutationsTest_3.vcf.gz.
Removing temporary output file Data/Mutations/sortedMutationsTest_3.vcf.gz.tbi.
[Wed Jun 12 16:54:48 2019]
Finished job 15.
17 of 55 steps (31%) done

[Wed Jun 12 16:54:48 2019]
rule simulateReads:
    input: Data/Mutations/InsertedMutationsTest_3.fa
    output: results/simulatedAmplification_Test_Allel3_1.fq, results/simulatedAmplification_Test_Allel3_2.fq
    jobid: 4
    wildcards: treename=Test, sample=3

Conda environment defines Python version < 3.5. Using Python of the master process to execute script. Note that this cannot be avoided, because the script uses data structures from Snakemake which are Python >=3.5 only.
Activating conda environment: /Users/leonorschubert/Desktop/Aramis/ETH/Bachelor Thesis/Code/.snakemake/conda/8237f946
[Wed Jun 12 16:54:50 2019]
Finished job 4.
18 of 55 steps (33%) done

[Wed Jun 12 16:54:50 2019]
rule sortMutations:
    input: Data/Mutations/MutationsTest_0.vcf
    output: Data/Mutations/sortedMutationsTest_0.vcf
    jobid: 43
    wildcards: treename=Test, sample=0

Activating conda environment: /Users/leonorschubert/Desktop/Aramis/ETH/Bachelor Thesis/Code/.snakemake/conda/94172ea4
[Wed Jun 12 16:54:51 2019]
Finished job 43.
19 of 55 steps (35%) done

[Wed Jun 12 16:54:51 2019]
rule zipMutations:
    input: Data/Mutations/sortedMutationsTest_0.vcf
    output: Data/Mutations/sortedMutationsTest_0.vcf.gz
    jobid: 23
    wildcards: treename=Test, sample=0

Activating conda environment: /Users/leonorschubert/Desktop/Aramis/ETH/Bachelor Thesis/Code/.snakemake/conda/94172ea4
Removing temporary output file Data/Mutations/sortedMutationsTest_0.vcf.
[Wed Jun 12 16:54:51 2019]
Finished job 23.
20 of 55 steps (36%) done

[Wed Jun 12 16:54:51 2019]
rule indexMutations:
    input: Data/Mutations/sortedMutationsTest_0.vcf.gz
    output: Data/Mutations/sortedMutationsTest_0.vcf.gz.tbi
    jobid: 24
    wildcards: treename=Test, sample=0

Activating conda environment: /Users/leonorschubert/Desktop/Aramis/ETH/Bachelor Thesis/Code/.snakemake/conda/94172ea4
[Wed Jun 12 16:54:51 2019]
Finished job 24.
21 of 55 steps (38%) done

[Wed Jun 12 16:54:51 2019]
rule insertMutations:
    input: Data/Mutations/sortedMutationsTest_0.vcf.gz, Data/Mutations/sortedMutationsTest_0.vcf.gz.tbi
    output: Data/Mutations/InsertedMutationsTest_0.fa
    jobid: 12
    wildcards: treename=Test, sample=0

Activating conda environment: /Users/leonorschubert/Desktop/Aramis/ETH/Bachelor Thesis/Code/.snakemake/conda/94172ea4
Removing temporary output file Data/Mutations/sortedMutationsTest_0.vcf.gz.
Removing temporary output file Data/Mutations/sortedMutationsTest_0.vcf.gz.tbi.
[Wed Jun 12 16:54:52 2019]
Finished job 12.
22 of 55 steps (40%) done

[Wed Jun 12 16:54:52 2019]
rule simulateReads:
    input: Data/Mutations/InsertedMutationsTest_0.fa
    output: results/simulatedAmplification_Test_Allel0_1.fq, results/simulatedAmplification_Test_Allel0_2.fq
    jobid: 1
    wildcards: treename=Test, sample=0

Conda environment defines Python version < 3.5. Using Python of the master process to execute script. Note that this cannot be avoided, because the script uses data structures from Snakemake which are Python >=3.5 only.
Activating conda environment: /Users/leonorschubert/Desktop/Aramis/ETH/Bachelor Thesis/Code/.snakemake/conda/8237f946
[Wed Jun 12 16:54:53 2019]
Finished job 1.
23 of 55 steps (42%) done

[Wed Jun 12 16:54:53 2019]
rule sortMutations:
    input: Data/Mutations/MutationsTest_1.vcf
    output: Data/Mutations/sortedMutationsTest_1.vcf
    jobid: 44
    wildcards: treename=Test, sample=1

Activating conda environment: /Users/leonorschubert/Desktop/Aramis/ETH/Bachelor Thesis/Code/.snakemake/conda/94172ea4
[Wed Jun 12 16:54:54 2019]
Finished job 44.
24 of 55 steps (44%) done

[Wed Jun 12 16:54:54 2019]
rule zipMutations:
    input: Data/Mutations/sortedMutationsTest_1.vcf
    output: Data/Mutations/sortedMutationsTest_1.vcf.gz
    jobid: 25
    wildcards: treename=Test, sample=1

Activating conda environment: /Users/leonorschubert/Desktop/Aramis/ETH/Bachelor Thesis/Code/.snakemake/conda/94172ea4
Removing temporary output file Data/Mutations/sortedMutationsTest_1.vcf.
[Wed Jun 12 16:54:54 2019]
Finished job 25.
25 of 55 steps (45%) done

[Wed Jun 12 16:54:54 2019]
rule indexMutations:
    input: Data/Mutations/sortedMutationsTest_1.vcf.gz
    output: Data/Mutations/sortedMutationsTest_1.vcf.gz.tbi
    jobid: 26
    wildcards: treename=Test, sample=1

Activating conda environment: /Users/leonorschubert/Desktop/Aramis/ETH/Bachelor Thesis/Code/.snakemake/conda/94172ea4
[Wed Jun 12 16:54:54 2019]
Finished job 26.
26 of 55 steps (47%) done

[Wed Jun 12 16:54:54 2019]
rule insertMutations:
    input: Data/Mutations/sortedMutationsTest_1.vcf.gz, Data/Mutations/sortedMutationsTest_1.vcf.gz.tbi
    output: Data/Mutations/InsertedMutationsTest_1.fa
    jobid: 13
    wildcards: treename=Test, sample=1

Activating conda environment: /Users/leonorschubert/Desktop/Aramis/ETH/Bachelor Thesis/Code/.snakemake/conda/94172ea4
Removing temporary output file Data/Mutations/sortedMutationsTest_1.vcf.gz.
Removing temporary output file Data/Mutations/sortedMutationsTest_1.vcf.gz.tbi.
[Wed Jun 12 16:54:55 2019]
Finished job 13.
27 of 55 steps (49%) done

[Wed Jun 12 16:54:55 2019]
rule simulateReads:
    input: Data/Mutations/InsertedMutationsTest_1.fa
    output: results/simulatedAmplification_Test_Allel1_1.fq, results/simulatedAmplification_Test_Allel1_2.fq
    jobid: 2
    wildcards: treename=Test, sample=1

Conda environment defines Python version < 3.5. Using Python of the master process to execute script. Note that this cannot be avoided, because the script uses data structures from Snakemake which are Python >=3.5 only.
Activating conda environment: /Users/leonorschubert/Desktop/Aramis/ETH/Bachelor Thesis/Code/.snakemake/conda/8237f946
[Wed Jun 12 16:54:56 2019]
Finished job 2.
28 of 55 steps (51%) done

[Wed Jun 12 16:54:56 2019]
rule sortMutations:
    input: Data/Mutations/MutationsTest_2.vcf
    output: Data/Mutations/sortedMutationsTest_2.vcf
    jobid: 45
    wildcards: treename=Test, sample=2

Activating conda environment: /Users/leonorschubert/Desktop/Aramis/ETH/Bachelor Thesis/Code/.snakemake/conda/94172ea4
[Wed Jun 12 16:54:57 2019]
Finished job 45.
29 of 55 steps (53%) done

[Wed Jun 12 16:54:57 2019]
rule zipMutations:
    input: Data/Mutations/sortedMutationsTest_2.vcf
    output: Data/Mutations/sortedMutationsTest_2.vcf.gz
    jobid: 27
    wildcards: treename=Test, sample=2

Activating conda environment: /Users/leonorschubert/Desktop/Aramis/ETH/Bachelor Thesis/Code/.snakemake/conda/94172ea4
Removing temporary output file Data/Mutations/sortedMutationsTest_2.vcf.
[Wed Jun 12 16:54:57 2019]
Finished job 27.
30 of 55 steps (55%) done

[Wed Jun 12 16:54:57 2019]
rule indexMutations:
    input: Data/Mutations/sortedMutationsTest_2.vcf.gz
    output: Data/Mutations/sortedMutationsTest_2.vcf.gz.tbi
    jobid: 28
    wildcards: treename=Test, sample=2

Activating conda environment: /Users/leonorschubert/Desktop/Aramis/ETH/Bachelor Thesis/Code/.snakemake/conda/94172ea4
[Wed Jun 12 16:54:58 2019]
Finished job 28.
31 of 55 steps (56%) done

[Wed Jun 12 16:54:58 2019]
rule insertMutations:
    input: Data/Mutations/sortedMutationsTest_2.vcf.gz, Data/Mutations/sortedMutationsTest_2.vcf.gz.tbi
    output: Data/Mutations/InsertedMutationsTest_2.fa
    jobid: 14
    wildcards: treename=Test, sample=2

Activating conda environment: /Users/leonorschubert/Desktop/Aramis/ETH/Bachelor Thesis/Code/.snakemake/conda/94172ea4
Removing temporary output file Data/Mutations/sortedMutationsTest_2.vcf.gz.
Removing temporary output file Data/Mutations/sortedMutationsTest_2.vcf.gz.tbi.
[Wed Jun 12 16:54:58 2019]
Finished job 14.
32 of 55 steps (58%) done

[Wed Jun 12 16:54:58 2019]
rule simulateReads:
    input: Data/Mutations/InsertedMutationsTest_2.fa
    output: results/simulatedAmplification_Test_Allel2_1.fq, results/simulatedAmplification_Test_Allel2_2.fq
    jobid: 3
    wildcards: treename=Test, sample=2

Conda environment defines Python version < 3.5. Using Python of the master process to execute script. Note that this cannot be avoided, because the script uses data structures from Snakemake which are Python >=3.5 only.
Activating conda environment: /Users/leonorschubert/Desktop/Aramis/ETH/Bachelor Thesis/Code/.snakemake/conda/8237f946
[Wed Jun 12 16:55:00 2019]
Finished job 3.
33 of 55 steps (60%) done

[Wed Jun 12 16:55:00 2019]
rule sortMutations:
    input: Data/Mutations/MutationsTest_7.vcf
    output: Data/Mutations/sortedMutationsTest_7.vcf
    jobid: 50
    wildcards: treename=Test, sample=7

Activating conda environment: /Users/leonorschubert/Desktop/Aramis/ETH/Bachelor Thesis/Code/.snakemake/conda/94172ea4
[Wed Jun 12 16:55:00 2019]
Finished job 50.
34 of 55 steps (62%) done

[Wed Jun 12 16:55:00 2019]
rule zipMutations:
    input: Data/Mutations/sortedMutationsTest_7.vcf
    output: Data/Mutations/sortedMutationsTest_7.vcf.gz
    jobid: 37
    wildcards: treename=Test, sample=7

Activating conda environment: /Users/leonorschubert/Desktop/Aramis/ETH/Bachelor Thesis/Code/.snakemake/conda/94172ea4
Removing temporary output file Data/Mutations/sortedMutationsTest_7.vcf.
[Wed Jun 12 16:55:00 2019]
Finished job 37.
35 of 55 steps (64%) done

[Wed Jun 12 16:55:00 2019]
rule indexMutations:
    input: Data/Mutations/sortedMutationsTest_7.vcf.gz
    output: Data/Mutations/sortedMutationsTest_7.vcf.gz.tbi
    jobid: 38
    wildcards: treename=Test, sample=7

Activating conda environment: /Users/leonorschubert/Desktop/Aramis/ETH/Bachelor Thesis/Code/.snakemake/conda/94172ea4
[Wed Jun 12 16:55:01 2019]
Finished job 38.
36 of 55 steps (65%) done

[Wed Jun 12 16:55:01 2019]
rule insertMutations:
    input: Data/Mutations/sortedMutationsTest_7.vcf.gz, Data/Mutations/sortedMutationsTest_7.vcf.gz.tbi
    output: Data/Mutations/InsertedMutationsTest_7.fa
    jobid: 19
    wildcards: treename=Test, sample=7

Activating conda environment: /Users/leonorschubert/Desktop/Aramis/ETH/Bachelor Thesis/Code/.snakemake/conda/94172ea4
Removing temporary output file Data/Mutations/sortedMutationsTest_7.vcf.gz.
Removing temporary output file Data/Mutations/sortedMutationsTest_7.vcf.gz.tbi.
[Wed Jun 12 16:55:01 2019]
Finished job 19.
37 of 55 steps (67%) done

[Wed Jun 12 16:55:01 2019]
rule simulateReads:
    input: Data/Mutations/InsertedMutationsTest_7.fa
    output: results/simulatedAmplification_Test_Allel7_1.fq, results/simulatedAmplification_Test_Allel7_2.fq
    jobid: 8
    wildcards: treename=Test, sample=7

Conda environment defines Python version < 3.5. Using Python of the master process to execute script. Note that this cannot be avoided, because the script uses data structures from Snakemake which are Python >=3.5 only.
Activating conda environment: /Users/leonorschubert/Desktop/Aramis/ETH/Bachelor Thesis/Code/.snakemake/conda/8237f946
[Wed Jun 12 16:55:03 2019]
Finished job 8.
38 of 55 steps (69%) done

[Wed Jun 12 16:55:03 2019]
rule sortMutations:
    input: Data/Mutations/MutationsTest_8.vcf
    output: Data/Mutations/sortedMutationsTest_8.vcf
    jobid: 51
    wildcards: treename=Test, sample=8

Activating conda environment: /Users/leonorschubert/Desktop/Aramis/ETH/Bachelor Thesis/Code/.snakemake/conda/94172ea4
[Wed Jun 12 16:55:03 2019]
Finished job 51.
39 of 55 steps (71%) done

[Wed Jun 12 16:55:03 2019]
rule zipMutations:
    input: Data/Mutations/sortedMutationsTest_8.vcf
    output: Data/Mutations/sortedMutationsTest_8.vcf.gz
    jobid: 39
    wildcards: treename=Test, sample=8

Activating conda environment: /Users/leonorschubert/Desktop/Aramis/ETH/Bachelor Thesis/Code/.snakemake/conda/94172ea4
Removing temporary output file Data/Mutations/sortedMutationsTest_8.vcf.
[Wed Jun 12 16:55:03 2019]
Finished job 39.
40 of 55 steps (73%) done

[Wed Jun 12 16:55:03 2019]
rule indexMutations:
    input: Data/Mutations/sortedMutationsTest_8.vcf.gz
    output: Data/Mutations/sortedMutationsTest_8.vcf.gz.tbi
    jobid: 40
    wildcards: treename=Test, sample=8

Activating conda environment: /Users/leonorschubert/Desktop/Aramis/ETH/Bachelor Thesis/Code/.snakemake/conda/94172ea4
[Wed Jun 12 16:55:04 2019]
Finished job 40.
41 of 55 steps (75%) done

[Wed Jun 12 16:55:04 2019]
rule insertMutations:
    input: Data/Mutations/sortedMutationsTest_8.vcf.gz, Data/Mutations/sortedMutationsTest_8.vcf.gz.tbi
    output: Data/Mutations/InsertedMutationsTest_8.fa
    jobid: 20
    wildcards: treename=Test, sample=8

Activating conda environment: /Users/leonorschubert/Desktop/Aramis/ETH/Bachelor Thesis/Code/.snakemake/conda/94172ea4
Removing temporary output file Data/Mutations/sortedMutationsTest_8.vcf.gz.
Removing temporary output file Data/Mutations/sortedMutationsTest_8.vcf.gz.tbi.
[Wed Jun 12 16:55:04 2019]
Finished job 20.
42 of 55 steps (76%) done

[Wed Jun 12 16:55:04 2019]
rule simulateReads:
    input: Data/Mutations/InsertedMutationsTest_8.fa
    output: results/simulatedAmplification_Test_Allel8_1.fq, results/simulatedAmplification_Test_Allel8_2.fq
    jobid: 9
    wildcards: treename=Test, sample=8

Conda environment defines Python version < 3.5. Using Python of the master process to execute script. Note that this cannot be avoided, because the script uses data structures from Snakemake which are Python >=3.5 only.
Activating conda environment: /Users/leonorschubert/Desktop/Aramis/ETH/Bachelor Thesis/Code/.snakemake/conda/8237f946
[Wed Jun 12 16:55:05 2019]
Finished job 9.
43 of 55 steps (78%) done

[Wed Jun 12 16:55:05 2019]
rule sortMutations:
    input: Data/Mutations/MutationsTest_9.vcf
    output: Data/Mutations/sortedMutationsTest_9.vcf
    jobid: 52
    wildcards: treename=Test, sample=9

Activating conda environment: /Users/leonorschubert/Desktop/Aramis/ETH/Bachelor Thesis/Code/.snakemake/conda/94172ea4
[Wed Jun 12 16:55:06 2019]
Finished job 52.
44 of 55 steps (80%) done

[Wed Jun 12 16:55:06 2019]
rule zipMutations:
    input: Data/Mutations/sortedMutationsTest_9.vcf
    output: Data/Mutations/sortedMutationsTest_9.vcf.gz
    jobid: 41
    wildcards: treename=Test, sample=9

Activating conda environment: /Users/leonorschubert/Desktop/Aramis/ETH/Bachelor Thesis/Code/.snakemake/conda/94172ea4
Removing temporary output file Data/Mutations/sortedMutationsTest_9.vcf.
[Wed Jun 12 16:55:06 2019]
Finished job 41.
45 of 55 steps (82%) done

[Wed Jun 12 16:55:06 2019]
rule indexMutations:
    input: Data/Mutations/sortedMutationsTest_9.vcf.gz
    output: Data/Mutations/sortedMutationsTest_9.vcf.gz.tbi
    jobid: 42
    wildcards: treename=Test, sample=9

Activating conda environment: /Users/leonorschubert/Desktop/Aramis/ETH/Bachelor Thesis/Code/.snakemake/conda/94172ea4
[Wed Jun 12 16:55:06 2019]
Finished job 42.
46 of 55 steps (84%) done

[Wed Jun 12 16:55:06 2019]
rule insertMutations:
    input: Data/Mutations/sortedMutationsTest_9.vcf.gz, Data/Mutations/sortedMutationsTest_9.vcf.gz.tbi
    output: Data/Mutations/InsertedMutationsTest_9.fa
    jobid: 21
    wildcards: treename=Test, sample=9

Activating conda environment: /Users/leonorschubert/Desktop/Aramis/ETH/Bachelor Thesis/Code/.snakemake/conda/94172ea4
Removing temporary output file Data/Mutations/sortedMutationsTest_9.vcf.gz.
Removing temporary output file Data/Mutations/sortedMutationsTest_9.vcf.gz.tbi.
[Wed Jun 12 16:55:07 2019]
Finished job 21.
47 of 55 steps (85%) done

[Wed Jun 12 16:55:07 2019]
rule simulateReads:
    input: Data/Mutations/InsertedMutationsTest_9.fa
    output: results/simulatedAmplification_Test_Allel9_1.fq, results/simulatedAmplification_Test_Allel9_2.fq
    jobid: 10
    wildcards: treename=Test, sample=9

Conda environment defines Python version < 3.5. Using Python of the master process to execute script. Note that this cannot be avoided, because the script uses data structures from Snakemake which are Python >=3.5 only.
Activating conda environment: /Users/leonorschubert/Desktop/Aramis/ETH/Bachelor Thesis/Code/.snakemake/conda/8237f946
[Wed Jun 12 16:55:08 2019]
Finished job 10.
48 of 55 steps (87%) done

[Wed Jun 12 16:55:08 2019]
rule sortMutations:
    input: Data/Mutations/MutationsTest_4.vcf
    output: Data/Mutations/sortedMutationsTest_4.vcf
    jobid: 47
    wildcards: treename=Test, sample=4

Activating conda environment: /Users/leonorschubert/Desktop/Aramis/ETH/Bachelor Thesis/Code/.snakemake/conda/94172ea4
[Wed Jun 12 16:55:08 2019]
Finished job 47.
49 of 55 steps (89%) done

[Wed Jun 12 16:55:08 2019]
rule zipMutations:
    input: Data/Mutations/sortedMutationsTest_4.vcf
    output: Data/Mutations/sortedMutationsTest_4.vcf.gz
    jobid: 31
    wildcards: treename=Test, sample=4

Activating conda environment: /Users/leonorschubert/Desktop/Aramis/ETH/Bachelor Thesis/Code/.snakemake/conda/94172ea4
Removing temporary output file Data/Mutations/sortedMutationsTest_4.vcf.
[Wed Jun 12 16:55:09 2019]
Finished job 31.
50 of 55 steps (91%) done

[Wed Jun 12 16:55:09 2019]
rule indexMutations:
    input: Data/Mutations/sortedMutationsTest_4.vcf.gz
    output: Data/Mutations/sortedMutationsTest_4.vcf.gz.tbi
    jobid: 32
    wildcards: treename=Test, sample=4

Activating conda environment: /Users/leonorschubert/Desktop/Aramis/ETH/Bachelor Thesis/Code/.snakemake/conda/94172ea4
[Wed Jun 12 16:55:09 2019]
Finished job 32.
51 of 55 steps (93%) done

[Wed Jun 12 16:55:09 2019]
rule insertMutations:
    input: Data/Mutations/sortedMutationsTest_4.vcf.gz, Data/Mutations/sortedMutationsTest_4.vcf.gz.tbi
    output: Data/Mutations/InsertedMutationsTest_4.fa
    jobid: 16
    wildcards: treename=Test, sample=4

Activating conda environment: /Users/leonorschubert/Desktop/Aramis/ETH/Bachelor Thesis/Code/.snakemake/conda/94172ea4
Removing temporary output file Data/Mutations/sortedMutationsTest_4.vcf.gz.
Removing temporary output file Data/Mutations/sortedMutationsTest_4.vcf.gz.tbi.
[Wed Jun 12 16:55:09 2019]
Finished job 16.
52 of 55 steps (95%) done

[Wed Jun 12 16:55:09 2019]
rule simulateReads:
    input: Data/Mutations/InsertedMutationsTest_4.fa
    output: results/simulatedAmplification_Test_Allel4_1.fq, results/simulatedAmplification_Test_Allel4_2.fq
    jobid: 5
    wildcards: treename=Test, sample=4

Conda environment defines Python version < 3.5. Using Python of the master process to execute script. Note that this cannot be avoided, because the script uses data structures from Snakemake which are Python >=3.5 only.
Activating conda environment: /Users/leonorschubert/Desktop/Aramis/ETH/Bachelor Thesis/Code/.snakemake/conda/8237f946
[Wed Jun 12 16:55:11 2019]
Finished job 5.
53 of 55 steps (96%) done

[Wed Jun 12 16:55:11 2019]
rule plotBinaryTree:
    input: Data/Trees/binaryTreeTest.txt
    output: Data/Trees/GraphTest.pdf
    jobid: 11
    wildcards: treename=Test

Conda environment defines Python version < 3.5. Using Python of the master process to execute script. Note that this cannot be avoided, because the script uses data structures from Snakemake which are Python >=3.5 only.
Activating conda environment: /Users/leonorschubert/Desktop/Aramis/ETH/Bachelor Thesis/Code/.snakemake/conda/d216ab68
[Wed Jun 12 16:55:13 2019]
Finished job 11.
54 of 55 steps (98%) done

[Wed Jun 12 16:55:13 2019]
rule SingleCellReadSimulator:
    input: results/simulatedAmplification_Test_Allel0_1.fq, results/simulatedAmplification_Test_Allel1_1.fq, results/simulatedAmplification_Test_Allel2_1.fq, results/simulatedAmplification_Test_Allel3_1.fq, results/simulatedAmplification_Test_Allel4_1.fq, results/simulatedAmplification_Test_Allel5_1.fq, results/simulatedAmplification_Test_Allel6_1.fq, results/simulatedAmplification_Test_Allel7_1.fq, results/simulatedAmplification_Test_Allel8_1.fq, results/simulatedAmplification_Test_Allel9_1.fq, results/simulatedAmplification_Test_Allel0_2.fq, results/simulatedAmplification_Test_Allel1_2.fq, results/simulatedAmplification_Test_Allel2_2.fq, results/simulatedAmplification_Test_Allel3_2.fq, results/simulatedAmplification_Test_Allel4_2.fq, results/simulatedAmplification_Test_Allel5_2.fq, results/simulatedAmplification_Test_Allel6_2.fq, results/simulatedAmplification_Test_Allel7_2.fq, results/simulatedAmplification_Test_Allel8_2.fq, results/simulatedAmplification_Test_Allel9_2.fq, Data/Trees/GraphTest.pdf
    output: results/SingleCellReadSimulator_Test.txt
    jobid: 0
    wildcards: treename=Test

[Wed Jun 12 16:55:13 2019]
Finished job 0.
55 of 55 steps (100%) done
Complete log: /Users/leonorschubert/Desktop/Aramis/ETH/Bachelor Thesis/Code/.snakemake/log/2019-06-12T165436.551301.snakemake.log
