Building DAG of jobs...
Using shell: /bin/bash
Provided cores: 1
Rules claiming more threads will be scaled down.
Job counts:
	count	jobs
	1	SingleCellReadSimulator
	20	simulateReads
	21

[Tue May 14 14:31:12 2019]
rule simulateReads:
    input: Data/Mutations/InsertedMutations10_2.fa
    output: results/amplificationErrors10_2.txt
    jobid: 3
    wildcards: treename=10, sample=2

[Tue May 14 14:31:17 2019]
Error in rule simulateReads:
    jobid: 3
    output: results/amplificationErrors10_2.txt

RuleException:
CalledProcessError in line 131 of /Users/leonorschubert/Desktop/Aramis/ETH/Bachelor Thesis/Code/Snakefile:
Command 'set -euo pipefail;  /usr/local/opt/python/bin/python3.7 '/Users/leonorschubert/Desktop/Aramis/ETH/Bachelor Thesis/Code/.snakemake/scripts/tmptjhf0lw5.ARTSimulation.py'' returned non-zero exit status 1.
  File "/Users/leonorschubert/Desktop/Aramis/ETH/Bachelor Thesis/Code/Snakefile", line 131, in __rule_simulateReads
  File "/usr/local/Cellar/python/3.7.2_2/Frameworks/Python.framework/Versions/3.7/lib/python3.7/concurrent/futures/thread.py", line 57, in run
Shutting down, this might take some time.
Exiting because a job execution failed. Look above for error message
Complete log: /Users/leonorschubert/Desktop/Aramis/ETH/Bachelor Thesis/Code/.snakemake/log/2019-05-14T143112.033730.snakemake.log
