Building DAG of jobs...
Using shell: /bin/bash
Provided cores: 1
Rules claiming more threads will be scaled down.
Job counts:
	count	jobs
	1	SingleCellReadSimulator
	20	convertFilesToSamtools
	1	createGermlineMutations
	1	createMutations
	1	generateBinaryTree
	20	indexMutations
	20	insertMutations
	20	sampleSimulationData
	20	simulateMDAAmplificationErrors
	20	simulateReads
	20	sortMutations
	20	splitGenomIntoSegments
	20	zipMutations
	184

[Wed Apr 10 09:50:45 2019]
rule createGermlineMutations:
    input: Data/ReferenceData/ReferenceGenomeChromosome_22.fa, Data/ReferenceData/MetaDataFrame.vcf
    output: Data/Mutations/GermlineMutations10_Allel1.vcf, Data/Mutations/GermlineMutations10_Allel2.vcf
    jobid: 183
    wildcards: treename=10

[Wed Apr 10 09:50:47 2019]
Finished job 183.
1 of 184 steps (0.54%) done

[Wed Apr 10 09:50:47 2019]
rule generateBinaryTree:
    output: Data/Trees/binaryTree10.txt
    jobid: 182
    wildcards: treename=10

[Wed Apr 10 09:50:47 2019]
Finished job 182.
2 of 184 steps (1%) done

[Wed Apr 10 09:50:47 2019]
rule createMutations:
    input: Data/Trees/binaryTree10.txt, Data/Mutations/GermlineMutations10_Allel1.vcf, Data/Mutations/GermlineMutations10_Allel2.vcf, Data/ReferenceData/ReferenceGenomeChromosome_22.fa, Data/ReferenceData/MetaDataFrame.vcf
    output: Data/Mutations/Mutations10_0.vcf, Data/Mutations/Mutations10_1.vcf, Data/Mutations/Mutations10_2.vcf, Data/Mutations/Mutations10_3.vcf, Data/Mutations/Mutations10_4.vcf, Data/Mutations/Mutations10_5.vcf, Data/Mutations/Mutations10_6.vcf, Data/Mutations/Mutations10_7.vcf, Data/Mutations/Mutations10_8.vcf, Data/Mutations/Mutations10_9.vcf, Data/Mutations/Mutations10_10.vcf, Data/Mutations/Mutations10_11.vcf, Data/Mutations/Mutations10_12.vcf, Data/Mutations/Mutations10_13.vcf, Data/Mutations/Mutations10_14.vcf, Data/Mutations/Mutations10_15.vcf, Data/Mutations/Mutations10_16.vcf, Data/Mutations/Mutations10_17.vcf, Data/Mutations/Mutations10_18.vcf, Data/Mutations/Mutations10_19.vcf
    jobid: 181
    wildcards: treename=10

[Wed Apr 10 09:50:49 2019]
Finished job 181.
3 of 184 steps (2%) done

[Wed Apr 10 09:50:49 2019]
rule sortMutations:
    input: Data/Mutations/Mutations10_1.vcf
    output: Data/Mutations/sortedMutations10_1.vcf
    jobid: 162
    wildcards: treename=10, sample=1

[Wed Apr 10 09:50:49 2019]
Finished job 162.
4 of 184 steps (2%) done

[Wed Apr 10 09:50:49 2019]
rule zipMutations:
    input: Data/Mutations/sortedMutations10_1.vcf
    output: Data/Mutations/sortedMutations10_1.vcf.gz
    jobid: 123
    wildcards: treename=10, sample=1

Removing temporary output file Data/Mutations/sortedMutations10_1.vcf.
[Wed Apr 10 09:50:49 2019]
Finished job 123.
5 of 184 steps (3%) done

[Wed Apr 10 09:50:49 2019]
rule indexMutations:
    input: Data/Mutations/sortedMutations10_1.vcf.gz
    output: Data/Mutations/sortedMutations10_1.vcf.gz.tbi
    jobid: 124
    wildcards: treename=10, sample=1

[Wed Apr 10 09:50:49 2019]
Finished job 124.
6 of 184 steps (3%) done

[Wed Apr 10 09:50:49 2019]
rule insertMutations:
    input: Data/ReferenceData/ReferenceGenomeChromosome_22.fa, Data/Mutations/sortedMutations10_1.vcf.gz, Data/Mutations/sortedMutations10_1.vcf.gz.tbi
    output: Data/Mutations/InsertedMutations10_1.fa
    jobid: 102
    wildcards: treename=10, sample=1

Removing temporary output file Data/Mutations/sortedMutations10_1.vcf.gz.
Removing temporary output file Data/Mutations/sortedMutations10_1.vcf.gz.tbi.
[Wed Apr 10 09:50:50 2019]
Finished job 102.
7 of 184 steps (4%) done

[Wed Apr 10 09:50:50 2019]
rule splitGenomIntoSegments:
    input: Data/Mutations/InsertedMutations10_1.fa
    output: Data/MDASimulation/SplitGenomSequences10_1.txt
    jobid: 82
    wildcards: treename=10, sample=1

[Wed Apr 10 09:50:50 2019]
Finished job 82.
8 of 184 steps (4%) done

[Wed Apr 10 09:50:50 2019]
rule sortMutations:
    input: Data/Mutations/Mutations10_3.vcf
    output: Data/Mutations/sortedMutations10_3.vcf
    jobid: 164
    wildcards: treename=10, sample=3

[Wed Apr 10 09:50:50 2019]
Finished job 164.
9 of 184 steps (5%) done

[Wed Apr 10 09:50:50 2019]
rule zipMutations:
    input: Data/Mutations/sortedMutations10_3.vcf
    output: Data/Mutations/sortedMutations10_3.vcf.gz
    jobid: 127
    wildcards: treename=10, sample=3

Removing temporary output file Data/Mutations/sortedMutations10_3.vcf.
[Wed Apr 10 09:50:50 2019]
Finished job 127.
10 of 184 steps (5%) done

[Wed Apr 10 09:50:50 2019]
rule indexMutations:
    input: Data/Mutations/sortedMutations10_3.vcf.gz
    output: Data/Mutations/sortedMutations10_3.vcf.gz.tbi
    jobid: 128
    wildcards: treename=10, sample=3

[Wed Apr 10 09:50:50 2019]
Finished job 128.
11 of 184 steps (6%) done

[Wed Apr 10 09:50:50 2019]
rule insertMutations:
    input: Data/ReferenceData/ReferenceGenomeChromosome_22.fa, Data/Mutations/sortedMutations10_3.vcf.gz, Data/Mutations/sortedMutations10_3.vcf.gz.tbi
    output: Data/Mutations/InsertedMutations10_3.fa
    jobid: 104
    wildcards: treename=10, sample=3

Removing temporary output file Data/Mutations/sortedMutations10_3.vcf.gz.
Removing temporary output file Data/Mutations/sortedMutations10_3.vcf.gz.tbi.
[Wed Apr 10 09:50:50 2019]
Finished job 104.
12 of 184 steps (7%) done

[Wed Apr 10 09:50:50 2019]
rule splitGenomIntoSegments:
    input: Data/Mutations/InsertedMutations10_3.fa
    output: Data/MDASimulation/SplitGenomSequences10_3.txt
    jobid: 84
    wildcards: treename=10, sample=3

[Wed Apr 10 09:50:50 2019]
Finished job 84.
13 of 184 steps (7%) done

[Wed Apr 10 09:50:50 2019]
rule sortMutations:
    input: Data/Mutations/Mutations10_2.vcf
    output: Data/Mutations/sortedMutations10_2.vcf
    jobid: 163
    wildcards: treename=10, sample=2

[Wed Apr 10 09:50:50 2019]
Finished job 163.
14 of 184 steps (8%) done

[Wed Apr 10 09:50:50 2019]
rule zipMutations:
    input: Data/Mutations/sortedMutations10_2.vcf
    output: Data/Mutations/sortedMutations10_2.vcf.gz
    jobid: 125
    wildcards: treename=10, sample=2

Removing temporary output file Data/Mutations/sortedMutations10_2.vcf.
[Wed Apr 10 09:50:50 2019]
Finished job 125.
15 of 184 steps (8%) done

[Wed Apr 10 09:50:50 2019]
rule indexMutations:
    input: Data/Mutations/sortedMutations10_2.vcf.gz
    output: Data/Mutations/sortedMutations10_2.vcf.gz.tbi
    jobid: 126
    wildcards: treename=10, sample=2

[Wed Apr 10 09:50:50 2019]
Finished job 126.
16 of 184 steps (9%) done

[Wed Apr 10 09:50:50 2019]
rule insertMutations:
    input: Data/ReferenceData/ReferenceGenomeChromosome_22.fa, Data/Mutations/sortedMutations10_2.vcf.gz, Data/Mutations/sortedMutations10_2.vcf.gz.tbi
    output: Data/Mutations/InsertedMutations10_2.fa
    jobid: 103
    wildcards: treename=10, sample=2

Removing temporary output file Data/Mutations/sortedMutations10_2.vcf.gz.
Removing temporary output file Data/Mutations/sortedMutations10_2.vcf.gz.tbi.
[Wed Apr 10 09:50:51 2019]
Finished job 103.
17 of 184 steps (9%) done

[Wed Apr 10 09:50:51 2019]
rule splitGenomIntoSegments:
    input: Data/Mutations/InsertedMutations10_2.fa
    output: Data/MDASimulation/SplitGenomSequences10_2.txt
    jobid: 83
    wildcards: treename=10, sample=2

[Wed Apr 10 09:50:51 2019]
Finished job 83.
18 of 184 steps (10%) done

[Wed Apr 10 09:50:51 2019]
rule sortMutations:
    input: Data/Mutations/Mutations10_6.vcf
    output: Data/Mutations/sortedMutations10_6.vcf
    jobid: 167
    wildcards: treename=10, sample=6

[Wed Apr 10 09:50:51 2019]
Finished job 167.
19 of 184 steps (10%) done

[Wed Apr 10 09:50:51 2019]
rule zipMutations:
    input: Data/Mutations/sortedMutations10_6.vcf
    output: Data/Mutations/sortedMutations10_6.vcf.gz
    jobid: 133
    wildcards: treename=10, sample=6

Removing temporary output file Data/Mutations/sortedMutations10_6.vcf.
[Wed Apr 10 09:50:51 2019]
Finished job 133.
20 of 184 steps (11%) done

[Wed Apr 10 09:50:51 2019]
rule indexMutations:
    input: Data/Mutations/sortedMutations10_6.vcf.gz
    output: Data/Mutations/sortedMutations10_6.vcf.gz.tbi
    jobid: 134
    wildcards: treename=10, sample=6

[Wed Apr 10 09:50:51 2019]
Finished job 134.
21 of 184 steps (11%) done

[Wed Apr 10 09:50:51 2019]
rule insertMutations:
    input: Data/ReferenceData/ReferenceGenomeChromosome_22.fa, Data/Mutations/sortedMutations10_6.vcf.gz, Data/Mutations/sortedMutations10_6.vcf.gz.tbi
    output: Data/Mutations/InsertedMutations10_6.fa
    jobid: 107
    wildcards: treename=10, sample=6

Removing temporary output file Data/Mutations/sortedMutations10_6.vcf.gz.
Removing temporary output file Data/Mutations/sortedMutations10_6.vcf.gz.tbi.
[Wed Apr 10 09:50:52 2019]
Finished job 107.
22 of 184 steps (12%) done

[Wed Apr 10 09:50:52 2019]
rule splitGenomIntoSegments:
    input: Data/Mutations/InsertedMutations10_6.fa
    output: Data/MDASimulation/SplitGenomSequences10_6.txt
    jobid: 87
    wildcards: treename=10, sample=6

[Wed Apr 10 09:50:52 2019]
Finished job 87.
23 of 184 steps (12%) done

[Wed Apr 10 09:50:52 2019]
rule sortMutations:
    input: Data/Mutations/Mutations10_7.vcf
    output: Data/Mutations/sortedMutations10_7.vcf
    jobid: 168
    wildcards: treename=10, sample=7

[Wed Apr 10 09:50:52 2019]
Finished job 168.
24 of 184 steps (13%) done

[Wed Apr 10 09:50:52 2019]
rule zipMutations:
    input: Data/Mutations/sortedMutations10_7.vcf
    output: Data/Mutations/sortedMutations10_7.vcf.gz
    jobid: 135
    wildcards: treename=10, sample=7

Removing temporary output file Data/Mutations/sortedMutations10_7.vcf.
[Wed Apr 10 09:50:52 2019]
Finished job 135.
25 of 184 steps (14%) done

[Wed Apr 10 09:50:52 2019]
rule indexMutations:
    input: Data/Mutations/sortedMutations10_7.vcf.gz
    output: Data/Mutations/sortedMutations10_7.vcf.gz.tbi
    jobid: 136
    wildcards: treename=10, sample=7

[Wed Apr 10 09:50:52 2019]
Finished job 136.
26 of 184 steps (14%) done

[Wed Apr 10 09:50:52 2019]
rule insertMutations:
    input: Data/ReferenceData/ReferenceGenomeChromosome_22.fa, Data/Mutations/sortedMutations10_7.vcf.gz, Data/Mutations/sortedMutations10_7.vcf.gz.tbi
    output: Data/Mutations/InsertedMutations10_7.fa
    jobid: 108
    wildcards: treename=10, sample=7

Removing temporary output file Data/Mutations/sortedMutations10_7.vcf.gz.
Removing temporary output file Data/Mutations/sortedMutations10_7.vcf.gz.tbi.
[Wed Apr 10 09:50:52 2019]
Finished job 108.
27 of 184 steps (15%) done

[Wed Apr 10 09:50:53 2019]
rule splitGenomIntoSegments:
    input: Data/Mutations/InsertedMutations10_7.fa
    output: Data/MDASimulation/SplitGenomSequences10_7.txt
    jobid: 88
    wildcards: treename=10, sample=7

[Wed Apr 10 09:50:53 2019]
Finished job 88.
28 of 184 steps (15%) done

[Wed Apr 10 09:50:53 2019]
rule sortMutations:
    input: Data/Mutations/Mutations10_4.vcf
    output: Data/Mutations/sortedMutations10_4.vcf
    jobid: 165
    wildcards: treename=10, sample=4

[Wed Apr 10 09:50:53 2019]
Finished job 165.
29 of 184 steps (16%) done

[Wed Apr 10 09:50:53 2019]
rule zipMutations:
    input: Data/Mutations/sortedMutations10_4.vcf
    output: Data/Mutations/sortedMutations10_4.vcf.gz
    jobid: 129
    wildcards: treename=10, sample=4

Removing temporary output file Data/Mutations/sortedMutations10_4.vcf.
[Wed Apr 10 09:50:53 2019]
Finished job 129.
30 of 184 steps (16%) done

[Wed Apr 10 09:50:53 2019]
rule indexMutations:
    input: Data/Mutations/sortedMutations10_4.vcf.gz
    output: Data/Mutations/sortedMutations10_4.vcf.gz.tbi
    jobid: 130
    wildcards: treename=10, sample=4

[Wed Apr 10 09:50:53 2019]
Finished job 130.
31 of 184 steps (17%) done

[Wed Apr 10 09:50:53 2019]
rule insertMutations:
    input: Data/ReferenceData/ReferenceGenomeChromosome_22.fa, Data/Mutations/sortedMutations10_4.vcf.gz, Data/Mutations/sortedMutations10_4.vcf.gz.tbi
    output: Data/Mutations/InsertedMutations10_4.fa
    jobid: 105
    wildcards: treename=10, sample=4

Removing temporary output file Data/Mutations/sortedMutations10_4.vcf.gz.
Removing temporary output file Data/Mutations/sortedMutations10_4.vcf.gz.tbi.
[Wed Apr 10 09:50:53 2019]
Finished job 105.
32 of 184 steps (17%) done

[Wed Apr 10 09:50:53 2019]
rule splitGenomIntoSegments:
    input: Data/Mutations/InsertedMutations10_4.fa
    output: Data/MDASimulation/SplitGenomSequences10_4.txt
    jobid: 85
    wildcards: treename=10, sample=4

[Wed Apr 10 09:50:53 2019]
Finished job 85.
33 of 184 steps (18%) done

[Wed Apr 10 09:50:53 2019]
rule sortMutations:
    input: Data/Mutations/Mutations10_8.vcf
    output: Data/Mutations/sortedMutations10_8.vcf
    jobid: 169
    wildcards: treename=10, sample=8

[Wed Apr 10 09:50:53 2019]
Finished job 169.
34 of 184 steps (18%) done

[Wed Apr 10 09:50:53 2019]
rule zipMutations:
    input: Data/Mutations/sortedMutations10_8.vcf
    output: Data/Mutations/sortedMutations10_8.vcf.gz
    jobid: 137
    wildcards: treename=10, sample=8

Removing temporary output file Data/Mutations/sortedMutations10_8.vcf.
[Wed Apr 10 09:50:53 2019]
Finished job 137.
35 of 184 steps (19%) done

[Wed Apr 10 09:50:53 2019]
rule indexMutations:
    input: Data/Mutations/sortedMutations10_8.vcf.gz
    output: Data/Mutations/sortedMutations10_8.vcf.gz.tbi
    jobid: 138
    wildcards: treename=10, sample=8

[Wed Apr 10 09:50:53 2019]
Finished job 138.
36 of 184 steps (20%) done

[Wed Apr 10 09:50:53 2019]
rule insertMutations:
    input: Data/ReferenceData/ReferenceGenomeChromosome_22.fa, Data/Mutations/sortedMutations10_8.vcf.gz, Data/Mutations/sortedMutations10_8.vcf.gz.tbi
    output: Data/Mutations/InsertedMutations10_8.fa
    jobid: 109
    wildcards: treename=10, sample=8

Removing temporary output file Data/Mutations/sortedMutations10_8.vcf.gz.
Removing temporary output file Data/Mutations/sortedMutations10_8.vcf.gz.tbi.
[Wed Apr 10 09:50:54 2019]
Finished job 109.
37 of 184 steps (20%) done

[Wed Apr 10 09:50:54 2019]
rule splitGenomIntoSegments:
    input: Data/Mutations/InsertedMutations10_8.fa
    output: Data/MDASimulation/SplitGenomSequences10_8.txt
    jobid: 89
    wildcards: treename=10, sample=8

[Wed Apr 10 09:50:54 2019]
Finished job 89.
38 of 184 steps (21%) done

[Wed Apr 10 09:50:54 2019]
rule sortMutations:
    input: Data/Mutations/Mutations10_9.vcf
    output: Data/Mutations/sortedMutations10_9.vcf
    jobid: 170
    wildcards: treename=10, sample=9

[Wed Apr 10 09:50:54 2019]
Finished job 170.
39 of 184 steps (21%) done

[Wed Apr 10 09:50:54 2019]
rule zipMutations:
    input: Data/Mutations/sortedMutations10_9.vcf
    output: Data/Mutations/sortedMutations10_9.vcf.gz
    jobid: 139
    wildcards: treename=10, sample=9

Removing temporary output file Data/Mutations/sortedMutations10_9.vcf.
[Wed Apr 10 09:50:54 2019]
Finished job 139.
40 of 184 steps (22%) done

[Wed Apr 10 09:50:54 2019]
rule indexMutations:
    input: Data/Mutations/sortedMutations10_9.vcf.gz
    output: Data/Mutations/sortedMutations10_9.vcf.gz.tbi
    jobid: 140
    wildcards: treename=10, sample=9

[Wed Apr 10 09:50:54 2019]
Finished job 140.
41 of 184 steps (22%) done

[Wed Apr 10 09:50:54 2019]
rule insertMutations:
    input: Data/ReferenceData/ReferenceGenomeChromosome_22.fa, Data/Mutations/sortedMutations10_9.vcf.gz, Data/Mutations/sortedMutations10_9.vcf.gz.tbi
    output: Data/Mutations/InsertedMutations10_9.fa
    jobid: 110
    wildcards: treename=10, sample=9

Removing temporary output file Data/Mutations/sortedMutations10_9.vcf.gz.
Removing temporary output file Data/Mutations/sortedMutations10_9.vcf.gz.tbi.
[Wed Apr 10 09:50:55 2019]
Finished job 110.
42 of 184 steps (23%) done

[Wed Apr 10 09:50:55 2019]
rule splitGenomIntoSegments:
    input: Data/Mutations/InsertedMutations10_9.fa
    output: Data/MDASimulation/SplitGenomSequences10_9.txt
    jobid: 90
    wildcards: treename=10, sample=9

[Wed Apr 10 09:50:55 2019]
Finished job 90.
43 of 184 steps (23%) done

[Wed Apr 10 09:50:55 2019]
rule sortMutations:
    input: Data/Mutations/Mutations10_0.vcf
    output: Data/Mutations/sortedMutations10_0.vcf
    jobid: 161
    wildcards: treename=10, sample=0

[Wed Apr 10 09:50:55 2019]
Finished job 161.
44 of 184 steps (24%) done

[Wed Apr 10 09:50:55 2019]
rule zipMutations:
    input: Data/Mutations/sortedMutations10_0.vcf
    output: Data/Mutations/sortedMutations10_0.vcf.gz
    jobid: 121
    wildcards: treename=10, sample=0

Removing temporary output file Data/Mutations/sortedMutations10_0.vcf.
[Wed Apr 10 09:50:55 2019]
Finished job 121.
45 of 184 steps (24%) done

[Wed Apr 10 09:50:55 2019]
rule indexMutations:
    input: Data/Mutations/sortedMutations10_0.vcf.gz
    output: Data/Mutations/sortedMutations10_0.vcf.gz.tbi
    jobid: 122
    wildcards: treename=10, sample=0

[Wed Apr 10 09:50:55 2019]
Finished job 122.
46 of 184 steps (25%) done

[Wed Apr 10 09:50:55 2019]
rule insertMutations:
    input: Data/ReferenceData/ReferenceGenomeChromosome_22.fa, Data/Mutations/sortedMutations10_0.vcf.gz, Data/Mutations/sortedMutations10_0.vcf.gz.tbi
    output: Data/Mutations/InsertedMutations10_0.fa
    jobid: 101
    wildcards: treename=10, sample=0

Removing temporary output file Data/Mutations/sortedMutations10_0.vcf.gz.
Removing temporary output file Data/Mutations/sortedMutations10_0.vcf.gz.tbi.
[Wed Apr 10 09:50:55 2019]
Finished job 101.
47 of 184 steps (26%) done

[Wed Apr 10 09:50:55 2019]
rule splitGenomIntoSegments:
    input: Data/Mutations/InsertedMutations10_0.fa
    output: Data/MDASimulation/SplitGenomSequences10_0.txt
    jobid: 81
    wildcards: treename=10, sample=0

[Wed Apr 10 09:50:55 2019]
Finished job 81.
48 of 184 steps (26%) done

[Wed Apr 10 09:50:55 2019]
rule sortMutations:
    input: Data/Mutations/Mutations10_5.vcf
    output: Data/Mutations/sortedMutations10_5.vcf
    jobid: 166
    wildcards: treename=10, sample=5

[Wed Apr 10 09:50:56 2019]
Finished job 166.
49 of 184 steps (27%) done

[Wed Apr 10 09:50:56 2019]
rule zipMutations:
    input: Data/Mutations/sortedMutations10_5.vcf
    output: Data/Mutations/sortedMutations10_5.vcf.gz
    jobid: 131
    wildcards: treename=10, sample=5

Removing temporary output file Data/Mutations/sortedMutations10_5.vcf.
[Wed Apr 10 09:50:56 2019]
Finished job 131.
50 of 184 steps (27%) done

[Wed Apr 10 09:50:56 2019]
rule indexMutations:
    input: Data/Mutations/sortedMutations10_5.vcf.gz
    output: Data/Mutations/sortedMutations10_5.vcf.gz.tbi
    jobid: 132
    wildcards: treename=10, sample=5

[Wed Apr 10 09:50:56 2019]
Finished job 132.
51 of 184 steps (28%) done

[Wed Apr 10 09:50:56 2019]
rule insertMutations:
    input: Data/ReferenceData/ReferenceGenomeChromosome_22.fa, Data/Mutations/sortedMutations10_5.vcf.gz, Data/Mutations/sortedMutations10_5.vcf.gz.tbi
    output: Data/Mutations/InsertedMutations10_5.fa
    jobid: 106
    wildcards: treename=10, sample=5

Removing temporary output file Data/Mutations/sortedMutations10_5.vcf.gz.
Removing temporary output file Data/Mutations/sortedMutations10_5.vcf.gz.tbi.
[Wed Apr 10 09:50:56 2019]
Finished job 106.
52 of 184 steps (28%) done

[Wed Apr 10 09:50:57 2019]
rule splitGenomIntoSegments:
    input: Data/Mutations/InsertedMutations10_5.fa
    output: Data/MDASimulation/SplitGenomSequences10_5.txt
    jobid: 86
    wildcards: treename=10, sample=5

[Wed Apr 10 09:50:57 2019]
Finished job 86.
53 of 184 steps (29%) done

[Wed Apr 10 09:50:57 2019]
rule sortMutations:
    input: Data/Mutations/Mutations10_13.vcf
    output: Data/Mutations/sortedMutations10_13.vcf
    jobid: 174
    wildcards: treename=10, sample=13

[Wed Apr 10 09:50:57 2019]
Finished job 174.
54 of 184 steps (29%) done

[Wed Apr 10 09:50:57 2019]
rule zipMutations:
    input: Data/Mutations/sortedMutations10_13.vcf
    output: Data/Mutations/sortedMutations10_13.vcf.gz
    jobid: 147
    wildcards: treename=10, sample=13

Removing temporary output file Data/Mutations/sortedMutations10_13.vcf.
[Wed Apr 10 09:50:57 2019]
Finished job 147.
55 of 184 steps (30%) done

[Wed Apr 10 09:50:57 2019]
rule indexMutations:
    input: Data/Mutations/sortedMutations10_13.vcf.gz
    output: Data/Mutations/sortedMutations10_13.vcf.gz.tbi
    jobid: 148
    wildcards: treename=10, sample=13

[Wed Apr 10 09:50:57 2019]
Finished job 148.
56 of 184 steps (30%) done

[Wed Apr 10 09:50:57 2019]
rule insertMutations:
    input: Data/ReferenceData/ReferenceGenomeChromosome_22.fa, Data/Mutations/sortedMutations10_13.vcf.gz, Data/Mutations/sortedMutations10_13.vcf.gz.tbi
    output: Data/Mutations/InsertedMutations10_13.fa
    jobid: 114
    wildcards: treename=10, sample=13

Removing temporary output file Data/Mutations/sortedMutations10_13.vcf.gz.
Removing temporary output file Data/Mutations/sortedMutations10_13.vcf.gz.tbi.
[Wed Apr 10 09:50:57 2019]
Finished job 114.
57 of 184 steps (31%) done

[Wed Apr 10 09:50:57 2019]
rule splitGenomIntoSegments:
    input: Data/Mutations/InsertedMutations10_13.fa
    output: Data/MDASimulation/SplitGenomSequences10_13.txt
    jobid: 94
    wildcards: treename=10, sample=13

[Wed Apr 10 09:50:57 2019]
Finished job 94.
58 of 184 steps (32%) done

[Wed Apr 10 09:50:57 2019]
rule sortMutations:
    input: Data/Mutations/Mutations10_11.vcf
    output: Data/Mutations/sortedMutations10_11.vcf
    jobid: 172
    wildcards: treename=10, sample=11

[Wed Apr 10 09:50:57 2019]
Finished job 172.
59 of 184 steps (32%) done

[Wed Apr 10 09:50:57 2019]
rule zipMutations:
    input: Data/Mutations/sortedMutations10_11.vcf
    output: Data/Mutations/sortedMutations10_11.vcf.gz
    jobid: 143
    wildcards: treename=10, sample=11

Removing temporary output file Data/Mutations/sortedMutations10_11.vcf.
[Wed Apr 10 09:50:57 2019]
Finished job 143.
60 of 184 steps (33%) done

[Wed Apr 10 09:50:57 2019]
rule indexMutations:
    input: Data/Mutations/sortedMutations10_11.vcf.gz
    output: Data/Mutations/sortedMutations10_11.vcf.gz.tbi
    jobid: 144
    wildcards: treename=10, sample=11

[Wed Apr 10 09:50:57 2019]
Finished job 144.
61 of 184 steps (33%) done

[Wed Apr 10 09:50:57 2019]
rule insertMutations:
    input: Data/ReferenceData/ReferenceGenomeChromosome_22.fa, Data/Mutations/sortedMutations10_11.vcf.gz, Data/Mutations/sortedMutations10_11.vcf.gz.tbi
    output: Data/Mutations/InsertedMutations10_11.fa
    jobid: 112
    wildcards: treename=10, sample=11

Removing temporary output file Data/Mutations/sortedMutations10_11.vcf.gz.
Removing temporary output file Data/Mutations/sortedMutations10_11.vcf.gz.tbi.
[Wed Apr 10 09:50:58 2019]
Finished job 112.
62 of 184 steps (34%) done

[Wed Apr 10 09:50:58 2019]
rule splitGenomIntoSegments:
    input: Data/Mutations/InsertedMutations10_11.fa
    output: Data/MDASimulation/SplitGenomSequences10_11.txt
    jobid: 92
    wildcards: treename=10, sample=11

[Wed Apr 10 09:50:58 2019]
Finished job 92.
63 of 184 steps (34%) done

[Wed Apr 10 09:50:58 2019]
rule sortMutations:
    input: Data/Mutations/Mutations10_12.vcf
    output: Data/Mutations/sortedMutations10_12.vcf
    jobid: 173
    wildcards: treename=10, sample=12

[Wed Apr 10 09:50:58 2019]
Finished job 173.
64 of 184 steps (35%) done

[Wed Apr 10 09:50:58 2019]
rule zipMutations:
    input: Data/Mutations/sortedMutations10_12.vcf
    output: Data/Mutations/sortedMutations10_12.vcf.gz
    jobid: 145
    wildcards: treename=10, sample=12

Removing temporary output file Data/Mutations/sortedMutations10_12.vcf.
[Wed Apr 10 09:50:58 2019]
Finished job 145.
65 of 184 steps (35%) done

[Wed Apr 10 09:50:58 2019]
rule indexMutations:
    input: Data/Mutations/sortedMutations10_12.vcf.gz
    output: Data/Mutations/sortedMutations10_12.vcf.gz.tbi
    jobid: 146
    wildcards: treename=10, sample=12

[Wed Apr 10 09:50:58 2019]
Finished job 146.
66 of 184 steps (36%) done

[Wed Apr 10 09:50:58 2019]
rule insertMutations:
    input: Data/ReferenceData/ReferenceGenomeChromosome_22.fa, Data/Mutations/sortedMutations10_12.vcf.gz, Data/Mutations/sortedMutations10_12.vcf.gz.tbi
    output: Data/Mutations/InsertedMutations10_12.fa
    jobid: 113
    wildcards: treename=10, sample=12

Removing temporary output file Data/Mutations/sortedMutations10_12.vcf.gz.
Removing temporary output file Data/Mutations/sortedMutations10_12.vcf.gz.tbi.
[Wed Apr 10 09:50:58 2019]
Finished job 113.
67 of 184 steps (36%) done

[Wed Apr 10 09:50:59 2019]
rule splitGenomIntoSegments:
    input: Data/Mutations/InsertedMutations10_12.fa
    output: Data/MDASimulation/SplitGenomSequences10_12.txt
    jobid: 93
    wildcards: treename=10, sample=12

[Wed Apr 10 09:50:59 2019]
Finished job 93.
68 of 184 steps (37%) done

[Wed Apr 10 09:50:59 2019]
rule sortMutations:
    input: Data/Mutations/Mutations10_15.vcf
    output: Data/Mutations/sortedMutations10_15.vcf
    jobid: 176
    wildcards: treename=10, sample=15

[Wed Apr 10 09:50:59 2019]
Finished job 176.
69 of 184 steps (38%) done

[Wed Apr 10 09:50:59 2019]
rule zipMutations:
    input: Data/Mutations/sortedMutations10_15.vcf
    output: Data/Mutations/sortedMutations10_15.vcf.gz
    jobid: 151
    wildcards: treename=10, sample=15

Removing temporary output file Data/Mutations/sortedMutations10_15.vcf.
[Wed Apr 10 09:50:59 2019]
Finished job 151.
70 of 184 steps (38%) done

[Wed Apr 10 09:50:59 2019]
rule indexMutations:
    input: Data/Mutations/sortedMutations10_15.vcf.gz
    output: Data/Mutations/sortedMutations10_15.vcf.gz.tbi
    jobid: 152
    wildcards: treename=10, sample=15

[Wed Apr 10 09:50:59 2019]
Finished job 152.
71 of 184 steps (39%) done

[Wed Apr 10 09:50:59 2019]
rule insertMutations:
    input: Data/ReferenceData/ReferenceGenomeChromosome_22.fa, Data/Mutations/sortedMutations10_15.vcf.gz, Data/Mutations/sortedMutations10_15.vcf.gz.tbi
    output: Data/Mutations/InsertedMutations10_15.fa
    jobid: 116
    wildcards: treename=10, sample=15

Removing temporary output file Data/Mutations/sortedMutations10_15.vcf.gz.
Removing temporary output file Data/Mutations/sortedMutations10_15.vcf.gz.tbi.
[Wed Apr 10 09:50:59 2019]
Finished job 116.
72 of 184 steps (39%) done

[Wed Apr 10 09:50:59 2019]
rule splitGenomIntoSegments:
    input: Data/Mutations/InsertedMutations10_15.fa
    output: Data/MDASimulation/SplitGenomSequences10_15.txt
    jobid: 96
    wildcards: treename=10, sample=15

[Wed Apr 10 09:50:59 2019]
Finished job 96.
73 of 184 steps (40%) done

[Wed Apr 10 09:50:59 2019]
rule sortMutations:
    input: Data/Mutations/Mutations10_14.vcf
    output: Data/Mutations/sortedMutations10_14.vcf
    jobid: 175
    wildcards: treename=10, sample=14

[Wed Apr 10 09:50:59 2019]
Finished job 175.
74 of 184 steps (40%) done

[Wed Apr 10 09:50:59 2019]
rule zipMutations:
    input: Data/Mutations/sortedMutations10_14.vcf
    output: Data/Mutations/sortedMutations10_14.vcf.gz
    jobid: 149
    wildcards: treename=10, sample=14

Removing temporary output file Data/Mutations/sortedMutations10_14.vcf.
[Wed Apr 10 09:50:59 2019]
Finished job 149.
75 of 184 steps (41%) done

[Wed Apr 10 09:50:59 2019]
rule indexMutations:
    input: Data/Mutations/sortedMutations10_14.vcf.gz
    output: Data/Mutations/sortedMutations10_14.vcf.gz.tbi
    jobid: 150
    wildcards: treename=10, sample=14

[Wed Apr 10 09:51:00 2019]
Finished job 150.
76 of 184 steps (41%) done

[Wed Apr 10 09:51:00 2019]
rule insertMutations:
    input: Data/ReferenceData/ReferenceGenomeChromosome_22.fa, Data/Mutations/sortedMutations10_14.vcf.gz, Data/Mutations/sortedMutations10_14.vcf.gz.tbi
    output: Data/Mutations/InsertedMutations10_14.fa
    jobid: 115
    wildcards: treename=10, sample=14

Removing temporary output file Data/Mutations/sortedMutations10_14.vcf.gz.
Removing temporary output file Data/Mutations/sortedMutations10_14.vcf.gz.tbi.
[Wed Apr 10 09:51:00 2019]
Finished job 115.
77 of 184 steps (42%) done

[Wed Apr 10 09:51:00 2019]
rule splitGenomIntoSegments:
    input: Data/Mutations/InsertedMutations10_14.fa
    output: Data/MDASimulation/SplitGenomSequences10_14.txt
    jobid: 95
    wildcards: treename=10, sample=14

[Wed Apr 10 09:51:00 2019]
Finished job 95.
78 of 184 steps (42%) done

[Wed Apr 10 09:51:00 2019]
rule sortMutations:
    input: Data/Mutations/Mutations10_19.vcf
    output: Data/Mutations/sortedMutations10_19.vcf
    jobid: 180
    wildcards: treename=10, sample=19

[Wed Apr 10 09:51:00 2019]
Finished job 180.
79 of 184 steps (43%) done

[Wed Apr 10 09:51:00 2019]
rule zipMutations:
    input: Data/Mutations/sortedMutations10_19.vcf
    output: Data/Mutations/sortedMutations10_19.vcf.gz
    jobid: 159
    wildcards: treename=10, sample=19

Removing temporary output file Data/Mutations/sortedMutations10_19.vcf.
[Wed Apr 10 09:51:00 2019]
Finished job 159.
80 of 184 steps (43%) done

[Wed Apr 10 09:51:00 2019]
rule indexMutations:
    input: Data/Mutations/sortedMutations10_19.vcf.gz
    output: Data/Mutations/sortedMutations10_19.vcf.gz.tbi
    jobid: 160
    wildcards: treename=10, sample=19

[Wed Apr 10 09:51:00 2019]
Finished job 160.
81 of 184 steps (44%) done

[Wed Apr 10 09:51:00 2019]
rule insertMutations:
    input: Data/ReferenceData/ReferenceGenomeChromosome_22.fa, Data/Mutations/sortedMutations10_19.vcf.gz, Data/Mutations/sortedMutations10_19.vcf.gz.tbi
    output: Data/Mutations/InsertedMutations10_19.fa
    jobid: 120
    wildcards: treename=10, sample=19

Removing temporary output file Data/Mutations/sortedMutations10_19.vcf.gz.
Removing temporary output file Data/Mutations/sortedMutations10_19.vcf.gz.tbi.
[Wed Apr 10 09:51:01 2019]
Finished job 120.
82 of 184 steps (45%) done

[Wed Apr 10 09:51:01 2019]
rule splitGenomIntoSegments:
    input: Data/Mutations/InsertedMutations10_19.fa
    output: Data/MDASimulation/SplitGenomSequences10_19.txt
    jobid: 100
    wildcards: treename=10, sample=19

[Wed Apr 10 09:51:01 2019]
Finished job 100.
83 of 184 steps (45%) done

[Wed Apr 10 09:51:01 2019]
rule sortMutations:
    input: Data/Mutations/Mutations10_10.vcf
    output: Data/Mutations/sortedMutations10_10.vcf
    jobid: 171
    wildcards: treename=10, sample=10

[Wed Apr 10 09:51:01 2019]
Finished job 171.
84 of 184 steps (46%) done

[Wed Apr 10 09:51:01 2019]
rule zipMutations:
    input: Data/Mutations/sortedMutations10_10.vcf
    output: Data/Mutations/sortedMutations10_10.vcf.gz
    jobid: 141
    wildcards: treename=10, sample=10

Removing temporary output file Data/Mutations/sortedMutations10_10.vcf.
[Wed Apr 10 09:51:01 2019]
Finished job 141.
85 of 184 steps (46%) done

[Wed Apr 10 09:51:01 2019]
rule indexMutations:
    input: Data/Mutations/sortedMutations10_10.vcf.gz
    output: Data/Mutations/sortedMutations10_10.vcf.gz.tbi
    jobid: 142
    wildcards: treename=10, sample=10

[Wed Apr 10 09:51:01 2019]
Finished job 142.
86 of 184 steps (47%) done

[Wed Apr 10 09:51:01 2019]
rule insertMutations:
    input: Data/ReferenceData/ReferenceGenomeChromosome_22.fa, Data/Mutations/sortedMutations10_10.vcf.gz, Data/Mutations/sortedMutations10_10.vcf.gz.tbi
    output: Data/Mutations/InsertedMutations10_10.fa
    jobid: 111
    wildcards: treename=10, sample=10

Removing temporary output file Data/Mutations/sortedMutations10_10.vcf.gz.
Removing temporary output file Data/Mutations/sortedMutations10_10.vcf.gz.tbi.
[Wed Apr 10 09:51:01 2019]
Finished job 111.
87 of 184 steps (47%) done

[Wed Apr 10 09:51:01 2019]
rule splitGenomIntoSegments:
    input: Data/Mutations/InsertedMutations10_10.fa
    output: Data/MDASimulation/SplitGenomSequences10_10.txt
    jobid: 91
    wildcards: treename=10, sample=10

[Wed Apr 10 09:51:01 2019]
Finished job 91.
88 of 184 steps (48%) done

[Wed Apr 10 09:51:01 2019]
rule sortMutations:
    input: Data/Mutations/Mutations10_18.vcf
    output: Data/Mutations/sortedMutations10_18.vcf
    jobid: 179
    wildcards: treename=10, sample=18

[Wed Apr 10 09:51:02 2019]
Finished job 179.
89 of 184 steps (48%) done

[Wed Apr 10 09:51:02 2019]
rule zipMutations:
    input: Data/Mutations/sortedMutations10_18.vcf
    output: Data/Mutations/sortedMutations10_18.vcf.gz
    jobid: 157
    wildcards: treename=10, sample=18

Removing temporary output file Data/Mutations/sortedMutations10_18.vcf.
[Wed Apr 10 09:51:02 2019]
Finished job 157.
90 of 184 steps (49%) done

[Wed Apr 10 09:51:02 2019]
rule indexMutations:
    input: Data/Mutations/sortedMutations10_18.vcf.gz
    output: Data/Mutations/sortedMutations10_18.vcf.gz.tbi
    jobid: 158
    wildcards: treename=10, sample=18

[Wed Apr 10 09:51:02 2019]
Finished job 158.
91 of 184 steps (49%) done

[Wed Apr 10 09:51:02 2019]
rule insertMutations:
    input: Data/ReferenceData/ReferenceGenomeChromosome_22.fa, Data/Mutations/sortedMutations10_18.vcf.gz, Data/Mutations/sortedMutations10_18.vcf.gz.tbi
    output: Data/Mutations/InsertedMutations10_18.fa
    jobid: 119
    wildcards: treename=10, sample=18

Removing temporary output file Data/Mutations/sortedMutations10_18.vcf.gz.
Removing temporary output file Data/Mutations/sortedMutations10_18.vcf.gz.tbi.
[Wed Apr 10 09:51:02 2019]
Finished job 119.
92 of 184 steps (50%) done

[Wed Apr 10 09:51:02 2019]
rule splitGenomIntoSegments:
    input: Data/Mutations/InsertedMutations10_18.fa
    output: Data/MDASimulation/SplitGenomSequences10_18.txt
    jobid: 99
    wildcards: treename=10, sample=18

[Wed Apr 10 09:51:02 2019]
Finished job 99.
93 of 184 steps (51%) done

[Wed Apr 10 09:51:02 2019]
rule sortMutations:
    input: Data/Mutations/Mutations10_17.vcf
    output: Data/Mutations/sortedMutations10_17.vcf
    jobid: 178
    wildcards: treename=10, sample=17

[Wed Apr 10 09:51:02 2019]
Finished job 178.
94 of 184 steps (51%) done

[Wed Apr 10 09:51:02 2019]
rule zipMutations:
    input: Data/Mutations/sortedMutations10_17.vcf
    output: Data/Mutations/sortedMutations10_17.vcf.gz
    jobid: 155
    wildcards: treename=10, sample=17

Removing temporary output file Data/Mutations/sortedMutations10_17.vcf.
[Wed Apr 10 09:51:02 2019]
Finished job 155.
95 of 184 steps (52%) done

[Wed Apr 10 09:51:02 2019]
rule indexMutations:
    input: Data/Mutations/sortedMutations10_17.vcf.gz
    output: Data/Mutations/sortedMutations10_17.vcf.gz.tbi
    jobid: 156
    wildcards: treename=10, sample=17

[Wed Apr 10 09:51:02 2019]
Finished job 156.
96 of 184 steps (52%) done

[Wed Apr 10 09:51:02 2019]
rule insertMutations:
    input: Data/ReferenceData/ReferenceGenomeChromosome_22.fa, Data/Mutations/sortedMutations10_17.vcf.gz, Data/Mutations/sortedMutations10_17.vcf.gz.tbi
    output: Data/Mutations/InsertedMutations10_17.fa
    jobid: 118
    wildcards: treename=10, sample=17

Removing temporary output file Data/Mutations/sortedMutations10_17.vcf.gz.
Removing temporary output file Data/Mutations/sortedMutations10_17.vcf.gz.tbi.
[Wed Apr 10 09:51:03 2019]
Finished job 118.
97 of 184 steps (53%) done

[Wed Apr 10 09:51:03 2019]
rule splitGenomIntoSegments:
    input: Data/Mutations/InsertedMutations10_17.fa
    output: Data/MDASimulation/SplitGenomSequences10_17.txt
    jobid: 98
    wildcards: treename=10, sample=17

[Wed Apr 10 09:51:03 2019]
Finished job 98.
98 of 184 steps (53%) done

[Wed Apr 10 09:51:03 2019]
rule sortMutations:
    input: Data/Mutations/Mutations10_16.vcf
    output: Data/Mutations/sortedMutations10_16.vcf
    jobid: 177
    wildcards: treename=10, sample=16

[Wed Apr 10 09:51:03 2019]
Finished job 177.
99 of 184 steps (54%) done

[Wed Apr 10 09:51:03 2019]
rule zipMutations:
    input: Data/Mutations/sortedMutations10_16.vcf
    output: Data/Mutations/sortedMutations10_16.vcf.gz
    jobid: 153
    wildcards: treename=10, sample=16

Removing temporary output file Data/Mutations/sortedMutations10_16.vcf.
[Wed Apr 10 09:51:03 2019]
Finished job 153.
100 of 184 steps (54%) done

[Wed Apr 10 09:51:03 2019]
rule indexMutations:
    input: Data/Mutations/sortedMutations10_16.vcf.gz
    output: Data/Mutations/sortedMutations10_16.vcf.gz.tbi
    jobid: 154
    wildcards: treename=10, sample=16

[Wed Apr 10 09:51:03 2019]
Finished job 154.
101 of 184 steps (55%) done

[Wed Apr 10 09:51:03 2019]
rule insertMutations:
    input: Data/ReferenceData/ReferenceGenomeChromosome_22.fa, Data/Mutations/sortedMutations10_16.vcf.gz, Data/Mutations/sortedMutations10_16.vcf.gz.tbi
    output: Data/Mutations/InsertedMutations10_16.fa
    jobid: 117
    wildcards: treename=10, sample=16

Removing temporary output file Data/Mutations/sortedMutations10_16.vcf.gz.
Removing temporary output file Data/Mutations/sortedMutations10_16.vcf.gz.tbi.
[Wed Apr 10 09:51:04 2019]
Finished job 117.
102 of 184 steps (55%) done

[Wed Apr 10 09:51:04 2019]
rule splitGenomIntoSegments:
    input: Data/Mutations/InsertedMutations10_16.fa
    output: Data/MDASimulation/SplitGenomSequences10_16.txt
    jobid: 97
    wildcards: treename=10, sample=16

[Wed Apr 10 09:51:04 2019]
Finished job 97.
103 of 184 steps (56%) done

[Wed Apr 10 09:51:04 2019]
rule sampleSimulationData:
    input: Data/MDASimulation/SplitGenomSequences10_16.txt
    output: Data/MDASimulation/sampledSimulationData10_16.txt
    jobid: 77
    wildcards: treename=10, sample=16

[Wed Apr 10 09:51:04 2019]
Finished job 77.
104 of 184 steps (57%) done

[Wed Apr 10 09:51:04 2019]
rule sampleSimulationData:
    input: Data/MDASimulation/SplitGenomSequences10_5.txt
    output: Data/MDASimulation/sampledSimulationData10_5.txt
    jobid: 66
    wildcards: treename=10, sample=5

[Wed Apr 10 09:51:04 2019]
Finished job 66.
105 of 184 steps (57%) done

[Wed Apr 10 09:51:04 2019]
rule sampleSimulationData:
    input: Data/MDASimulation/SplitGenomSequences10_18.txt
    output: Data/MDASimulation/sampledSimulationData10_18.txt
    jobid: 79
    wildcards: treename=10, sample=18

[Wed Apr 10 09:51:04 2019]
Finished job 79.
106 of 184 steps (58%) done

[Wed Apr 10 09:51:04 2019]
rule sampleSimulationData:
    input: Data/MDASimulation/SplitGenomSequences10_3.txt
    output: Data/MDASimulation/sampledSimulationData10_3.txt
    jobid: 64
    wildcards: treename=10, sample=3

[Wed Apr 10 09:51:04 2019]
Finished job 64.
107 of 184 steps (58%) done

[Wed Apr 10 09:51:04 2019]
rule sampleSimulationData:
    input: Data/MDASimulation/SplitGenomSequences10_17.txt
    output: Data/MDASimulation/sampledSimulationData10_17.txt
    jobid: 78
    wildcards: treename=10, sample=17

[Wed Apr 10 09:51:04 2019]
Finished job 78.
108 of 184 steps (59%) done

[Wed Apr 10 09:51:04 2019]
rule sampleSimulationData:
    input: Data/MDASimulation/SplitGenomSequences10_14.txt
    output: Data/MDASimulation/sampledSimulationData10_14.txt
    jobid: 75
    wildcards: treename=10, sample=14

[Wed Apr 10 09:51:04 2019]
Finished job 75.
109 of 184 steps (59%) done

[Wed Apr 10 09:51:04 2019]
rule simulateReads:
    input: Data/MDASimulation/sampledSimulationData10_14.txt
    output: Data/MDASimulation/simulatedRead10_14.txt
    jobid: 55
    wildcards: treename=10, sample=14

[Wed Apr 10 09:51:04 2019]
Finished job 55.
110 of 184 steps (60%) done

[Wed Apr 10 09:51:04 2019]
rule simulateReads:
    input: Data/MDASimulation/sampledSimulationData10_17.txt
    output: Data/MDASimulation/simulatedRead10_17.txt
    jobid: 58
    wildcards: treename=10, sample=17

[Wed Apr 10 09:51:04 2019]
Finished job 58.
111 of 184 steps (60%) done

[Wed Apr 10 09:51:04 2019]
rule convertFilesToSamtools:
    input: Data/MDASimulation/simulatedRead10_17.txt
    output: Data/MDASimulation/convertedToSamtools10_17.txt
    jobid: 38
    wildcards: treename=10, sample=17

[Wed Apr 10 09:51:04 2019]
Finished job 38.
112 of 184 steps (61%) done

[Wed Apr 10 09:51:05 2019]
rule simulateMDAAmplificationErrors:
    input: Data/MDASimulation/convertedToSamtools10_17.txt
    output: results/amplificationErrors10_17.txt
    jobid: 18
    wildcards: treename=10, sample=17

[Wed Apr 10 09:51:05 2019]
Finished job 18.
113 of 184 steps (61%) done

[Wed Apr 10 09:51:05 2019]
rule simulateReads:
    input: Data/MDASimulation/sampledSimulationData10_3.txt
    output: Data/MDASimulation/simulatedRead10_3.txt
    jobid: 44
    wildcards: treename=10, sample=3

[Wed Apr 10 09:51:05 2019]
Finished job 44.
114 of 184 steps (62%) done

[Wed Apr 10 09:51:05 2019]
rule convertFilesToSamtools:
    input: Data/MDASimulation/simulatedRead10_3.txt
    output: Data/MDASimulation/convertedToSamtools10_3.txt
    jobid: 24
    wildcards: treename=10, sample=3

[Wed Apr 10 09:51:05 2019]
Finished job 24.
115 of 184 steps (62%) done

[Wed Apr 10 09:51:05 2019]
rule simulateMDAAmplificationErrors:
    input: Data/MDASimulation/convertedToSamtools10_3.txt
    output: results/amplificationErrors10_3.txt
    jobid: 4
    wildcards: treename=10, sample=3

[Wed Apr 10 09:51:05 2019]
Finished job 4.
116 of 184 steps (63%) done

[Wed Apr 10 09:51:05 2019]
rule sampleSimulationData:
    input: Data/MDASimulation/SplitGenomSequences10_10.txt
    output: Data/MDASimulation/sampledSimulationData10_10.txt
    jobid: 71
    wildcards: treename=10, sample=10

[Wed Apr 10 09:51:05 2019]
Finished job 71.
117 of 184 steps (64%) done

[Wed Apr 10 09:51:05 2019]
rule simulateReads:
    input: Data/MDASimulation/sampledSimulationData10_10.txt
    output: Data/MDASimulation/simulatedRead10_10.txt
    jobid: 51
    wildcards: treename=10, sample=10

[Wed Apr 10 09:51:05 2019]
Finished job 51.
118 of 184 steps (64%) done

[Wed Apr 10 09:51:05 2019]
rule convertFilesToSamtools:
    input: Data/MDASimulation/simulatedRead10_10.txt
    output: Data/MDASimulation/convertedToSamtools10_10.txt
    jobid: 31
    wildcards: treename=10, sample=10

[Wed Apr 10 09:51:05 2019]
Finished job 31.
119 of 184 steps (65%) done

[Wed Apr 10 09:51:05 2019]
rule simulateReads:
    input: Data/MDASimulation/sampledSimulationData10_5.txt
    output: Data/MDASimulation/simulatedRead10_5.txt
    jobid: 46
    wildcards: treename=10, sample=5

[Wed Apr 10 09:51:05 2019]
Finished job 46.
120 of 184 steps (65%) done

[Wed Apr 10 09:51:05 2019]
rule convertFilesToSamtools:
    input: Data/MDASimulation/simulatedRead10_5.txt
    output: Data/MDASimulation/convertedToSamtools10_5.txt
    jobid: 26
    wildcards: treename=10, sample=5

[Wed Apr 10 09:51:05 2019]
Finished job 26.
121 of 184 steps (66%) done

[Wed Apr 10 09:51:05 2019]
rule simulateMDAAmplificationErrors:
    input: Data/MDASimulation/convertedToSamtools10_5.txt
    output: results/amplificationErrors10_5.txt
    jobid: 6
    wildcards: treename=10, sample=5

[Wed Apr 10 09:51:05 2019]
Finished job 6.
122 of 184 steps (66%) done

[Wed Apr 10 09:51:06 2019]
rule convertFilesToSamtools:
    input: Data/MDASimulation/simulatedRead10_14.txt
    output: Data/MDASimulation/convertedToSamtools10_14.txt
    jobid: 35
    wildcards: treename=10, sample=14

[Wed Apr 10 09:51:06 2019]
Finished job 35.
123 of 184 steps (67%) done

[Wed Apr 10 09:51:06 2019]
rule sampleSimulationData:
    input: Data/MDASimulation/SplitGenomSequences10_0.txt
    output: Data/MDASimulation/sampledSimulationData10_0.txt
    jobid: 61
    wildcards: treename=10, sample=0

[Wed Apr 10 09:51:06 2019]
Finished job 61.
124 of 184 steps (67%) done

[Wed Apr 10 09:51:06 2019]
rule simulateReads:
    input: Data/MDASimulation/sampledSimulationData10_0.txt
    output: Data/MDASimulation/simulatedRead10_0.txt
    jobid: 41
    wildcards: treename=10, sample=0

[Wed Apr 10 09:51:06 2019]
Finished job 41.
125 of 184 steps (68%) done

[Wed Apr 10 09:51:06 2019]
rule convertFilesToSamtools:
    input: Data/MDASimulation/simulatedRead10_0.txt
    output: Data/MDASimulation/convertedToSamtools10_0.txt
    jobid: 21
    wildcards: treename=10, sample=0

[Wed Apr 10 09:51:06 2019]
Finished job 21.
126 of 184 steps (68%) done

[Wed Apr 10 09:51:06 2019]
rule sampleSimulationData:
    input: Data/MDASimulation/SplitGenomSequences10_19.txt
    output: Data/MDASimulation/sampledSimulationData10_19.txt
    jobid: 80
    wildcards: treename=10, sample=19

[Wed Apr 10 09:51:06 2019]
Finished job 80.
127 of 184 steps (69%) done

[Wed Apr 10 09:51:06 2019]
rule simulateReads:
    input: Data/MDASimulation/sampledSimulationData10_19.txt
    output: Data/MDASimulation/simulatedRead10_19.txt
    jobid: 60
    wildcards: treename=10, sample=19

[Wed Apr 10 09:51:06 2019]
Finished job 60.
128 of 184 steps (70%) done

[Wed Apr 10 09:51:06 2019]
rule convertFilesToSamtools:
    input: Data/MDASimulation/simulatedRead10_19.txt
    output: Data/MDASimulation/convertedToSamtools10_19.txt
    jobid: 40
    wildcards: treename=10, sample=19

[Wed Apr 10 09:51:06 2019]
Finished job 40.
129 of 184 steps (70%) done

[Wed Apr 10 09:51:06 2019]
rule simulateReads:
    input: Data/MDASimulation/sampledSimulationData10_18.txt
    output: Data/MDASimulation/simulatedRead10_18.txt
    jobid: 59
    wildcards: treename=10, sample=18

[Wed Apr 10 09:51:06 2019]
Finished job 59.
130 of 184 steps (71%) done

[Wed Apr 10 09:51:06 2019]
rule convertFilesToSamtools:
    input: Data/MDASimulation/simulatedRead10_18.txt
    output: Data/MDASimulation/convertedToSamtools10_18.txt
    jobid: 39
    wildcards: treename=10, sample=18

[Wed Apr 10 09:51:06 2019]
Finished job 39.
131 of 184 steps (71%) done

[Wed Apr 10 09:51:06 2019]
rule simulateMDAAmplificationErrors:
    input: Data/MDASimulation/convertedToSamtools10_18.txt
    output: results/amplificationErrors10_18.txt
    jobid: 19
    wildcards: treename=10, sample=18

[Wed Apr 10 09:51:06 2019]
Finished job 19.
132 of 184 steps (72%) done

[Wed Apr 10 09:51:07 2019]
rule simulateReads:
    input: Data/MDASimulation/sampledSimulationData10_16.txt
    output: Data/MDASimulation/simulatedRead10_16.txt
    jobid: 57
    wildcards: treename=10, sample=16

[Wed Apr 10 09:51:07 2019]
Finished job 57.
133 of 184 steps (72%) done

[Wed Apr 10 09:51:07 2019]
rule convertFilesToSamtools:
    input: Data/MDASimulation/simulatedRead10_16.txt
    output: Data/MDASimulation/convertedToSamtools10_16.txt
    jobid: 37
    wildcards: treename=10, sample=16

[Wed Apr 10 09:51:07 2019]
Finished job 37.
134 of 184 steps (73%) done

[Wed Apr 10 09:51:07 2019]
rule simulateMDAAmplificationErrors:
    input: Data/MDASimulation/convertedToSamtools10_16.txt
    output: results/amplificationErrors10_16.txt
    jobid: 17
    wildcards: treename=10, sample=16

[Wed Apr 10 09:51:07 2019]
Finished job 17.
135 of 184 steps (73%) done

[Wed Apr 10 09:51:07 2019]
rule simulateMDAAmplificationErrors:
    input: Data/MDASimulation/convertedToSamtools10_14.txt
    output: results/amplificationErrors10_14.txt
    jobid: 15
    wildcards: treename=10, sample=14

[Wed Apr 10 09:51:07 2019]
Finished job 15.
136 of 184 steps (74%) done

[Wed Apr 10 09:51:07 2019]
rule sampleSimulationData:
    input: Data/MDASimulation/SplitGenomSequences10_7.txt
    output: Data/MDASimulation/sampledSimulationData10_7.txt
    jobid: 68
    wildcards: treename=10, sample=7

[Wed Apr 10 09:51:07 2019]
Finished job 68.
137 of 184 steps (74%) done

[Wed Apr 10 09:51:07 2019]
rule simulateReads:
    input: Data/MDASimulation/sampledSimulationData10_7.txt
    output: Data/MDASimulation/simulatedRead10_7.txt
    jobid: 48
    wildcards: treename=10, sample=7

[Wed Apr 10 09:51:07 2019]
Finished job 48.
138 of 184 steps (75%) done

[Wed Apr 10 09:51:07 2019]
rule convertFilesToSamtools:
    input: Data/MDASimulation/simulatedRead10_7.txt
    output: Data/MDASimulation/convertedToSamtools10_7.txt
    jobid: 28
    wildcards: treename=10, sample=7

[Wed Apr 10 09:51:07 2019]
Finished job 28.
139 of 184 steps (76%) done

[Wed Apr 10 09:51:07 2019]
rule simulateMDAAmplificationErrors:
    input: Data/MDASimulation/convertedToSamtools10_7.txt
    output: results/amplificationErrors10_7.txt
    jobid: 8
    wildcards: treename=10, sample=7

[Wed Apr 10 09:51:07 2019]
Finished job 8.
140 of 184 steps (76%) done

[Wed Apr 10 09:51:07 2019]
rule sampleSimulationData:
    input: Data/MDASimulation/SplitGenomSequences10_12.txt
    output: Data/MDASimulation/sampledSimulationData10_12.txt
    jobid: 73
    wildcards: treename=10, sample=12

[Wed Apr 10 09:51:07 2019]
Finished job 73.
141 of 184 steps (77%) done

[Wed Apr 10 09:51:07 2019]
rule simulateReads:
    input: Data/MDASimulation/sampledSimulationData10_12.txt
    output: Data/MDASimulation/simulatedRead10_12.txt
    jobid: 53
    wildcards: treename=10, sample=12

[Wed Apr 10 09:51:07 2019]
Finished job 53.
142 of 184 steps (77%) done

[Wed Apr 10 09:51:08 2019]
rule convertFilesToSamtools:
    input: Data/MDASimulation/simulatedRead10_12.txt
    output: Data/MDASimulation/convertedToSamtools10_12.txt
    jobid: 33
    wildcards: treename=10, sample=12

[Wed Apr 10 09:51:08 2019]
Finished job 33.
143 of 184 steps (78%) done

[Wed Apr 10 09:51:08 2019]
rule simulateMDAAmplificationErrors:
    input: Data/MDASimulation/convertedToSamtools10_12.txt
    output: results/amplificationErrors10_12.txt
    jobid: 13
    wildcards: treename=10, sample=12

[Wed Apr 10 09:51:08 2019]
Finished job 13.
144 of 184 steps (78%) done

[Wed Apr 10 09:51:08 2019]
rule simulateMDAAmplificationErrors:
    input: Data/MDASimulation/convertedToSamtools10_0.txt
    output: results/amplificationErrors10_0.txt
    jobid: 1
    wildcards: treename=10, sample=0

[Wed Apr 10 09:51:08 2019]
Finished job 1.
145 of 184 steps (79%) done

[Wed Apr 10 09:51:08 2019]
rule simulateMDAAmplificationErrors:
    input: Data/MDASimulation/convertedToSamtools10_19.txt
    output: results/amplificationErrors10_19.txt
    jobid: 20
    wildcards: treename=10, sample=19

[Wed Apr 10 09:51:08 2019]
Finished job 20.
146 of 184 steps (79%) done

[Wed Apr 10 09:51:08 2019]
rule sampleSimulationData:
    input: Data/MDASimulation/SplitGenomSequences10_6.txt
    output: Data/MDASimulation/sampledSimulationData10_6.txt
    jobid: 67
    wildcards: treename=10, sample=6

[Wed Apr 10 09:51:08 2019]
Finished job 67.
147 of 184 steps (80%) done

[Wed Apr 10 09:51:08 2019]
rule simulateReads:
    input: Data/MDASimulation/sampledSimulationData10_6.txt
    output: Data/MDASimulation/simulatedRead10_6.txt
    jobid: 47
    wildcards: treename=10, sample=6

[Wed Apr 10 09:51:08 2019]
Finished job 47.
148 of 184 steps (80%) done

[Wed Apr 10 09:51:08 2019]
rule convertFilesToSamtools:
    input: Data/MDASimulation/simulatedRead10_6.txt
    output: Data/MDASimulation/convertedToSamtools10_6.txt
    jobid: 27
    wildcards: treename=10, sample=6

[Wed Apr 10 09:51:08 2019]
Finished job 27.
149 of 184 steps (81%) done

[Wed Apr 10 09:51:08 2019]
rule simulateMDAAmplificationErrors:
    input: Data/MDASimulation/convertedToSamtools10_6.txt
    output: results/amplificationErrors10_6.txt
    jobid: 7
    wildcards: treename=10, sample=6

[Wed Apr 10 09:51:08 2019]
Finished job 7.
150 of 184 steps (82%) done

[Wed Apr 10 09:51:08 2019]
rule simulateMDAAmplificationErrors:
    input: Data/MDASimulation/convertedToSamtools10_10.txt
    output: results/amplificationErrors10_10.txt
    jobid: 11
    wildcards: treename=10, sample=10

[Wed Apr 10 09:51:08 2019]
Finished job 11.
151 of 184 steps (82%) done

[Wed Apr 10 09:51:08 2019]
rule sampleSimulationData:
    input: Data/MDASimulation/SplitGenomSequences10_15.txt
    output: Data/MDASimulation/sampledSimulationData10_15.txt
    jobid: 76
    wildcards: treename=10, sample=15

[Wed Apr 10 09:51:08 2019]
Finished job 76.
152 of 184 steps (83%) done

[Wed Apr 10 09:51:09 2019]
rule sampleSimulationData:
    input: Data/MDASimulation/SplitGenomSequences10_8.txt
    output: Data/MDASimulation/sampledSimulationData10_8.txt
    jobid: 69
    wildcards: treename=10, sample=8

[Wed Apr 10 09:51:09 2019]
Finished job 69.
153 of 184 steps (83%) done

[Wed Apr 10 09:51:09 2019]
rule sampleSimulationData:
    input: Data/MDASimulation/SplitGenomSequences10_11.txt
    output: Data/MDASimulation/sampledSimulationData10_11.txt
    jobid: 72
    wildcards: treename=10, sample=11

[Wed Apr 10 09:51:09 2019]
Finished job 72.
154 of 184 steps (84%) done

[Wed Apr 10 09:51:09 2019]
rule sampleSimulationData:
    input: Data/MDASimulation/SplitGenomSequences10_2.txt
    output: Data/MDASimulation/sampledSimulationData10_2.txt
    jobid: 63
    wildcards: treename=10, sample=2

[Wed Apr 10 09:51:09 2019]
Finished job 63.
155 of 184 steps (84%) done

[Wed Apr 10 09:51:09 2019]
rule sampleSimulationData:
    input: Data/MDASimulation/SplitGenomSequences10_4.txt
    output: Data/MDASimulation/sampledSimulationData10_4.txt
    jobid: 65
    wildcards: treename=10, sample=4

[Wed Apr 10 09:51:09 2019]
Finished job 65.
156 of 184 steps (85%) done

[Wed Apr 10 09:51:09 2019]
rule sampleSimulationData:
    input: Data/MDASimulation/SplitGenomSequences10_9.txt
    output: Data/MDASimulation/sampledSimulationData10_9.txt
    jobid: 70
    wildcards: treename=10, sample=9

[Wed Apr 10 09:51:09 2019]
Finished job 70.
157 of 184 steps (85%) done

[Wed Apr 10 09:51:09 2019]
rule sampleSimulationData:
    input: Data/MDASimulation/SplitGenomSequences10_1.txt
    output: Data/MDASimulation/sampledSimulationData10_1.txt
    jobid: 62
    wildcards: treename=10, sample=1

[Wed Apr 10 09:51:09 2019]
Finished job 62.
158 of 184 steps (86%) done

[Wed Apr 10 09:51:09 2019]
rule simulateReads:
    input: Data/MDASimulation/sampledSimulationData10_2.txt
    output: Data/MDASimulation/simulatedRead10_2.txt
    jobid: 43
    wildcards: treename=10, sample=2

[Wed Apr 10 09:51:09 2019]
Finished job 43.
159 of 184 steps (86%) done

[Wed Apr 10 09:51:09 2019]
rule convertFilesToSamtools:
    input: Data/MDASimulation/simulatedRead10_2.txt
    output: Data/MDASimulation/convertedToSamtools10_2.txt
    jobid: 23
    wildcards: treename=10, sample=2

[Wed Apr 10 09:51:09 2019]
Finished job 23.
160 of 184 steps (87%) done

[Wed Apr 10 09:51:09 2019]
rule simulateMDAAmplificationErrors:
    input: Data/MDASimulation/convertedToSamtools10_2.txt
    output: results/amplificationErrors10_2.txt
    jobid: 3
    wildcards: treename=10, sample=2

[Wed Apr 10 09:51:09 2019]
Finished job 3.
161 of 184 steps (88%) done

[Wed Apr 10 09:51:09 2019]
rule simulateReads:
    input: Data/MDASimulation/sampledSimulationData10_4.txt
    output: Data/MDASimulation/simulatedRead10_4.txt
    jobid: 45
    wildcards: treename=10, sample=4

[Wed Apr 10 09:51:09 2019]
Finished job 45.
162 of 184 steps (88%) done

[Wed Apr 10 09:51:10 2019]
rule convertFilesToSamtools:
    input: Data/MDASimulation/simulatedRead10_4.txt
    output: Data/MDASimulation/convertedToSamtools10_4.txt
    jobid: 25
    wildcards: treename=10, sample=4

[Wed Apr 10 09:51:10 2019]
Finished job 25.
163 of 184 steps (89%) done

[Wed Apr 10 09:51:10 2019]
rule simulateMDAAmplificationErrors:
    input: Data/MDASimulation/convertedToSamtools10_4.txt
    output: results/amplificationErrors10_4.txt
    jobid: 5
    wildcards: treename=10, sample=4

[Wed Apr 10 09:51:10 2019]
Finished job 5.
164 of 184 steps (89%) done

[Wed Apr 10 09:51:10 2019]
rule simulateReads:
    input: Data/MDASimulation/sampledSimulationData10_9.txt
    output: Data/MDASimulation/simulatedRead10_9.txt
    jobid: 50
    wildcards: treename=10, sample=9

[Wed Apr 10 09:51:10 2019]
Finished job 50.
165 of 184 steps (90%) done

[Wed Apr 10 09:51:10 2019]
rule convertFilesToSamtools:
    input: Data/MDASimulation/simulatedRead10_9.txt
    output: Data/MDASimulation/convertedToSamtools10_9.txt
    jobid: 30
    wildcards: treename=10, sample=9

[Wed Apr 10 09:51:10 2019]
Finished job 30.
166 of 184 steps (90%) done

[Wed Apr 10 09:51:10 2019]
rule simulateMDAAmplificationErrors:
    input: Data/MDASimulation/convertedToSamtools10_9.txt
    output: results/amplificationErrors10_9.txt
    jobid: 10
    wildcards: treename=10, sample=9

[Wed Apr 10 09:51:10 2019]
Finished job 10.
167 of 184 steps (91%) done

[Wed Apr 10 09:51:10 2019]
rule simulateReads:
    input: Data/MDASimulation/sampledSimulationData10_1.txt
    output: Data/MDASimulation/simulatedRead10_1.txt
    jobid: 42
    wildcards: treename=10, sample=1

[Wed Apr 10 09:51:10 2019]
Finished job 42.
168 of 184 steps (91%) done

[Wed Apr 10 09:51:10 2019]
rule convertFilesToSamtools:
    input: Data/MDASimulation/simulatedRead10_1.txt
    output: Data/MDASimulation/convertedToSamtools10_1.txt
    jobid: 22
    wildcards: treename=10, sample=1

[Wed Apr 10 09:51:10 2019]
Finished job 22.
169 of 184 steps (92%) done

[Wed Apr 10 09:51:10 2019]
rule simulateMDAAmplificationErrors:
    input: Data/MDASimulation/convertedToSamtools10_1.txt
    output: results/amplificationErrors10_1.txt
    jobid: 2
    wildcards: treename=10, sample=1

[Wed Apr 10 09:51:10 2019]
Finished job 2.
170 of 184 steps (92%) done

[Wed Apr 10 09:51:10 2019]
rule simulateReads:
    input: Data/MDASimulation/sampledSimulationData10_11.txt
    output: Data/MDASimulation/simulatedRead10_11.txt
    jobid: 52
    wildcards: treename=10, sample=11

[Wed Apr 10 09:51:10 2019]
Finished job 52.
171 of 184 steps (93%) done

[Wed Apr 10 09:51:10 2019]
rule convertFilesToSamtools:
    input: Data/MDASimulation/simulatedRead10_11.txt
    output: Data/MDASimulation/convertedToSamtools10_11.txt
    jobid: 32
    wildcards: treename=10, sample=11

[Wed Apr 10 09:51:10 2019]
Finished job 32.
172 of 184 steps (93%) done

[Wed Apr 10 09:51:11 2019]
rule simulateMDAAmplificationErrors:
    input: Data/MDASimulation/convertedToSamtools10_11.txt
    output: results/amplificationErrors10_11.txt
    jobid: 12
    wildcards: treename=10, sample=11

[Wed Apr 10 09:51:11 2019]
Finished job 12.
173 of 184 steps (94%) done

[Wed Apr 10 09:51:11 2019]
rule sampleSimulationData:
    input: Data/MDASimulation/SplitGenomSequences10_13.txt
    output: Data/MDASimulation/sampledSimulationData10_13.txt
    jobid: 74
    wildcards: treename=10, sample=13

[Wed Apr 10 09:51:11 2019]
Finished job 74.
174 of 184 steps (95%) done

[Wed Apr 10 09:51:11 2019]
rule simulateReads:
    input: Data/MDASimulation/sampledSimulationData10_13.txt
    output: Data/MDASimulation/simulatedRead10_13.txt
    jobid: 54
    wildcards: treename=10, sample=13

[Wed Apr 10 09:51:11 2019]
Finished job 54.
175 of 184 steps (95%) done

[Wed Apr 10 09:51:11 2019]
rule convertFilesToSamtools:
    input: Data/MDASimulation/simulatedRead10_13.txt
    output: Data/MDASimulation/convertedToSamtools10_13.txt
    jobid: 34
    wildcards: treename=10, sample=13

[Wed Apr 10 09:51:11 2019]
Finished job 34.
176 of 184 steps (96%) done

[Wed Apr 10 09:51:11 2019]
rule simulateMDAAmplificationErrors:
    input: Data/MDASimulation/convertedToSamtools10_13.txt
    output: results/amplificationErrors10_13.txt
    jobid: 14
    wildcards: treename=10, sample=13

[Wed Apr 10 09:51:11 2019]
Finished job 14.
177 of 184 steps (96%) done

[Wed Apr 10 09:51:11 2019]
rule simulateReads:
    input: Data/MDASimulation/sampledSimulationData10_15.txt
    output: Data/MDASimulation/simulatedRead10_15.txt
    jobid: 56
    wildcards: treename=10, sample=15

[Wed Apr 10 09:51:11 2019]
Finished job 56.
178 of 184 steps (97%) done

[Wed Apr 10 09:51:11 2019]
rule convertFilesToSamtools:
    input: Data/MDASimulation/simulatedRead10_15.txt
    output: Data/MDASimulation/convertedToSamtools10_15.txt
    jobid: 36
    wildcards: treename=10, sample=15

[Wed Apr 10 09:51:11 2019]
Finished job 36.
179 of 184 steps (97%) done

[Wed Apr 10 09:51:11 2019]
rule simulateMDAAmplificationErrors:
    input: Data/MDASimulation/convertedToSamtools10_15.txt
    output: results/amplificationErrors10_15.txt
    jobid: 16
    wildcards: treename=10, sample=15

[Wed Apr 10 09:51:11 2019]
Finished job 16.
180 of 184 steps (98%) done

[Wed Apr 10 09:51:11 2019]
rule simulateReads:
    input: Data/MDASimulation/sampledSimulationData10_8.txt
    output: Data/MDASimulation/simulatedRead10_8.txt
    jobid: 49
    wildcards: treename=10, sample=8

[Wed Apr 10 09:51:11 2019]
Finished job 49.
181 of 184 steps (98%) done

[Wed Apr 10 09:51:11 2019]
rule convertFilesToSamtools:
    input: Data/MDASimulation/simulatedRead10_8.txt
    output: Data/MDASimulation/convertedToSamtools10_8.txt
    jobid: 29
    wildcards: treename=10, sample=8

[Wed Apr 10 09:51:11 2019]
Finished job 29.
182 of 184 steps (99%) done

[Wed Apr 10 09:51:12 2019]
rule simulateMDAAmplificationErrors:
    input: Data/MDASimulation/convertedToSamtools10_8.txt
    output: results/amplificationErrors10_8.txt
    jobid: 9
    wildcards: treename=10, sample=8

[Wed Apr 10 09:51:12 2019]
Finished job 9.
183 of 184 steps (99%) done

[Wed Apr 10 09:51:12 2019]
rule SingleCellReadSimulator:
    input: results/amplificationErrors10_0.txt, results/amplificationErrors10_1.txt, results/amplificationErrors10_2.txt, results/amplificationErrors10_3.txt, results/amplificationErrors10_4.txt, results/amplificationErrors10_5.txt, results/amplificationErrors10_6.txt, results/amplificationErrors10_7.txt, results/amplificationErrors10_8.txt, results/amplificationErrors10_9.txt, results/amplificationErrors10_10.txt, results/amplificationErrors10_11.txt, results/amplificationErrors10_12.txt, results/amplificationErrors10_13.txt, results/amplificationErrors10_14.txt, results/amplificationErrors10_15.txt, results/amplificationErrors10_16.txt, results/amplificationErrors10_17.txt, results/amplificationErrors10_18.txt, results/amplificationErrors10_19.txt
    output: results/SingleCellReadSimulator_report10.txt
    jobid: 0
    wildcards: treename=10

[Wed Apr 10 09:51:12 2019]
Finished job 0.
184 of 184 steps (100%) done
Complete log: /Users/leonorschubert/Desktop/Aramis/ETH/Bachelor Thesis/Code/.snakemake/log/2019-04-10T095045.395843.snakemake.log
