Building DAG of jobs...
Using shell: /bin/bash
Provided cores: 1
Rules claiming more threads will be scaled down.
Job counts:
	count	jobs
	1	SingleCellReadSimulator
	6	simulateReads
	7

[Fri May 17 14:15:07 2019]
rule simulateReads:
    input: Data/Mutations/InsertedMutations_report3_2.fa
    output: results/amplificationErrors_report3_2_calculated.txt
    jobid: 3
    wildcards: treename=_report3, sample=2

[Fri May 17 14:15:09 2019]
Finished job 3.
1 of 7 steps (14%) done

[Fri May 17 14:15:09 2019]
rule simulateReads:
    input: Data/Mutations/InsertedMutations_report3_4.fa
    output: results/amplificationErrors_report3_4_calculated.txt
    jobid: 5
    wildcards: treename=_report3, sample=4

[Fri May 17 14:15:11 2019]
Finished job 5.
2 of 7 steps (29%) done

[Fri May 17 14:15:11 2019]
rule simulateReads:
    input: Data/Mutations/InsertedMutations_report3_1.fa
    output: results/amplificationErrors_report3_1_calculated.txt
    jobid: 2
    wildcards: treename=_report3, sample=1

[Fri May 17 14:15:12 2019]
Finished job 2.
3 of 7 steps (43%) done

[Fri May 17 14:15:12 2019]
rule simulateReads:
    input: Data/Mutations/InsertedMutations_report3_5.fa
    output: results/amplificationErrors_report3_5_calculated.txt
    jobid: 6
    wildcards: treename=_report3, sample=5

[Fri May 17 14:15:13 2019]
Finished job 6.
4 of 7 steps (57%) done

[Fri May 17 14:15:13 2019]
rule simulateReads:
    input: Data/Mutations/InsertedMutations_report3_0.fa
    output: results/amplificationErrors_report3_0_calculated.txt
    jobid: 1
    wildcards: treename=_report3, sample=0

[Fri May 17 14:15:15 2019]
Finished job 1.
5 of 7 steps (71%) done

[Fri May 17 14:15:15 2019]
rule simulateReads:
    input: Data/Mutations/InsertedMutations_report3_3.fa
    output: results/amplificationErrors_report3_3_calculated.txt
    jobid: 4
    wildcards: treename=_report3, sample=3

[Fri May 17 14:15:16 2019]
Finished job 4.
6 of 7 steps (86%) done

[Fri May 17 14:15:16 2019]
rule SingleCellReadSimulator:
    input: results/amplificationErrors_report3_0_calculated.txt, results/amplificationErrors_report3_1_calculated.txt, results/amplificationErrors_report3_2_calculated.txt, results/amplificationErrors_report3_3_calculated.txt, results/amplificationErrors_report3_4_calculated.txt, results/amplificationErrors_report3_5_calculated.txt
    output: results/SingleCellReadSimulator_report3.txt
    jobid: 0
    wildcards: treename=_report3

Removing temporary output file results/amplificationErrors_report3_0_calculated.txt.
Removing temporary output file results/amplificationErrors_report3_1_calculated.txt.
Removing temporary output file results/amplificationErrors_report3_2_calculated.txt.
Removing temporary output file results/amplificationErrors_report3_3_calculated.txt.
Removing temporary output file results/amplificationErrors_report3_4_calculated.txt.
Removing temporary output file results/amplificationErrors_report3_5_calculated.txt.
[Fri May 17 14:15:16 2019]
Finished job 0.
7 of 7 steps (100%) done
Complete log: /Users/leonorschubert/Desktop/Aramis/ETH/Bachelor Thesis/Code/.snakemake/log/2019-05-17T141507.564513.snakemake.log
