Building DAG of jobs...
Using shell: /bin/bash
Provided cores: 1
Rules claiming more threads will be scaled down.
Job counts:
	count	jobs
	1	SingleCellReadSimulator
	1	createGermlineMutations
	1	createMutations
	1	generateBinaryTree
	8	indexMutations
	8	insertMutations
	8	simulateReads
	8	sortMutations
	8	zipMutations
	44

[Mon Jun  3 18:34:27 2019]
rule createGermlineMutations:
    output: Data/Mutations/GermlineMutations4_Allel1.vcf, Data/Mutations/GermlineMutations4_Allel2.vcf
    jobid: 43
    wildcards: treename=4

[Mon Jun  3 18:34:28 2019]
Finished job 43.
1 of 44 steps (2%) done

[Mon Jun  3 18:34:28 2019]
rule generateBinaryTree:
    output: Data/Trees/binaryTree4.txt
    jobid: 42
    wildcards: treename=4

[Mon Jun  3 18:34:28 2019]
Finished job 42.
2 of 44 steps (5%) done

[Mon Jun  3 18:34:28 2019]
rule createMutations:
    input: Data/Trees/binaryTree4.txt, Data/Mutations/GermlineMutations4_Allel1.vcf, Data/Mutations/GermlineMutations4_Allel2.vcf
    output: Data/Mutations/Mutations4_0.vcf, Data/Mutations/Mutations4_1.vcf, Data/Mutations/Mutations4_2.vcf, Data/Mutations/Mutations4_3.vcf, Data/Mutations/Mutations4_4.vcf, Data/Mutations/Mutations4_5.vcf, Data/Mutations/Mutations4_6.vcf, Data/Mutations/Mutations4_7.vcf
    jobid: 41
    wildcards: treename=4

[Mon Jun  3 18:34:29 2019]
Finished job 41.
3 of 44 steps (7%) done

[Mon Jun  3 18:34:29 2019]
rule sortMutations:
    input: Data/Mutations/Mutations4_5.vcf
    output: Data/Mutations/sortedMutations4_5.vcf
    jobid: 38
    wildcards: treename=4, sample=5

[Mon Jun  3 18:34:29 2019]
Finished job 38.
4 of 44 steps (9%) done

[Mon Jun  3 18:34:29 2019]
rule zipMutations:
    input: Data/Mutations/sortedMutations4_5.vcf
    output: Data/Mutations/sortedMutations4_5.vcf.gz
    jobid: 27
    wildcards: treename=4, sample=5

Removing temporary output file Data/Mutations/sortedMutations4_5.vcf.
[Mon Jun  3 18:34:29 2019]
Finished job 27.
5 of 44 steps (11%) done

[Mon Jun  3 18:34:29 2019]
rule indexMutations:
    input: Data/Mutations/sortedMutations4_5.vcf.gz
    output: Data/Mutations/sortedMutations4_5.vcf.gz.tbi
    jobid: 28
    wildcards: treename=4, sample=5

[Mon Jun  3 18:34:29 2019]
Finished job 28.
6 of 44 steps (14%) done

[Mon Jun  3 18:34:29 2019]
rule insertMutations:
    input: Data/Mutations/sortedMutations4_5.vcf.gz, Data/Mutations/sortedMutations4_5.vcf.gz.tbi
    output: Data/Mutations/InsertedMutations4_5.fa
    jobid: 14
    wildcards: treename=4, sample=5

Removing temporary output file Data/Mutations/sortedMutations4_5.vcf.gz.
Removing temporary output file Data/Mutations/sortedMutations4_5.vcf.gz.tbi.
[Mon Jun  3 18:34:29 2019]
Finished job 14.
7 of 44 steps (16%) done

[Mon Jun  3 18:34:29 2019]
rule simulateReads:
    input: Data/Mutations/InsertedMutations4_5.fa
    output: Data/MDASimulation/amplificationErrors4_5_calculated.txt
    jobid: 6
    wildcards: treename=4, sample=5

[Mon Jun  3 18:34:30 2019]
Error in rule simulateReads:
    jobid: 6
    output: Data/MDASimulation/amplificationErrors4_5_calculated.txt

RuleException:
CalledProcessError in line 139 of /Users/leonorschubert/Desktop/Aramis/ETH/Bachelor Thesis/Code/Snakefile:
Command 'set -euo pipefail;  /usr/local/opt/python/bin/python3.7 '/Users/leonorschubert/Desktop/Aramis/ETH/Bachelor Thesis/Code/.snakemake/scripts/tmpeq84obcp.ARTSimulation.py'' returned non-zero exit status 1.
  File "/Users/leonorschubert/Desktop/Aramis/ETH/Bachelor Thesis/Code/Snakefile", line 139, in __rule_simulateReads
  File "/usr/local/Cellar/python/3.7.2_2/Frameworks/Python.framework/Versions/3.7/lib/python3.7/concurrent/futures/thread.py", line 57, in run
Shutting down, this might take some time.
Exiting because a job execution failed. Look above for error message
Complete log: /Users/leonorschubert/Desktop/Aramis/ETH/Bachelor Thesis/Code/.snakemake/log/2019-06-03T183427.419626.snakemake.log
