Building DAG of jobs...
Using shell: /bin/bash
Provided cores: 1
Rules claiming more threads will be scaled down.
Job counts:
	count	jobs
	1	SingleCellReadSimulator
	1	createGermlineMutations
	1	createMutations
	6	indexMutations
	6	insertMutations
	6	simulateReads
	6	sortMutations
	6	zipMutations
	33

[Fri May 17 13:54:58 2019]
rule createGermlineMutations:
    output: Data/Mutations/GermlineMutations3_Allel1.vcf, Data/Mutations/GermlineMutations3_Allel2.vcf
    jobid: 33
    wildcards: treename=3

[Fri May 17 13:54:58 2019]
Finished job 33.
1 of 33 steps (3%) done

[Fri May 17 13:54:58 2019]
rule createMutations:
    input: Data/Trees/binaryTree3.txt, Data/Mutations/GermlineMutations3_Allel1.vcf, Data/Mutations/GermlineMutations3_Allel2.vcf
    output: Data/Mutations/Mutations3_0.vcf, Data/Mutations/Mutations3_1.vcf, Data/Mutations/Mutations3_2.vcf, Data/Mutations/Mutations3_3.vcf, Data/Mutations/Mutations3_4.vcf, Data/Mutations/Mutations3_5.vcf
    jobid: 31
    wildcards: treename=3

[Fri May 17 13:55:00 2019]
Finished job 31.
2 of 33 steps (6%) done

[Fri May 17 13:55:00 2019]
rule sortMutations:
    input: Data/Mutations/Mutations3_4.vcf
    output: Data/Mutations/sortedMutations3_4.vcf
    jobid: 29
    wildcards: treename=3, sample=4

[Fri May 17 13:55:00 2019]
Finished job 29.
3 of 33 steps (9%) done

[Fri May 17 13:55:00 2019]
rule zipMutations:
    input: Data/Mutations/sortedMutations3_4.vcf
    output: Data/Mutations/sortedMutations3_4.vcf.gz
    jobid: 21
    wildcards: treename=3, sample=4

Removing temporary output file Data/Mutations/sortedMutations3_4.vcf.
[Fri May 17 13:55:00 2019]
Finished job 21.
4 of 33 steps (12%) done

[Fri May 17 13:55:00 2019]
rule indexMutations:
    input: Data/Mutations/sortedMutations3_4.vcf.gz
    output: Data/Mutations/sortedMutations3_4.vcf.gz.tbi
    jobid: 22
    wildcards: treename=3, sample=4

[Fri May 17 13:55:00 2019]
Finished job 22.
5 of 33 steps (15%) done

[Fri May 17 13:55:00 2019]
rule insertMutations:
    input: Data/Mutations/sortedMutations3_4.vcf.gz, Data/Mutations/sortedMutations3_4.vcf.gz.tbi
    output: Data/Mutations/InsertedMutations3_4.fa
    jobid: 11
    wildcards: treename=3, sample=4

[Fri May 17 13:55:00 2019]
Error in rule insertMutations:
    jobid: 11
    output: Data/Mutations/InsertedMutations3_4.fa

RuleException:
CalledProcessError in line 99 of /Users/leonorschubert/Desktop/Aramis/ETH/Bachelor Thesis/Code/Snakefile:
Command 'set -euo pipefail;  cat Test/ReferenceGenome.fa | bcftools consensus Data/Mutations/sortedMutations3_4.vcf.gz.tbi > Data/Mutations/InsertedMutations3_4.fa' returned non-zero exit status 255.
  File "/Users/leonorschubert/Desktop/Aramis/ETH/Bachelor Thesis/Code/Snakefile", line 99, in __rule_insertMutations
  File "/usr/local/Cellar/python/3.7.2_2/Frameworks/Python.framework/Versions/3.7/lib/python3.7/concurrent/futures/thread.py", line 57, in run
Removing output files of failed job insertMutations since they might be corrupted:
Data/Mutations/InsertedMutations3_4.fa
Shutting down, this might take some time.
Exiting because a job execution failed. Look above for error message
Complete log: /Users/leonorschubert/Desktop/Aramis/ETH/Bachelor Thesis/Code/.snakemake/log/2019-05-17T135457.826864.snakemake.log
