Building DAG of jobs...
Creating conda environment envs/environment1.yaml...
Downloading remote packages.
Environment for envs/environment1.yaml created (location: .snakemake/conda/274899d4)
Using shell: /bin/bash
Provided cores: 1
Rules claiming more threads will be scaled down.
Job counts:
	count	jobs
	1	SingleCellReadSimulator
	1	createGermlineMutations
	1	createMutations
	1	generateBinaryTree
	8	indexMutations
	8	insertMutations
	1	plotBinaryTree
	8	simulateReads
	8	sortMutations
	8	zipMutations
	45

[Fri Jun 14 14:55:39 2019]
rule generateBinaryTree:
    output: Data/Trees/binaryTreeTest.txt
    jobid: 18
    benchmark: benchmarks/benchmarkGeneratingBinaryTree_Test.tsv
    wildcards: treename=Test

[Fri Jun 14 14:55:39 2019]
Error in rule generateBinaryTree:
    jobid: 18
    output: Data/Trees/binaryTreeTest.txt
    conda-env: /Users/leonorschubert/Desktop/Aramis/ETH/Bachelor Thesis/Code/.snakemake/conda/274899d4

WorkflowError:
Python 3 package psutil needs to be installed to use the benchmarking.
  File "/usr/local/Cellar/python/3.7.3/Frameworks/Python.framework/Versions/3.7/lib/python3.7/concurrent/futures/thread.py", line 57, in run
Shutting down, this might take some time.
Exiting because a job execution failed. Look above for error message
Complete log: /Users/leonorschubert/Desktop/Aramis/ETH/Bachelor Thesis/Code/.snakemake/log/2019-06-14T145510.359387.snakemake.log
