Building DAG of jobs...
Using shell: /bin/bash
Provided cores: 1
Rules claiming more threads will be scaled down.
Job counts:
	count	jobs
	1	SingleCellReadSimulator
	1	createGermlineMutations
	1	createMutations
	1	generateBinaryTree
	6	indexMutations
	6	insertMutations
	6	simulateReads
	6	sortMutations
	6	zipMutations
	34

[Wed May 15 17:39:50 2019]
rule generateBinaryTree:
    output: Data/Trees/binaryTree3.txt
    jobid: 32
    wildcards: treename=3

[Wed May 15 17:39:50 2019]
Finished job 32.
1 of 34 steps (3%) done

[Wed May 15 17:39:50 2019]
rule createGermlineMutations:
    output: Data/Mutations/GermlineMutations3_Allel1.vcf, Data/Mutations/GermlineMutations3_Allel2.vcf
    jobid: 33
    wildcards: treename=3

[Wed May 15 17:39:51 2019]
Finished job 33.
2 of 34 steps (6%) done

[Wed May 15 17:39:51 2019]
rule createMutations:
    input: Data/Trees/binaryTree3.txt, Data/Mutations/GermlineMutations3_Allel1.vcf, Data/Mutations/GermlineMutations3_Allel2.vcf
    output: Data/Mutations/Mutations3_0.vcf, Data/Mutations/Mutations3_1.vcf, Data/Mutations/Mutations3_2.vcf, Data/Mutations/Mutations3_3.vcf, Data/Mutations/Mutations3_4.vcf, Data/Mutations/Mutations3_5.vcf
    jobid: 31
    wildcards: treename=3

[Wed May 15 17:39:52 2019]
Finished job 31.
3 of 34 steps (9%) done

[Wed May 15 17:39:52 2019]
rule sortMutations:
    input: Data/Mutations/Mutations3_5.vcf
    output: Data/Mutations/sortedMutations3_5.vcf
    jobid: 30
    wildcards: treename=3, sample=5

[Wed May 15 17:39:52 2019]
Finished job 30.
4 of 34 steps (12%) done

[Wed May 15 17:39:52 2019]
rule zipMutations:
    input: Data/Mutations/sortedMutations3_5.vcf
    output: Data/Mutations/sortedMutations3_5.vcf.gz
    jobid: 23
    wildcards: treename=3, sample=5

Removing temporary output file Data/Mutations/sortedMutations3_5.vcf.
[Wed May 15 17:39:52 2019]
Finished job 23.
5 of 34 steps (15%) done

[Wed May 15 17:39:52 2019]
rule indexMutations:
    input: Data/Mutations/sortedMutations3_5.vcf.gz
    output: Data/Mutations/sortedMutations3_5.vcf.gz.tbi
    jobid: 24
    wildcards: treename=3, sample=5

[Wed May 15 17:39:52 2019]
Finished job 24.
6 of 34 steps (18%) done

[Wed May 15 17:39:52 2019]
rule insertMutations:
    input: Data/Mutations/sortedMutations3_5.vcf.gz, Data/Mutations/sortedMutations3_5.vcf.gz.tbi
    output: Data/Mutations/InsertedMutations3_5.fa
    jobid: 12
    wildcards: treename=3, sample=5

[Wed May 15 17:39:52 2019]
Error in rule insertMutations:
    jobid: 12
    output: Data/Mutations/InsertedMutations3_5.fa

RuleException:
CalledProcessError in line 99 of /Users/leonorschubert/Desktop/Aramis/ETH/Bachelor Thesis/Code/Snakefile:
Command 'set -euo pipefail;  cat Test/ReferenceGenome.fa | bcftools consensus Data/Mutations/sortedMutations3_5.vcf.gz.tbi > Data/Mutations/InsertedMutations3_5.fa' returned non-zero exit status 255.
  File "/Users/leonorschubert/Desktop/Aramis/ETH/Bachelor Thesis/Code/Snakefile", line 99, in __rule_insertMutations
  File "/usr/local/Cellar/python/3.7.2_2/Frameworks/Python.framework/Versions/3.7/lib/python3.7/concurrent/futures/thread.py", line 57, in run
Removing output files of failed job insertMutations since they might be corrupted:
Data/Mutations/InsertedMutations3_5.fa
Shutting down, this might take some time.
Exiting because a job execution failed. Look above for error message
Complete log: /Users/leonorschubert/Desktop/Aramis/ETH/Bachelor Thesis/Code/.snakemake/log/2019-05-15T173950.052280.snakemake.log
