Building DAG of jobs...
Using shell: /bin/bash
Provided cores: 1
Rules claiming more threads will be scaled down.
Job counts:
	count	jobs
	1	SingleCellReadSimulator
	5	indexMutations
	6	insertMutations
	6	simulateReads
	5	sortMutations
	5	zipMutations
	28

[Fri May 17 14:05:50 2019]
rule insertMutations:
    input: Data/Mutations/sortedMutations3_4.vcf.gz, Data/Mutations/sortedMutations3_4.vcf.gz.tbi
    output: Data/Mutations/InsertedMutations3_4.fa
    jobid: 11
    wildcards: treename=3, sample=4

Removing temporary output file Data/Mutations/sortedMutations3_4.vcf.gz.
Removing temporary output file Data/Mutations/sortedMutations3_4.vcf.gz.tbi.
[Fri May 17 14:05:50 2019]
Finished job 11.
1 of 28 steps (4%) done

[Fri May 17 14:05:50 2019]
rule simulateReads:
    input: Data/Mutations/InsertedMutations3_4.fa
    output: results/amplificationErrors3_4.txt
    jobid: 5
    wildcards: treename=3, sample=4

[Fri May 17 14:05:52 2019]
Finished job 5.
2 of 28 steps (7%) done

[Fri May 17 14:05:52 2019]
rule sortMutations:
    input: Data/Mutations/Mutations3_5.vcf
    output: Data/Mutations/sortedMutations3_5.vcf
    jobid: 30
    wildcards: treename=3, sample=5

[Fri May 17 14:05:52 2019]
Finished job 30.
3 of 28 steps (11%) done

[Fri May 17 14:05:52 2019]
rule zipMutations:
    input: Data/Mutations/sortedMutations3_5.vcf
    output: Data/Mutations/sortedMutations3_5.vcf.gz
    jobid: 23
    wildcards: treename=3, sample=5

Removing temporary output file Data/Mutations/sortedMutations3_5.vcf.
[Fri May 17 14:05:52 2019]
Finished job 23.
4 of 28 steps (14%) done

[Fri May 17 14:05:52 2019]
rule indexMutations:
    input: Data/Mutations/sortedMutations3_5.vcf.gz
    output: Data/Mutations/sortedMutations3_5.vcf.gz.tbi
    jobid: 24
    wildcards: treename=3, sample=5

[Fri May 17 14:05:52 2019]
Finished job 24.
5 of 28 steps (18%) done

[Fri May 17 14:05:52 2019]
rule insertMutations:
    input: Data/Mutations/sortedMutations3_5.vcf.gz, Data/Mutations/sortedMutations3_5.vcf.gz.tbi
    output: Data/Mutations/InsertedMutations3_5.fa
    jobid: 12
    wildcards: treename=3, sample=5

Removing temporary output file Data/Mutations/sortedMutations3_5.vcf.gz.
Removing temporary output file Data/Mutations/sortedMutations3_5.vcf.gz.tbi.
[Fri May 17 14:05:52 2019]
Finished job 12.
6 of 28 steps (21%) done

[Fri May 17 14:05:52 2019]
rule simulateReads:
    input: Data/Mutations/InsertedMutations3_5.fa
    output: results/amplificationErrors3_5.txt
    jobid: 6
    wildcards: treename=3, sample=5

[Fri May 17 14:05:53 2019]
Finished job 6.
7 of 28 steps (25%) done

[Fri May 17 14:05:53 2019]
rule sortMutations:
    input: Data/Mutations/Mutations3_1.vcf
    output: Data/Mutations/sortedMutations3_1.vcf
    jobid: 26
    wildcards: treename=3, sample=1

[Fri May 17 14:05:53 2019]
Finished job 26.
8 of 28 steps (29%) done

[Fri May 17 14:05:53 2019]
rule zipMutations:
    input: Data/Mutations/sortedMutations3_1.vcf
    output: Data/Mutations/sortedMutations3_1.vcf.gz
    jobid: 15
    wildcards: treename=3, sample=1

Removing temporary output file Data/Mutations/sortedMutations3_1.vcf.
[Fri May 17 14:05:53 2019]
Finished job 15.
9 of 28 steps (32%) done

[Fri May 17 14:05:53 2019]
rule indexMutations:
    input: Data/Mutations/sortedMutations3_1.vcf.gz
    output: Data/Mutations/sortedMutations3_1.vcf.gz.tbi
    jobid: 16
    wildcards: treename=3, sample=1

[Fri May 17 14:05:53 2019]
Finished job 16.
10 of 28 steps (36%) done

[Fri May 17 14:05:53 2019]
rule insertMutations:
    input: Data/Mutations/sortedMutations3_1.vcf.gz, Data/Mutations/sortedMutations3_1.vcf.gz.tbi
    output: Data/Mutations/InsertedMutations3_1.fa
    jobid: 8
    wildcards: treename=3, sample=1

Removing temporary output file Data/Mutations/sortedMutations3_1.vcf.gz.
Removing temporary output file Data/Mutations/sortedMutations3_1.vcf.gz.tbi.
[Fri May 17 14:05:53 2019]
Finished job 8.
11 of 28 steps (39%) done

[Fri May 17 14:05:53 2019]
rule simulateReads:
    input: Data/Mutations/InsertedMutations3_1.fa
    output: results/amplificationErrors3_1.txt
    jobid: 2
    wildcards: treename=3, sample=1

[Fri May 17 14:05:55 2019]
Finished job 2.
12 of 28 steps (43%) done

[Fri May 17 14:05:55 2019]
rule sortMutations:
    input: Data/Mutations/Mutations3_2.vcf
    output: Data/Mutations/sortedMutations3_2.vcf
    jobid: 27
    wildcards: treename=3, sample=2

[Fri May 17 14:05:55 2019]
Finished job 27.
13 of 28 steps (46%) done

[Fri May 17 14:05:55 2019]
rule zipMutations:
    input: Data/Mutations/sortedMutations3_2.vcf
    output: Data/Mutations/sortedMutations3_2.vcf.gz
    jobid: 17
    wildcards: treename=3, sample=2

Removing temporary output file Data/Mutations/sortedMutations3_2.vcf.
[Fri May 17 14:05:55 2019]
Finished job 17.
14 of 28 steps (50%) done

[Fri May 17 14:05:55 2019]
rule indexMutations:
    input: Data/Mutations/sortedMutations3_2.vcf.gz
    output: Data/Mutations/sortedMutations3_2.vcf.gz.tbi
    jobid: 18
    wildcards: treename=3, sample=2

[Fri May 17 14:05:55 2019]
Finished job 18.
15 of 28 steps (54%) done

[Fri May 17 14:05:55 2019]
rule insertMutations:
    input: Data/Mutations/sortedMutations3_2.vcf.gz, Data/Mutations/sortedMutations3_2.vcf.gz.tbi
    output: Data/Mutations/InsertedMutations3_2.fa
    jobid: 9
    wildcards: treename=3, sample=2

Removing temporary output file Data/Mutations/sortedMutations3_2.vcf.gz.
Removing temporary output file Data/Mutations/sortedMutations3_2.vcf.gz.tbi.
[Fri May 17 14:05:55 2019]
Finished job 9.
16 of 28 steps (57%) done

[Fri May 17 14:05:55 2019]
rule simulateReads:
    input: Data/Mutations/InsertedMutations3_2.fa
    output: results/amplificationErrors3_2.txt
    jobid: 3
    wildcards: treename=3, sample=2

[Fri May 17 14:05:56 2019]
Finished job 3.
17 of 28 steps (61%) done

[Fri May 17 14:05:56 2019]
rule sortMutations:
    input: Data/Mutations/Mutations3_3.vcf
    output: Data/Mutations/sortedMutations3_3.vcf
    jobid: 28
    wildcards: treename=3, sample=3

[Fri May 17 14:05:56 2019]
Finished job 28.
18 of 28 steps (64%) done

[Fri May 17 14:05:56 2019]
rule zipMutations:
    input: Data/Mutations/sortedMutations3_3.vcf
    output: Data/Mutations/sortedMutations3_3.vcf.gz
    jobid: 19
    wildcards: treename=3, sample=3

Removing temporary output file Data/Mutations/sortedMutations3_3.vcf.
[Fri May 17 14:05:56 2019]
Finished job 19.
19 of 28 steps (68%) done

[Fri May 17 14:05:56 2019]
rule indexMutations:
    input: Data/Mutations/sortedMutations3_3.vcf.gz
    output: Data/Mutations/sortedMutations3_3.vcf.gz.tbi
    jobid: 20
    wildcards: treename=3, sample=3

[Fri May 17 14:05:56 2019]
Finished job 20.
20 of 28 steps (71%) done

[Fri May 17 14:05:56 2019]
rule insertMutations:
    input: Data/Mutations/sortedMutations3_3.vcf.gz, Data/Mutations/sortedMutations3_3.vcf.gz.tbi
    output: Data/Mutations/InsertedMutations3_3.fa
    jobid: 10
    wildcards: treename=3, sample=3

Removing temporary output file Data/Mutations/sortedMutations3_3.vcf.gz.
Removing temporary output file Data/Mutations/sortedMutations3_3.vcf.gz.tbi.
[Fri May 17 14:05:56 2019]
Finished job 10.
21 of 28 steps (75%) done

[Fri May 17 14:05:56 2019]
rule simulateReads:
    input: Data/Mutations/InsertedMutations3_3.fa
    output: results/amplificationErrors3_3.txt
    jobid: 4
    wildcards: treename=3, sample=3

[Fri May 17 14:05:57 2019]
Finished job 4.
22 of 28 steps (79%) done

[Fri May 17 14:05:57 2019]
rule sortMutations:
    input: Data/Mutations/Mutations3_0.vcf
    output: Data/Mutations/sortedMutations3_0.vcf
    jobid: 25
    wildcards: treename=3, sample=0

[Fri May 17 14:05:57 2019]
Finished job 25.
23 of 28 steps (82%) done

[Fri May 17 14:05:57 2019]
rule zipMutations:
    input: Data/Mutations/sortedMutations3_0.vcf
    output: Data/Mutations/sortedMutations3_0.vcf.gz
    jobid: 13
    wildcards: treename=3, sample=0

Removing temporary output file Data/Mutations/sortedMutations3_0.vcf.
[Fri May 17 14:05:57 2019]
Finished job 13.
24 of 28 steps (86%) done

[Fri May 17 14:05:57 2019]
rule indexMutations:
    input: Data/Mutations/sortedMutations3_0.vcf.gz
    output: Data/Mutations/sortedMutations3_0.vcf.gz.tbi
    jobid: 14
    wildcards: treename=3, sample=0

[Fri May 17 14:05:57 2019]
Finished job 14.
25 of 28 steps (89%) done

[Fri May 17 14:05:57 2019]
rule insertMutations:
    input: Data/Mutations/sortedMutations3_0.vcf.gz, Data/Mutations/sortedMutations3_0.vcf.gz.tbi
    output: Data/Mutations/InsertedMutations3_0.fa
    jobid: 7
    wildcards: treename=3, sample=0

Removing temporary output file Data/Mutations/sortedMutations3_0.vcf.gz.
Removing temporary output file Data/Mutations/sortedMutations3_0.vcf.gz.tbi.
[Fri May 17 14:05:58 2019]
Finished job 7.
26 of 28 steps (93%) done

[Fri May 17 14:05:58 2019]
rule simulateReads:
    input: Data/Mutations/InsertedMutations3_0.fa
    output: results/amplificationErrors3_0.txt
    jobid: 1
    wildcards: treename=3, sample=0

[Fri May 17 14:05:59 2019]
Finished job 1.
27 of 28 steps (96%) done

[Fri May 17 14:05:59 2019]
rule SingleCellReadSimulator:
    input: results/amplificationErrors3_0.txt, results/amplificationErrors3_1.txt, results/amplificationErrors3_2.txt, results/amplificationErrors3_3.txt, results/amplificationErrors3_4.txt, results/amplificationErrors3_5.txt
    output: results/SingleCellReadSimulator_report3.txt
    jobid: 0
    wildcards: treename=3

[Fri May 17 14:05:59 2019]
Finished job 0.
28 of 28 steps (100%) done
Complete log: /Users/leonorschubert/Desktop/Aramis/ETH/Bachelor Thesis/Code/.snakemake/log/2019-05-17T140550.222713.snakemake.log
