Building DAG of jobs...
Using shell: /bin/bash
Provided cores: 1
Rules claiming more threads will be scaled down.
Job counts:
	count	jobs
	1	SingleCellReadSimulator
	6	simulateReads
	7

[Wed May 22 09:24:10 2019]
rule simulateReads:
    input: Data/Mutations/InsertedMutations3_1.fa
    output: results/amplificationErrors3_1_calculated.txt
    jobid: 2
    wildcards: treename=3, sample=1

[Wed May 22 09:24:12 2019]
Finished job 2.
1 of 7 steps (14%) done

[Wed May 22 09:24:12 2019]
rule simulateReads:
    input: Data/Mutations/InsertedMutations3_2.fa
    output: results/amplificationErrors3_2_calculated.txt
    jobid: 3
    wildcards: treename=3, sample=2

[Wed May 22 09:24:13 2019]
Finished job 3.
2 of 7 steps (29%) done

[Wed May 22 09:24:13 2019]
rule simulateReads:
    input: Data/Mutations/InsertedMutations3_4.fa
    output: results/amplificationErrors3_4_calculated.txt
    jobid: 5
    wildcards: treename=3, sample=4

[Wed May 22 09:24:14 2019]
Finished job 5.
3 of 7 steps (43%) done

[Wed May 22 09:24:14 2019]
rule simulateReads:
    input: Data/Mutations/InsertedMutations3_5.fa
    output: results/amplificationErrors3_5_calculated.txt
    jobid: 6
    wildcards: treename=3, sample=5

[Wed May 22 09:24:15 2019]
Finished job 6.
4 of 7 steps (57%) done

[Wed May 22 09:24:15 2019]
rule simulateReads:
    input: Data/Mutations/InsertedMutations3_0.fa
    output: results/amplificationErrors3_0_calculated.txt
    jobid: 1
    wildcards: treename=3, sample=0

[Wed May 22 09:24:16 2019]
Finished job 1.
5 of 7 steps (71%) done

[Wed May 22 09:24:16 2019]
rule simulateReads:
    input: Data/Mutations/InsertedMutations3_3.fa
    output: results/amplificationErrors3_3_calculated.txt
    jobid: 4
    wildcards: treename=3, sample=3

[Wed May 22 09:24:17 2019]
Finished job 4.
6 of 7 steps (86%) done

[Wed May 22 09:24:17 2019]
rule SingleCellReadSimulator:
    input: results/amplificationErrors3_0_calculated.txt, results/amplificationErrors3_1_calculated.txt, results/amplificationErrors3_2_calculated.txt, results/amplificationErrors3_3_calculated.txt, results/amplificationErrors3_4_calculated.txt, results/amplificationErrors3_5_calculated.txt
    output: results/SingleCellReadSimulator3.txt
    jobid: 0
    wildcards: treename=3

Removing temporary output file results/amplificationErrors3_0_calculated.txt.
Removing temporary output file results/amplificationErrors3_1_calculated.txt.
Removing temporary output file results/amplificationErrors3_2_calculated.txt.
Removing temporary output file results/amplificationErrors3_3_calculated.txt.
Removing temporary output file results/amplificationErrors3_4_calculated.txt.
Removing temporary output file results/amplificationErrors3_5_calculated.txt.
[Wed May 22 09:24:17 2019]
Finished job 0.
7 of 7 steps (100%) done
Complete log: /Users/leonorschubert/Desktop/Aramis/ETH/Bachelor Thesis/Code/.snakemake/log/2019-05-22T092410.621116.snakemake.log
