Building DAG of jobs...
Using shell: /bin/bash
Provided cores: 1
Rules claiming more threads will be scaled down.
Job counts:
	count	jobs
	1	createGermlineMutations
	1	insertGermlineMutations
	2

[Wed Feb 27 14:43:56 2019]
rule createGermlineMutations:
    output: Mutations/GermlineMutations100.py
    jobid: 1
    wildcards: treename=100

[Wed Feb 27 14:43:56 2019]
Finished job 1.
1 of 2 steps (50%) done

[Wed Feb 27 14:43:56 2019]
rule insertGermlineMutations:
    input: Mutations/GermlineMutations100.py
    output: Mutations/InsertedGermlineMutations100.txt
    jobid: 0
    wildcards: treename=100

[Wed Feb 27 14:43:56 2019]
Finished job 0.
2 of 2 steps (100%) done
Complete log: /Users/leonorschubert/Desktop/Aramis/ETH/Bachelor Thesis/Code/.snakemake/log/2019-02-27T144356.430050.snakemake.log
