Building DAG of jobs...
Creating conda environment envs/environment5.yaml...
Downloading remote packages.
Environment for envs/environment5.yaml created (location: .snakemake/conda/94172ea4)
Creating conda environment envs/environment3.yaml...
Downloading remote packages.
Environment for envs/environment3.yaml created (location: .snakemake/conda/579dc3c7)
Creating conda environment envs/environment4.yaml...
Downloading remote packages.
Environment for envs/environment4.yaml created (location: .snakemake/conda/47abf826)
Creating conda environment envs/environment6.yaml...
Downloading remote packages.
Environment for envs/environment6.yaml created (location: .snakemake/conda/8237f946)
Using shell: /bin/bash
Provided cores: 1
Rules claiming more threads will be scaled down.
Job counts:
	count	jobs
	1	SingleCellReadSimulator
	1	createGermlineMutations
	1	createMutations
	1	generateBinaryTree
	8	indexMutations
	8	insertMutations
	8	simulateReads
	8	sortMutations
	8	zipMutations
	44

[Tue Jun 11 15:55:52 2019]
rule generateBinaryTree:
    output: Data/Trees/binaryTree4.txt
    jobid: 42
    wildcards: treename=4

Activating conda environment: /Users/leonorschubert/Desktop/Aramis/ETH/Bachelor Thesis/Code/.snakemake/conda/72b5c89d
[Tue Jun 11 15:55:54 2019]
Finished job 42.
1 of 44 steps (2%) done

[Tue Jun 11 15:55:54 2019]
rule createGermlineMutations:
    output: Data/Mutations/GermlineMutations4_Allel1.vcf, Data/Mutations/GermlineMutations4_Allel2.vcf
    jobid: 43
    wildcards: treename=4

Conda environment defines Python version < 3.5. Using Python of the master process to execute script. Note that this cannot be avoided, because the script uses data structures from Snakemake which are Python >=3.5 only.
Activating conda environment: /Users/leonorschubert/Desktop/Aramis/ETH/Bachelor Thesis/Code/.snakemake/conda/579dc3c7
[Tue Jun 11 15:55:55 2019]
Finished job 43.
2 of 44 steps (5%) done

[Tue Jun 11 15:55:55 2019]
rule createMutations:
    input: Data/Trees/binaryTree4.txt, Data/Mutations/GermlineMutations4_Allel1.vcf, Data/Mutations/GermlineMutations4_Allel2.vcf
    output: Data/Mutations/Mutations4_0.vcf, Data/Mutations/Mutations4_1.vcf, Data/Mutations/Mutations4_2.vcf, Data/Mutations/Mutations4_3.vcf, Data/Mutations/Mutations4_4.vcf, Data/Mutations/Mutations4_5.vcf, Data/Mutations/Mutations4_6.vcf, Data/Mutations/Mutations4_7.vcf
    jobid: 41
    wildcards: treename=4

Conda environment defines Python version < 3.5. Using Python of the master process to execute script. Note that this cannot be avoided, because the script uses data structures from Snakemake which are Python >=3.5 only.
Activating conda environment: /Users/leonorschubert/Desktop/Aramis/ETH/Bachelor Thesis/Code/.snakemake/conda/47abf826
[Tue Jun 11 15:55:56 2019]
Finished job 41.
3 of 44 steps (7%) done

[Tue Jun 11 15:55:56 2019]
rule sortMutations:
    input: Data/Mutations/Mutations4_6.vcf
    output: Data/Mutations/sortedMutations4_6.vcf
    jobid: 39
    wildcards: treename=4, sample=6

Activating conda environment: /Users/leonorschubert/Desktop/Aramis/ETH/Bachelor Thesis/Code/.snakemake/conda/94172ea4
[Tue Jun 11 15:55:56 2019]
Finished job 39.
4 of 44 steps (9%) done

[Tue Jun 11 15:55:56 2019]
rule zipMutations:
    input: Data/Mutations/sortedMutations4_6.vcf
    output: Data/Mutations/sortedMutations4_6.vcf.gz
    jobid: 29
    wildcards: treename=4, sample=6

Activating conda environment: /Users/leonorschubert/Desktop/Aramis/ETH/Bachelor Thesis/Code/.snakemake/conda/94172ea4
Removing temporary output file Data/Mutations/sortedMutations4_6.vcf.
[Tue Jun 11 15:55:57 2019]
Finished job 29.
5 of 44 steps (11%) done

[Tue Jun 11 15:55:57 2019]
rule indexMutations:
    input: Data/Mutations/sortedMutations4_6.vcf.gz
    output: Data/Mutations/sortedMutations4_6.vcf.gz.tbi
    jobid: 30
    wildcards: treename=4, sample=6

Activating conda environment: /Users/leonorschubert/Desktop/Aramis/ETH/Bachelor Thesis/Code/.snakemake/conda/94172ea4
[Tue Jun 11 15:55:57 2019]
Finished job 30.
6 of 44 steps (14%) done

[Tue Jun 11 15:55:57 2019]
rule insertMutations:
    input: Data/Mutations/sortedMutations4_6.vcf.gz, Data/Mutations/sortedMutations4_6.vcf.gz.tbi
    output: Data/Mutations/InsertedMutations4_6.fa
    jobid: 15
    wildcards: treename=4, sample=6

Activating conda environment: /Users/leonorschubert/Desktop/Aramis/ETH/Bachelor Thesis/Code/.snakemake/conda/94172ea4
Removing temporary output file Data/Mutations/sortedMutations4_6.vcf.gz.
Removing temporary output file Data/Mutations/sortedMutations4_6.vcf.gz.tbi.
[Tue Jun 11 15:55:57 2019]
Finished job 15.
7 of 44 steps (16%) done

[Tue Jun 11 15:55:57 2019]
rule simulateReads:
    input: Data/Mutations/InsertedMutations4_6.fa
    output: results/simulatedAmplification_Tree4_Allel6_1.fq, results/simulatedAmplification_Tree4_Allel6_2.fq
    jobid: 7
    wildcards: treename=4, sample=6

Conda environment defines Python version < 3.5. Using Python of the master process to execute script. Note that this cannot be avoided, because the script uses data structures from Snakemake which are Python >=3.5 only.
Activating conda environment: /Users/leonorschubert/Desktop/Aramis/ETH/Bachelor Thesis/Code/.snakemake/conda/8237f946
[Tue Jun 11 15:55:59 2019]
Finished job 7.
8 of 44 steps (18%) done

[Tue Jun 11 15:55:59 2019]
rule sortMutations:
    input: Data/Mutations/Mutations4_5.vcf
    output: Data/Mutations/sortedMutations4_5.vcf
    jobid: 38
    wildcards: treename=4, sample=5

Activating conda environment: /Users/leonorschubert/Desktop/Aramis/ETH/Bachelor Thesis/Code/.snakemake/conda/94172ea4
[Tue Jun 11 15:56:00 2019]
Finished job 38.
9 of 44 steps (20%) done

[Tue Jun 11 15:56:00 2019]
rule zipMutations:
    input: Data/Mutations/sortedMutations4_5.vcf
    output: Data/Mutations/sortedMutations4_5.vcf.gz
    jobid: 27
    wildcards: treename=4, sample=5

Activating conda environment: /Users/leonorschubert/Desktop/Aramis/ETH/Bachelor Thesis/Code/.snakemake/conda/94172ea4
Removing temporary output file Data/Mutations/sortedMutations4_5.vcf.
[Tue Jun 11 15:56:00 2019]
Finished job 27.
10 of 44 steps (23%) done

[Tue Jun 11 15:56:00 2019]
rule indexMutations:
    input: Data/Mutations/sortedMutations4_5.vcf.gz
    output: Data/Mutations/sortedMutations4_5.vcf.gz.tbi
    jobid: 28
    wildcards: treename=4, sample=5

Activating conda environment: /Users/leonorschubert/Desktop/Aramis/ETH/Bachelor Thesis/Code/.snakemake/conda/94172ea4
[Tue Jun 11 15:56:00 2019]
Finished job 28.
11 of 44 steps (25%) done

[Tue Jun 11 15:56:00 2019]
rule insertMutations:
    input: Data/Mutations/sortedMutations4_5.vcf.gz, Data/Mutations/sortedMutations4_5.vcf.gz.tbi
    output: Data/Mutations/InsertedMutations4_5.fa
    jobid: 14
    wildcards: treename=4, sample=5

Activating conda environment: /Users/leonorschubert/Desktop/Aramis/ETH/Bachelor Thesis/Code/.snakemake/conda/94172ea4
Removing temporary output file Data/Mutations/sortedMutations4_5.vcf.gz.
Removing temporary output file Data/Mutations/sortedMutations4_5.vcf.gz.tbi.
[Tue Jun 11 15:56:01 2019]
Finished job 14.
12 of 44 steps (27%) done

[Tue Jun 11 15:56:01 2019]
rule simulateReads:
    input: Data/Mutations/InsertedMutations4_5.fa
    output: results/simulatedAmplification_Tree4_Allel5_1.fq, results/simulatedAmplification_Tree4_Allel5_2.fq
    jobid: 6
    wildcards: treename=4, sample=5

Conda environment defines Python version < 3.5. Using Python of the master process to execute script. Note that this cannot be avoided, because the script uses data structures from Snakemake which are Python >=3.5 only.
Activating conda environment: /Users/leonorschubert/Desktop/Aramis/ETH/Bachelor Thesis/Code/.snakemake/conda/8237f946
[Tue Jun 11 15:56:02 2019]
Finished job 6.
13 of 44 steps (30%) done

[Tue Jun 11 15:56:02 2019]
rule sortMutations:
    input: Data/Mutations/Mutations4_7.vcf
    output: Data/Mutations/sortedMutations4_7.vcf
    jobid: 40
    wildcards: treename=4, sample=7

Activating conda environment: /Users/leonorschubert/Desktop/Aramis/ETH/Bachelor Thesis/Code/.snakemake/conda/94172ea4
[Tue Jun 11 15:56:03 2019]
Finished job 40.
14 of 44 steps (32%) done

[Tue Jun 11 15:56:03 2019]
rule zipMutations:
    input: Data/Mutations/sortedMutations4_7.vcf
    output: Data/Mutations/sortedMutations4_7.vcf.gz
    jobid: 31
    wildcards: treename=4, sample=7

Activating conda environment: /Users/leonorschubert/Desktop/Aramis/ETH/Bachelor Thesis/Code/.snakemake/conda/94172ea4
Removing temporary output file Data/Mutations/sortedMutations4_7.vcf.
[Tue Jun 11 15:56:03 2019]
Finished job 31.
15 of 44 steps (34%) done

[Tue Jun 11 15:56:03 2019]
rule indexMutations:
    input: Data/Mutations/sortedMutations4_7.vcf.gz
    output: Data/Mutations/sortedMutations4_7.vcf.gz.tbi
    jobid: 32
    wildcards: treename=4, sample=7

Activating conda environment: /Users/leonorschubert/Desktop/Aramis/ETH/Bachelor Thesis/Code/.snakemake/conda/94172ea4
[Tue Jun 11 15:56:03 2019]
Finished job 32.
16 of 44 steps (36%) done

[Tue Jun 11 15:56:03 2019]
rule insertMutations:
    input: Data/Mutations/sortedMutations4_7.vcf.gz, Data/Mutations/sortedMutations4_7.vcf.gz.tbi
    output: Data/Mutations/InsertedMutations4_7.fa
    jobid: 16
    wildcards: treename=4, sample=7

Activating conda environment: /Users/leonorschubert/Desktop/Aramis/ETH/Bachelor Thesis/Code/.snakemake/conda/94172ea4
Removing temporary output file Data/Mutations/sortedMutations4_7.vcf.gz.
Removing temporary output file Data/Mutations/sortedMutations4_7.vcf.gz.tbi.
[Tue Jun 11 15:56:04 2019]
Finished job 16.
17 of 44 steps (39%) done

[Tue Jun 11 15:56:04 2019]
rule simulateReads:
    input: Data/Mutations/InsertedMutations4_7.fa
    output: results/simulatedAmplification_Tree4_Allel7_1.fq, results/simulatedAmplification_Tree4_Allel7_2.fq
    jobid: 8
    wildcards: treename=4, sample=7

Conda environment defines Python version < 3.5. Using Python of the master process to execute script. Note that this cannot be avoided, because the script uses data structures from Snakemake which are Python >=3.5 only.
Activating conda environment: /Users/leonorschubert/Desktop/Aramis/ETH/Bachelor Thesis/Code/.snakemake/conda/8237f946
[Tue Jun 11 15:56:05 2019]
Finished job 8.
18 of 44 steps (41%) done

[Tue Jun 11 15:56:05 2019]
rule sortMutations:
    input: Data/Mutations/Mutations4_2.vcf
    output: Data/Mutations/sortedMutations4_2.vcf
    jobid: 35
    wildcards: treename=4, sample=2

Activating conda environment: /Users/leonorschubert/Desktop/Aramis/ETH/Bachelor Thesis/Code/.snakemake/conda/94172ea4
[Tue Jun 11 15:56:05 2019]
Finished job 35.
19 of 44 steps (43%) done

[Tue Jun 11 15:56:05 2019]
rule zipMutations:
    input: Data/Mutations/sortedMutations4_2.vcf
    output: Data/Mutations/sortedMutations4_2.vcf.gz
    jobid: 21
    wildcards: treename=4, sample=2

Activating conda environment: /Users/leonorschubert/Desktop/Aramis/ETH/Bachelor Thesis/Code/.snakemake/conda/94172ea4
Removing temporary output file Data/Mutations/sortedMutations4_2.vcf.
[Tue Jun 11 15:56:06 2019]
Finished job 21.
20 of 44 steps (45%) done

[Tue Jun 11 15:56:06 2019]
rule indexMutations:
    input: Data/Mutations/sortedMutations4_2.vcf.gz
    output: Data/Mutations/sortedMutations4_2.vcf.gz.tbi
    jobid: 22
    wildcards: treename=4, sample=2

Activating conda environment: /Users/leonorschubert/Desktop/Aramis/ETH/Bachelor Thesis/Code/.snakemake/conda/94172ea4
[Tue Jun 11 15:56:06 2019]
Finished job 22.
21 of 44 steps (48%) done

[Tue Jun 11 15:56:06 2019]
rule insertMutations:
    input: Data/Mutations/sortedMutations4_2.vcf.gz, Data/Mutations/sortedMutations4_2.vcf.gz.tbi
    output: Data/Mutations/InsertedMutations4_2.fa
    jobid: 11
    wildcards: treename=4, sample=2

Activating conda environment: /Users/leonorschubert/Desktop/Aramis/ETH/Bachelor Thesis/Code/.snakemake/conda/94172ea4
Removing temporary output file Data/Mutations/sortedMutations4_2.vcf.gz.
Removing temporary output file Data/Mutations/sortedMutations4_2.vcf.gz.tbi.
[Tue Jun 11 15:56:06 2019]
Finished job 11.
22 of 44 steps (50%) done

[Tue Jun 11 15:56:06 2019]
rule simulateReads:
    input: Data/Mutations/InsertedMutations4_2.fa
    output: results/simulatedAmplification_Tree4_Allel2_1.fq, results/simulatedAmplification_Tree4_Allel2_2.fq
    jobid: 3
    wildcards: treename=4, sample=2

Conda environment defines Python version < 3.5. Using Python of the master process to execute script. Note that this cannot be avoided, because the script uses data structures from Snakemake which are Python >=3.5 only.
Activating conda environment: /Users/leonorschubert/Desktop/Aramis/ETH/Bachelor Thesis/Code/.snakemake/conda/8237f946
[Tue Jun 11 15:56:08 2019]
Finished job 3.
23 of 44 steps (52%) done

[Tue Jun 11 15:56:08 2019]
rule sortMutations:
    input: Data/Mutations/Mutations4_1.vcf
    output: Data/Mutations/sortedMutations4_1.vcf
    jobid: 34
    wildcards: treename=4, sample=1

Activating conda environment: /Users/leonorschubert/Desktop/Aramis/ETH/Bachelor Thesis/Code/.snakemake/conda/94172ea4
[Tue Jun 11 15:56:08 2019]
Finished job 34.
24 of 44 steps (55%) done

[Tue Jun 11 15:56:08 2019]
rule zipMutations:
    input: Data/Mutations/sortedMutations4_1.vcf
    output: Data/Mutations/sortedMutations4_1.vcf.gz
    jobid: 19
    wildcards: treename=4, sample=1

Activating conda environment: /Users/leonorschubert/Desktop/Aramis/ETH/Bachelor Thesis/Code/.snakemake/conda/94172ea4
Removing temporary output file Data/Mutations/sortedMutations4_1.vcf.
[Tue Jun 11 15:56:09 2019]
Finished job 19.
25 of 44 steps (57%) done

[Tue Jun 11 15:56:09 2019]
rule indexMutations:
    input: Data/Mutations/sortedMutations4_1.vcf.gz
    output: Data/Mutations/sortedMutations4_1.vcf.gz.tbi
    jobid: 20
    wildcards: treename=4, sample=1

Activating conda environment: /Users/leonorschubert/Desktop/Aramis/ETH/Bachelor Thesis/Code/.snakemake/conda/94172ea4
[Tue Jun 11 15:56:09 2019]
Finished job 20.
26 of 44 steps (59%) done

[Tue Jun 11 15:56:09 2019]
rule insertMutations:
    input: Data/Mutations/sortedMutations4_1.vcf.gz, Data/Mutations/sortedMutations4_1.vcf.gz.tbi
    output: Data/Mutations/InsertedMutations4_1.fa
    jobid: 10
    wildcards: treename=4, sample=1

Activating conda environment: /Users/leonorschubert/Desktop/Aramis/ETH/Bachelor Thesis/Code/.snakemake/conda/94172ea4
Removing temporary output file Data/Mutations/sortedMutations4_1.vcf.gz.
Removing temporary output file Data/Mutations/sortedMutations4_1.vcf.gz.tbi.
[Tue Jun 11 15:56:09 2019]
Finished job 10.
27 of 44 steps (61%) done

[Tue Jun 11 15:56:09 2019]
rule simulateReads:
    input: Data/Mutations/InsertedMutations4_1.fa
    output: results/simulatedAmplification_Tree4_Allel1_1.fq, results/simulatedAmplification_Tree4_Allel1_2.fq
    jobid: 2
    wildcards: treename=4, sample=1

Conda environment defines Python version < 3.5. Using Python of the master process to execute script. Note that this cannot be avoided, because the script uses data structures from Snakemake which are Python >=3.5 only.
Activating conda environment: /Users/leonorschubert/Desktop/Aramis/ETH/Bachelor Thesis/Code/.snakemake/conda/8237f946
[Tue Jun 11 15:56:11 2019]
Finished job 2.
28 of 44 steps (64%) done

[Tue Jun 11 15:56:11 2019]
rule sortMutations:
    input: Data/Mutations/Mutations4_3.vcf
    output: Data/Mutations/sortedMutations4_3.vcf
    jobid: 36
    wildcards: treename=4, sample=3

Activating conda environment: /Users/leonorschubert/Desktop/Aramis/ETH/Bachelor Thesis/Code/.snakemake/conda/94172ea4
[Tue Jun 11 15:56:11 2019]
Finished job 36.
29 of 44 steps (66%) done

[Tue Jun 11 15:56:11 2019]
rule zipMutations:
    input: Data/Mutations/sortedMutations4_3.vcf
    output: Data/Mutations/sortedMutations4_3.vcf.gz
    jobid: 23
    wildcards: treename=4, sample=3

Activating conda environment: /Users/leonorschubert/Desktop/Aramis/ETH/Bachelor Thesis/Code/.snakemake/conda/94172ea4
Removing temporary output file Data/Mutations/sortedMutations4_3.vcf.
[Tue Jun 11 15:56:11 2019]
Finished job 23.
30 of 44 steps (68%) done

[Tue Jun 11 15:56:11 2019]
rule indexMutations:
    input: Data/Mutations/sortedMutations4_3.vcf.gz
    output: Data/Mutations/sortedMutations4_3.vcf.gz.tbi
    jobid: 24
    wildcards: treename=4, sample=3

Activating conda environment: /Users/leonorschubert/Desktop/Aramis/ETH/Bachelor Thesis/Code/.snakemake/conda/94172ea4
[Tue Jun 11 15:56:12 2019]
Finished job 24.
31 of 44 steps (70%) done

[Tue Jun 11 15:56:12 2019]
rule insertMutations:
    input: Data/Mutations/sortedMutations4_3.vcf.gz, Data/Mutations/sortedMutations4_3.vcf.gz.tbi
    output: Data/Mutations/InsertedMutations4_3.fa
    jobid: 12
    wildcards: treename=4, sample=3

Activating conda environment: /Users/leonorschubert/Desktop/Aramis/ETH/Bachelor Thesis/Code/.snakemake/conda/94172ea4
Removing temporary output file Data/Mutations/sortedMutations4_3.vcf.gz.
Removing temporary output file Data/Mutations/sortedMutations4_3.vcf.gz.tbi.
[Tue Jun 11 15:56:12 2019]
Finished job 12.
32 of 44 steps (73%) done

[Tue Jun 11 15:56:12 2019]
rule simulateReads:
    input: Data/Mutations/InsertedMutations4_3.fa
    output: results/simulatedAmplification_Tree4_Allel3_1.fq, results/simulatedAmplification_Tree4_Allel3_2.fq
    jobid: 4
    wildcards: treename=4, sample=3

Conda environment defines Python version < 3.5. Using Python of the master process to execute script. Note that this cannot be avoided, because the script uses data structures from Snakemake which are Python >=3.5 only.
Activating conda environment: /Users/leonorschubert/Desktop/Aramis/ETH/Bachelor Thesis/Code/.snakemake/conda/8237f946
[Tue Jun 11 15:56:14 2019]
Finished job 4.
33 of 44 steps (75%) done

[Tue Jun 11 15:56:14 2019]
rule sortMutations:
    input: Data/Mutations/Mutations4_4.vcf
    output: Data/Mutations/sortedMutations4_4.vcf
    jobid: 37
    wildcards: treename=4, sample=4

Activating conda environment: /Users/leonorschubert/Desktop/Aramis/ETH/Bachelor Thesis/Code/.snakemake/conda/94172ea4
[Tue Jun 11 15:56:14 2019]
Finished job 37.
34 of 44 steps (77%) done

[Tue Jun 11 15:56:14 2019]
rule zipMutations:
    input: Data/Mutations/sortedMutations4_4.vcf
    output: Data/Mutations/sortedMutations4_4.vcf.gz
    jobid: 25
    wildcards: treename=4, sample=4

Activating conda environment: /Users/leonorschubert/Desktop/Aramis/ETH/Bachelor Thesis/Code/.snakemake/conda/94172ea4
Removing temporary output file Data/Mutations/sortedMutations4_4.vcf.
[Tue Jun 11 15:56:14 2019]
Finished job 25.
35 of 44 steps (80%) done

[Tue Jun 11 15:56:14 2019]
rule indexMutations:
    input: Data/Mutations/sortedMutations4_4.vcf.gz
    output: Data/Mutations/sortedMutations4_4.vcf.gz.tbi
    jobid: 26
    wildcards: treename=4, sample=4

Activating conda environment: /Users/leonorschubert/Desktop/Aramis/ETH/Bachelor Thesis/Code/.snakemake/conda/94172ea4
[Tue Jun 11 15:56:15 2019]
Finished job 26.
36 of 44 steps (82%) done

[Tue Jun 11 15:56:15 2019]
rule insertMutations:
    input: Data/Mutations/sortedMutations4_4.vcf.gz, Data/Mutations/sortedMutations4_4.vcf.gz.tbi
    output: Data/Mutations/InsertedMutations4_4.fa
    jobid: 13
    wildcards: treename=4, sample=4

Activating conda environment: /Users/leonorschubert/Desktop/Aramis/ETH/Bachelor Thesis/Code/.snakemake/conda/94172ea4
Removing temporary output file Data/Mutations/sortedMutations4_4.vcf.gz.
Removing temporary output file Data/Mutations/sortedMutations4_4.vcf.gz.tbi.
[Tue Jun 11 15:56:15 2019]
Finished job 13.
37 of 44 steps (84%) done

[Tue Jun 11 15:56:15 2019]
rule simulateReads:
    input: Data/Mutations/InsertedMutations4_4.fa
    output: results/simulatedAmplification_Tree4_Allel4_1.fq, results/simulatedAmplification_Tree4_Allel4_2.fq
    jobid: 5
    wildcards: treename=4, sample=4

Conda environment defines Python version < 3.5. Using Python of the master process to execute script. Note that this cannot be avoided, because the script uses data structures from Snakemake which are Python >=3.5 only.
Activating conda environment: /Users/leonorschubert/Desktop/Aramis/ETH/Bachelor Thesis/Code/.snakemake/conda/8237f946
[Tue Jun 11 15:56:16 2019]
Finished job 5.
38 of 44 steps (86%) done

[Tue Jun 11 15:56:16 2019]
rule sortMutations:
    input: Data/Mutations/Mutations4_0.vcf
    output: Data/Mutations/sortedMutations4_0.vcf
    jobid: 33
    wildcards: treename=4, sample=0

Activating conda environment: /Users/leonorschubert/Desktop/Aramis/ETH/Bachelor Thesis/Code/.snakemake/conda/94172ea4
[Tue Jun 11 15:56:16 2019]
Finished job 33.
39 of 44 steps (89%) done

[Tue Jun 11 15:56:16 2019]
rule zipMutations:
    input: Data/Mutations/sortedMutations4_0.vcf
    output: Data/Mutations/sortedMutations4_0.vcf.gz
    jobid: 17
    wildcards: treename=4, sample=0

Activating conda environment: /Users/leonorschubert/Desktop/Aramis/ETH/Bachelor Thesis/Code/.snakemake/conda/94172ea4
Removing temporary output file Data/Mutations/sortedMutations4_0.vcf.
[Tue Jun 11 15:56:17 2019]
Finished job 17.
40 of 44 steps (91%) done

[Tue Jun 11 15:56:17 2019]
rule indexMutations:
    input: Data/Mutations/sortedMutations4_0.vcf.gz
    output: Data/Mutations/sortedMutations4_0.vcf.gz.tbi
    jobid: 18
    wildcards: treename=4, sample=0

Activating conda environment: /Users/leonorschubert/Desktop/Aramis/ETH/Bachelor Thesis/Code/.snakemake/conda/94172ea4
[Tue Jun 11 15:56:17 2019]
Finished job 18.
41 of 44 steps (93%) done

[Tue Jun 11 15:56:17 2019]
rule insertMutations:
    input: Data/Mutations/sortedMutations4_0.vcf.gz, Data/Mutations/sortedMutations4_0.vcf.gz.tbi
    output: Data/Mutations/InsertedMutations4_0.fa
    jobid: 9
    wildcards: treename=4, sample=0

Activating conda environment: /Users/leonorschubert/Desktop/Aramis/ETH/Bachelor Thesis/Code/.snakemake/conda/94172ea4
Removing temporary output file Data/Mutations/sortedMutations4_0.vcf.gz.
Removing temporary output file Data/Mutations/sortedMutations4_0.vcf.gz.tbi.
[Tue Jun 11 15:56:17 2019]
Finished job 9.
42 of 44 steps (95%) done

[Tue Jun 11 15:56:17 2019]
rule simulateReads:
    input: Data/Mutations/InsertedMutations4_0.fa
    output: results/simulatedAmplification_Tree4_Allel0_1.fq, results/simulatedAmplification_Tree4_Allel0_2.fq
    jobid: 1
    wildcards: treename=4, sample=0

Conda environment defines Python version < 3.5. Using Python of the master process to execute script. Note that this cannot be avoided, because the script uses data structures from Snakemake which are Python >=3.5 only.
Activating conda environment: /Users/leonorschubert/Desktop/Aramis/ETH/Bachelor Thesis/Code/.snakemake/conda/8237f946
[Tue Jun 11 15:56:19 2019]
Finished job 1.
43 of 44 steps (98%) done

[Tue Jun 11 15:56:19 2019]
rule SingleCellReadSimulator:
    input: results/simulatedAmplification_Tree4_Allel0_1.fq, results/simulatedAmplification_Tree4_Allel1_1.fq, results/simulatedAmplification_Tree4_Allel2_1.fq, results/simulatedAmplification_Tree4_Allel3_1.fq, results/simulatedAmplification_Tree4_Allel4_1.fq, results/simulatedAmplification_Tree4_Allel5_1.fq, results/simulatedAmplification_Tree4_Allel6_1.fq, results/simulatedAmplification_Tree4_Allel7_1.fq, results/simulatedAmplification_Tree4_Allel0_2.fq, results/simulatedAmplification_Tree4_Allel1_2.fq, results/simulatedAmplification_Tree4_Allel2_2.fq, results/simulatedAmplification_Tree4_Allel3_2.fq, results/simulatedAmplification_Tree4_Allel4_2.fq, results/simulatedAmplification_Tree4_Allel5_2.fq, results/simulatedAmplification_Tree4_Allel6_2.fq, results/simulatedAmplification_Tree4_Allel7_2.fq
    output: results/SingleCellReadSimulator4.txt
    jobid: 0
    wildcards: treename=4

[Tue Jun 11 15:56:19 2019]
Finished job 0.
44 of 44 steps (100%) done
Complete log: /Users/leonorschubert/Desktop/Aramis/ETH/Bachelor Thesis/Code/.snakemake/log/2019-06-11T155241.113778.snakemake.log
