Building DAG of jobs...
Using shell: /bin/bash
Provided cores: 1
Rules claiming more threads will be scaled down.
Job counts:
	count	jobs
	1	SingleCellReadSimulator
	1	createGermlineMutations
	1	createMutations
	1	generateBinaryTree
	8	indexMutations
	8	insertMutations
	8	simulateReads
	8	sortMutations
	8	zipMutations
	44

[Mon Jun  3 17:15:01 2019]
rule generateBinaryTree:
    output: Data/Trees/binaryTree4.txt
    jobid: 42
    wildcards: treename=4

[Mon Jun  3 17:15:01 2019]
Error in rule generateBinaryTree:
    jobid: 42
    output: Data/Trees/binaryTree4.txt

RuleException:
CalledProcessError in line 19 of /Users/leonorschubert/Desktop/Aramis/ETH/Bachelor Thesis/Code/Snakefile:
Command 'set -euo pipefail;  python scripts/generateBinaryTree.py 4 Data/Trees/binaryTree4.txt 345
        mkdir /Code/Data/MDASimulation' returned non-zero exit status 1.
  File "/Users/leonorschubert/Desktop/Aramis/ETH/Bachelor Thesis/Code/Snakefile", line 19, in __rule_generateBinaryTree
  File "/usr/local/Cellar/python/3.7.2_2/Frameworks/Python.framework/Versions/3.7/lib/python3.7/concurrent/futures/thread.py", line 57, in run
Removing output files of failed job generateBinaryTree since they might be corrupted:
Data/Trees/binaryTree4.txt
Shutting down, this might take some time.
Exiting because a job execution failed. Look above for error message
Complete log: /Users/leonorschubert/Desktop/Aramis/ETH/Bachelor Thesis/Code/.snakemake/log/2019-06-03T171501.187202.snakemake.log
