Building DAG of jobs...
Using shell: /bin/bash
Provided cores: 1
Rules claiming more threads will be scaled down.
Job counts:
	count	jobs
	1	SingleCellReadSimulator
	7	indexMutations
	7	insertMutations
	8	simulateReads
	7	sortMutations
	7	zipMutations
	37

[Tue Jun 11 15:34:42 2019]
rule simulateReads:
    input: Data/Mutations/InsertedMutations4_6.fa
    output: results/simulatedAmplification_Tree4_Allel6_1.fq, results/simulatedAmplification_Tree4_Allel6_2.fq
    jobid: 7
    wildcards: treename=4, sample=6

Conda environment defines Python version < 3.5. Using Python of the master process to execute script. Note that this cannot be avoided, because the script uses data structures from Snakemake which are Python >=3.5 only.
Activating conda environment: /Users/leonorschubert/Desktop/Aramis/ETH/Bachelor Thesis/Code/.snakemake/conda/c7824ab4
[Tue Jun 11 15:34:44 2019]
Finished job 7.
1 of 37 steps (3%) done

[Tue Jun 11 15:34:44 2019]
rule sortMutations:
    input: Data/Mutations/Mutations4_5.vcf
    output: Data/Mutations/sortedMutations4_5.vcf
    jobid: 38
    wildcards: treename=4, sample=5

Activating conda environment: /Users/leonorschubert/Desktop/Aramis/ETH/Bachelor Thesis/Code/.snakemake/conda/e3075510
[Tue Jun 11 15:34:44 2019]
Finished job 38.
2 of 37 steps (5%) done

[Tue Jun 11 15:34:44 2019]
rule zipMutations:
    input: Data/Mutations/sortedMutations4_5.vcf
    output: Data/Mutations/sortedMutations4_5.vcf.gz
    jobid: 27
    wildcards: treename=4, sample=5

Activating conda environment: /Users/leonorschubert/Desktop/Aramis/ETH/Bachelor Thesis/Code/.snakemake/conda/e3075510
Removing temporary output file Data/Mutations/sortedMutations4_5.vcf.
[Tue Jun 11 15:34:45 2019]
Finished job 27.
3 of 37 steps (8%) done

[Tue Jun 11 15:34:45 2019]
rule indexMutations:
    input: Data/Mutations/sortedMutations4_5.vcf.gz
    output: Data/Mutations/sortedMutations4_5.vcf.gz.tbi
    jobid: 28
    wildcards: treename=4, sample=5

Activating conda environment: /Users/leonorschubert/Desktop/Aramis/ETH/Bachelor Thesis/Code/.snakemake/conda/e3075510
[Tue Jun 11 15:34:45 2019]
Finished job 28.
4 of 37 steps (11%) done

[Tue Jun 11 15:34:45 2019]
rule insertMutations:
    input: Data/Mutations/sortedMutations4_5.vcf.gz, Data/Mutations/sortedMutations4_5.vcf.gz.tbi
    output: Data/Mutations/InsertedMutations4_5.fa
    jobid: 14
    wildcards: treename=4, sample=5

Activating conda environment: /Users/leonorschubert/Desktop/Aramis/ETH/Bachelor Thesis/Code/.snakemake/conda/e3075510
Removing temporary output file Data/Mutations/sortedMutations4_5.vcf.gz.
Removing temporary output file Data/Mutations/sortedMutations4_5.vcf.gz.tbi.
[Tue Jun 11 15:34:45 2019]
Finished job 14.
5 of 37 steps (14%) done

[Tue Jun 11 15:34:45 2019]
rule simulateReads:
    input: Data/Mutations/InsertedMutations4_5.fa
    output: results/simulatedAmplification_Tree4_Allel5_1.fq, results/simulatedAmplification_Tree4_Allel5_2.fq
    jobid: 6
    wildcards: treename=4, sample=5

Conda environment defines Python version < 3.5. Using Python of the master process to execute script. Note that this cannot be avoided, because the script uses data structures from Snakemake which are Python >=3.5 only.
Activating conda environment: /Users/leonorschubert/Desktop/Aramis/ETH/Bachelor Thesis/Code/.snakemake/conda/c7824ab4
[Tue Jun 11 15:34:47 2019]
Finished job 6.
6 of 37 steps (16%) done

[Tue Jun 11 15:34:47 2019]
rule sortMutations:
    input: Data/Mutations/Mutations4_7.vcf
    output: Data/Mutations/sortedMutations4_7.vcf
    jobid: 40
    wildcards: treename=4, sample=7

Activating conda environment: /Users/leonorschubert/Desktop/Aramis/ETH/Bachelor Thesis/Code/.snakemake/conda/e3075510
[Tue Jun 11 15:34:47 2019]
Finished job 40.
7 of 37 steps (19%) done

[Tue Jun 11 15:34:47 2019]
rule zipMutations:
    input: Data/Mutations/sortedMutations4_7.vcf
    output: Data/Mutations/sortedMutations4_7.vcf.gz
    jobid: 31
    wildcards: treename=4, sample=7

Activating conda environment: /Users/leonorschubert/Desktop/Aramis/ETH/Bachelor Thesis/Code/.snakemake/conda/e3075510
Removing temporary output file Data/Mutations/sortedMutations4_7.vcf.
[Tue Jun 11 15:34:47 2019]
Finished job 31.
8 of 37 steps (22%) done

[Tue Jun 11 15:34:47 2019]
rule indexMutations:
    input: Data/Mutations/sortedMutations4_7.vcf.gz
    output: Data/Mutations/sortedMutations4_7.vcf.gz.tbi
    jobid: 32
    wildcards: treename=4, sample=7

Activating conda environment: /Users/leonorschubert/Desktop/Aramis/ETH/Bachelor Thesis/Code/.snakemake/conda/e3075510
[Tue Jun 11 15:34:48 2019]
Finished job 32.
9 of 37 steps (24%) done

[Tue Jun 11 15:34:48 2019]
rule insertMutations:
    input: Data/Mutations/sortedMutations4_7.vcf.gz, Data/Mutations/sortedMutations4_7.vcf.gz.tbi
    output: Data/Mutations/InsertedMutations4_7.fa
    jobid: 16
    wildcards: treename=4, sample=7

Activating conda environment: /Users/leonorschubert/Desktop/Aramis/ETH/Bachelor Thesis/Code/.snakemake/conda/e3075510
Removing temporary output file Data/Mutations/sortedMutations4_7.vcf.gz.
Removing temporary output file Data/Mutations/sortedMutations4_7.vcf.gz.tbi.
[Tue Jun 11 15:34:48 2019]
Finished job 16.
10 of 37 steps (27%) done

[Tue Jun 11 15:34:48 2019]
rule simulateReads:
    input: Data/Mutations/InsertedMutations4_7.fa
    output: results/simulatedAmplification_Tree4_Allel7_1.fq, results/simulatedAmplification_Tree4_Allel7_2.fq
    jobid: 8
    wildcards: treename=4, sample=7

Conda environment defines Python version < 3.5. Using Python of the master process to execute script. Note that this cannot be avoided, because the script uses data structures from Snakemake which are Python >=3.5 only.
Activating conda environment: /Users/leonorschubert/Desktop/Aramis/ETH/Bachelor Thesis/Code/.snakemake/conda/c7824ab4
[Tue Jun 11 15:34:50 2019]
Finished job 8.
11 of 37 steps (30%) done

[Tue Jun 11 15:34:50 2019]
rule sortMutations:
    input: Data/Mutations/Mutations4_3.vcf
    output: Data/Mutations/sortedMutations4_3.vcf
    jobid: 36
    wildcards: treename=4, sample=3

Activating conda environment: /Users/leonorschubert/Desktop/Aramis/ETH/Bachelor Thesis/Code/.snakemake/conda/e3075510
[Tue Jun 11 15:34:50 2019]
Finished job 36.
12 of 37 steps (32%) done

[Tue Jun 11 15:34:50 2019]
rule zipMutations:
    input: Data/Mutations/sortedMutations4_3.vcf
    output: Data/Mutations/sortedMutations4_3.vcf.gz
    jobid: 23
    wildcards: treename=4, sample=3

Activating conda environment: /Users/leonorschubert/Desktop/Aramis/ETH/Bachelor Thesis/Code/.snakemake/conda/e3075510
Removing temporary output file Data/Mutations/sortedMutations4_3.vcf.
[Tue Jun 11 15:34:50 2019]
Finished job 23.
13 of 37 steps (35%) done

[Tue Jun 11 15:34:50 2019]
rule indexMutations:
    input: Data/Mutations/sortedMutations4_3.vcf.gz
    output: Data/Mutations/sortedMutations4_3.vcf.gz.tbi
    jobid: 24
    wildcards: treename=4, sample=3

Activating conda environment: /Users/leonorschubert/Desktop/Aramis/ETH/Bachelor Thesis/Code/.snakemake/conda/e3075510
[Tue Jun 11 15:34:51 2019]
Finished job 24.
14 of 37 steps (38%) done

[Tue Jun 11 15:34:51 2019]
rule insertMutations:
    input: Data/Mutations/sortedMutations4_3.vcf.gz, Data/Mutations/sortedMutations4_3.vcf.gz.tbi
    output: Data/Mutations/InsertedMutations4_3.fa
    jobid: 12
    wildcards: treename=4, sample=3

Activating conda environment: /Users/leonorschubert/Desktop/Aramis/ETH/Bachelor Thesis/Code/.snakemake/conda/e3075510
Removing temporary output file Data/Mutations/sortedMutations4_3.vcf.gz.
Removing temporary output file Data/Mutations/sortedMutations4_3.vcf.gz.tbi.
[Tue Jun 11 15:34:51 2019]
Finished job 12.
15 of 37 steps (41%) done

[Tue Jun 11 15:34:51 2019]
rule simulateReads:
    input: Data/Mutations/InsertedMutations4_3.fa
    output: results/simulatedAmplification_Tree4_Allel3_1.fq, results/simulatedAmplification_Tree4_Allel3_2.fq
    jobid: 4
    wildcards: treename=4, sample=3

Conda environment defines Python version < 3.5. Using Python of the master process to execute script. Note that this cannot be avoided, because the script uses data structures from Snakemake which are Python >=3.5 only.
Activating conda environment: /Users/leonorschubert/Desktop/Aramis/ETH/Bachelor Thesis/Code/.snakemake/conda/c7824ab4
[Tue Jun 11 15:34:52 2019]
Finished job 4.
16 of 37 steps (43%) done

[Tue Jun 11 15:34:52 2019]
rule sortMutations:
    input: Data/Mutations/Mutations4_1.vcf
    output: Data/Mutations/sortedMutations4_1.vcf
    jobid: 34
    wildcards: treename=4, sample=1

Activating conda environment: /Users/leonorschubert/Desktop/Aramis/ETH/Bachelor Thesis/Code/.snakemake/conda/e3075510
[Tue Jun 11 15:34:53 2019]
Finished job 34.
17 of 37 steps (46%) done

[Tue Jun 11 15:34:53 2019]
rule zipMutations:
    input: Data/Mutations/sortedMutations4_1.vcf
    output: Data/Mutations/sortedMutations4_1.vcf.gz
    jobid: 19
    wildcards: treename=4, sample=1

Activating conda environment: /Users/leonorschubert/Desktop/Aramis/ETH/Bachelor Thesis/Code/.snakemake/conda/e3075510
Removing temporary output file Data/Mutations/sortedMutations4_1.vcf.
[Tue Jun 11 15:34:53 2019]
Finished job 19.
18 of 37 steps (49%) done

[Tue Jun 11 15:34:53 2019]
rule indexMutations:
    input: Data/Mutations/sortedMutations4_1.vcf.gz
    output: Data/Mutations/sortedMutations4_1.vcf.gz.tbi
    jobid: 20
    wildcards: treename=4, sample=1

Activating conda environment: /Users/leonorschubert/Desktop/Aramis/ETH/Bachelor Thesis/Code/.snakemake/conda/e3075510
[Tue Jun 11 15:34:53 2019]
Finished job 20.
19 of 37 steps (51%) done

[Tue Jun 11 15:34:53 2019]
rule insertMutations:
    input: Data/Mutations/sortedMutations4_1.vcf.gz, Data/Mutations/sortedMutations4_1.vcf.gz.tbi
    output: Data/Mutations/InsertedMutations4_1.fa
    jobid: 10
    wildcards: treename=4, sample=1

Activating conda environment: /Users/leonorschubert/Desktop/Aramis/ETH/Bachelor Thesis/Code/.snakemake/conda/e3075510
Removing temporary output file Data/Mutations/sortedMutations4_1.vcf.gz.
Removing temporary output file Data/Mutations/sortedMutations4_1.vcf.gz.tbi.
[Tue Jun 11 15:34:54 2019]
Finished job 10.
20 of 37 steps (54%) done

[Tue Jun 11 15:34:54 2019]
rule simulateReads:
    input: Data/Mutations/InsertedMutations4_1.fa
    output: results/simulatedAmplification_Tree4_Allel1_1.fq, results/simulatedAmplification_Tree4_Allel1_2.fq
    jobid: 2
    wildcards: treename=4, sample=1

Conda environment defines Python version < 3.5. Using Python of the master process to execute script. Note that this cannot be avoided, because the script uses data structures from Snakemake which are Python >=3.5 only.
Activating conda environment: /Users/leonorschubert/Desktop/Aramis/ETH/Bachelor Thesis/Code/.snakemake/conda/c7824ab4
[Tue Jun 11 15:34:55 2019]
Finished job 2.
21 of 37 steps (57%) done

[Tue Jun 11 15:34:55 2019]
rule sortMutations:
    input: Data/Mutations/Mutations4_2.vcf
    output: Data/Mutations/sortedMutations4_2.vcf
    jobid: 35
    wildcards: treename=4, sample=2

Activating conda environment: /Users/leonorschubert/Desktop/Aramis/ETH/Bachelor Thesis/Code/.snakemake/conda/e3075510
[Tue Jun 11 15:34:56 2019]
Finished job 35.
22 of 37 steps (59%) done

[Tue Jun 11 15:34:56 2019]
rule zipMutations:
    input: Data/Mutations/sortedMutations4_2.vcf
    output: Data/Mutations/sortedMutations4_2.vcf.gz
    jobid: 21
    wildcards: treename=4, sample=2

Activating conda environment: /Users/leonorschubert/Desktop/Aramis/ETH/Bachelor Thesis/Code/.snakemake/conda/e3075510
Removing temporary output file Data/Mutations/sortedMutations4_2.vcf.
[Tue Jun 11 15:34:56 2019]
Finished job 21.
23 of 37 steps (62%) done

[Tue Jun 11 15:34:56 2019]
rule indexMutations:
    input: Data/Mutations/sortedMutations4_2.vcf.gz
    output: Data/Mutations/sortedMutations4_2.vcf.gz.tbi
    jobid: 22
    wildcards: treename=4, sample=2

Activating conda environment: /Users/leonorschubert/Desktop/Aramis/ETH/Bachelor Thesis/Code/.snakemake/conda/e3075510
[Tue Jun 11 15:34:56 2019]
Finished job 22.
24 of 37 steps (65%) done

[Tue Jun 11 15:34:56 2019]
rule insertMutations:
    input: Data/Mutations/sortedMutations4_2.vcf.gz, Data/Mutations/sortedMutations4_2.vcf.gz.tbi
    output: Data/Mutations/InsertedMutations4_2.fa
    jobid: 11
    wildcards: treename=4, sample=2

Activating conda environment: /Users/leonorschubert/Desktop/Aramis/ETH/Bachelor Thesis/Code/.snakemake/conda/e3075510
Removing temporary output file Data/Mutations/sortedMutations4_2.vcf.gz.
Removing temporary output file Data/Mutations/sortedMutations4_2.vcf.gz.tbi.
[Tue Jun 11 15:34:57 2019]
Finished job 11.
25 of 37 steps (68%) done

[Tue Jun 11 15:34:57 2019]
rule simulateReads:
    input: Data/Mutations/InsertedMutations4_2.fa
    output: results/simulatedAmplification_Tree4_Allel2_1.fq, results/simulatedAmplification_Tree4_Allel2_2.fq
    jobid: 3
    wildcards: treename=4, sample=2

Conda environment defines Python version < 3.5. Using Python of the master process to execute script. Note that this cannot be avoided, because the script uses data structures from Snakemake which are Python >=3.5 only.
Activating conda environment: /Users/leonorschubert/Desktop/Aramis/ETH/Bachelor Thesis/Code/.snakemake/conda/c7824ab4
[Tue Jun 11 15:34:58 2019]
Finished job 3.
26 of 37 steps (70%) done

[Tue Jun 11 15:34:58 2019]
rule sortMutations:
    input: Data/Mutations/Mutations4_4.vcf
    output: Data/Mutations/sortedMutations4_4.vcf
    jobid: 37
    wildcards: treename=4, sample=4

Activating conda environment: /Users/leonorschubert/Desktop/Aramis/ETH/Bachelor Thesis/Code/.snakemake/conda/e3075510
[Tue Jun 11 15:34:59 2019]
Finished job 37.
27 of 37 steps (73%) done

[Tue Jun 11 15:34:59 2019]
rule zipMutations:
    input: Data/Mutations/sortedMutations4_4.vcf
    output: Data/Mutations/sortedMutations4_4.vcf.gz
    jobid: 25
    wildcards: treename=4, sample=4

Activating conda environment: /Users/leonorschubert/Desktop/Aramis/ETH/Bachelor Thesis/Code/.snakemake/conda/e3075510
Removing temporary output file Data/Mutations/sortedMutations4_4.vcf.
[Tue Jun 11 15:34:59 2019]
Finished job 25.
28 of 37 steps (76%) done

[Tue Jun 11 15:34:59 2019]
rule indexMutations:
    input: Data/Mutations/sortedMutations4_4.vcf.gz
    output: Data/Mutations/sortedMutations4_4.vcf.gz.tbi
    jobid: 26
    wildcards: treename=4, sample=4

Activating conda environment: /Users/leonorschubert/Desktop/Aramis/ETH/Bachelor Thesis/Code/.snakemake/conda/e3075510
[Tue Jun 11 15:34:59 2019]
Finished job 26.
29 of 37 steps (78%) done

[Tue Jun 11 15:34:59 2019]
rule insertMutations:
    input: Data/Mutations/sortedMutations4_4.vcf.gz, Data/Mutations/sortedMutations4_4.vcf.gz.tbi
    output: Data/Mutations/InsertedMutations4_4.fa
    jobid: 13
    wildcards: treename=4, sample=4

Activating conda environment: /Users/leonorschubert/Desktop/Aramis/ETH/Bachelor Thesis/Code/.snakemake/conda/e3075510
Removing temporary output file Data/Mutations/sortedMutations4_4.vcf.gz.
Removing temporary output file Data/Mutations/sortedMutations4_4.vcf.gz.tbi.
[Tue Jun 11 15:35:00 2019]
Finished job 13.
30 of 37 steps (81%) done

[Tue Jun 11 15:35:00 2019]
rule simulateReads:
    input: Data/Mutations/InsertedMutations4_4.fa
    output: results/simulatedAmplification_Tree4_Allel4_1.fq, results/simulatedAmplification_Tree4_Allel4_2.fq
    jobid: 5
    wildcards: treename=4, sample=4

Conda environment defines Python version < 3.5. Using Python of the master process to execute script. Note that this cannot be avoided, because the script uses data structures from Snakemake which are Python >=3.5 only.
Activating conda environment: /Users/leonorschubert/Desktop/Aramis/ETH/Bachelor Thesis/Code/.snakemake/conda/c7824ab4
[Tue Jun 11 15:35:01 2019]
Finished job 5.
31 of 37 steps (84%) done

[Tue Jun 11 15:35:01 2019]
rule sortMutations:
    input: Data/Mutations/Mutations4_0.vcf
    output: Data/Mutations/sortedMutations4_0.vcf
    jobid: 33
    wildcards: treename=4, sample=0

Activating conda environment: /Users/leonorschubert/Desktop/Aramis/ETH/Bachelor Thesis/Code/.snakemake/conda/e3075510
[Tue Jun 11 15:35:02 2019]
Finished job 33.
32 of 37 steps (86%) done

[Tue Jun 11 15:35:02 2019]
rule zipMutations:
    input: Data/Mutations/sortedMutations4_0.vcf
    output: Data/Mutations/sortedMutations4_0.vcf.gz
    jobid: 17
    wildcards: treename=4, sample=0

Activating conda environment: /Users/leonorschubert/Desktop/Aramis/ETH/Bachelor Thesis/Code/.snakemake/conda/e3075510
Removing temporary output file Data/Mutations/sortedMutations4_0.vcf.
[Tue Jun 11 15:35:02 2019]
Finished job 17.
33 of 37 steps (89%) done

[Tue Jun 11 15:35:02 2019]
rule indexMutations:
    input: Data/Mutations/sortedMutations4_0.vcf.gz
    output: Data/Mutations/sortedMutations4_0.vcf.gz.tbi
    jobid: 18
    wildcards: treename=4, sample=0

Activating conda environment: /Users/leonorschubert/Desktop/Aramis/ETH/Bachelor Thesis/Code/.snakemake/conda/e3075510
[Tue Jun 11 15:35:02 2019]
Finished job 18.
34 of 37 steps (92%) done

[Tue Jun 11 15:35:02 2019]
rule insertMutations:
    input: Data/Mutations/sortedMutations4_0.vcf.gz, Data/Mutations/sortedMutations4_0.vcf.gz.tbi
    output: Data/Mutations/InsertedMutations4_0.fa
    jobid: 9
    wildcards: treename=4, sample=0

Activating conda environment: /Users/leonorschubert/Desktop/Aramis/ETH/Bachelor Thesis/Code/.snakemake/conda/e3075510
Removing temporary output file Data/Mutations/sortedMutations4_0.vcf.gz.
Removing temporary output file Data/Mutations/sortedMutations4_0.vcf.gz.tbi.
[Tue Jun 11 15:35:03 2019]
Finished job 9.
35 of 37 steps (95%) done

[Tue Jun 11 15:35:03 2019]
rule simulateReads:
    input: Data/Mutations/InsertedMutations4_0.fa
    output: results/simulatedAmplification_Tree4_Allel0_1.fq, results/simulatedAmplification_Tree4_Allel0_2.fq
    jobid: 1
    wildcards: treename=4, sample=0

Conda environment defines Python version < 3.5. Using Python of the master process to execute script. Note that this cannot be avoided, because the script uses data structures from Snakemake which are Python >=3.5 only.
Activating conda environment: /Users/leonorschubert/Desktop/Aramis/ETH/Bachelor Thesis/Code/.snakemake/conda/c7824ab4
[Tue Jun 11 15:35:04 2019]
Finished job 1.
36 of 37 steps (97%) done

[Tue Jun 11 15:35:04 2019]
rule SingleCellReadSimulator:
    input: results/simulatedAmplification_Tree4_Allel0_1.fq, results/simulatedAmplification_Tree4_Allel1_1.fq, results/simulatedAmplification_Tree4_Allel2_1.fq, results/simulatedAmplification_Tree4_Allel3_1.fq, results/simulatedAmplification_Tree4_Allel4_1.fq, results/simulatedAmplification_Tree4_Allel5_1.fq, results/simulatedAmplification_Tree4_Allel6_1.fq, results/simulatedAmplification_Tree4_Allel7_1.fq, results/simulatedAmplification_Tree4_Allel0_2.fq, results/simulatedAmplification_Tree4_Allel1_2.fq, results/simulatedAmplification_Tree4_Allel2_2.fq, results/simulatedAmplification_Tree4_Allel3_2.fq, results/simulatedAmplification_Tree4_Allel4_2.fq, results/simulatedAmplification_Tree4_Allel5_2.fq, results/simulatedAmplification_Tree4_Allel6_2.fq, results/simulatedAmplification_Tree4_Allel7_2.fq
    output: results/SingleCellReadSimulator4.txt
    jobid: 0
    wildcards: treename=4

[Tue Jun 11 15:35:04 2019]
Finished job 0.
37 of 37 steps (100%) done
Complete log: /Users/leonorschubert/Desktop/Aramis/ETH/Bachelor Thesis/Code/.snakemake/log/2019-06-11T153442.144677.snakemake.log
