Building DAG of jobs...
Using shell: /bin/bash
Provided cores: 1
Rules claiming more threads will be scaled down.
Job counts:
	count	jobs
	1	createGermlineMutations
	1	createMutations
	2

[Wed Mar 27 10:25:25 2019]
rule createGermlineMutations:
    input: Data/ReferenceData/ReferenceGenomeChromosome_22.fa, Data/ReferenceData/MetaDataFrame.vcf
    output: Data/Mutations/GermlineMutations10_Allel1.vcf, Data/Mutations/GermlineMutations10_Allel2.vcf
    jobid: 2
    wildcards: treename=10

[Wed Mar 27 10:25:27 2019]
Finished job 2.
1 of 2 steps (50%) done

[Wed Mar 27 10:25:27 2019]
rule createMutations:
    input: Data/Trees/binaryTree10.txt, Data/Mutations/GermlineMutations10_Allel1.vcf, Data/Mutations/GermlineMutations10_Allel2.vcf, Data/ReferenceData/ReferenceGenomeChromosome_22.fa
    output: Data/Mutations/Mutations10_0.txt, Data/Mutations/Mutations10_1.txt, Data/Mutations/Mutations10_2.txt, Data/Mutations/Mutations10_3.txt, Data/Mutations/Mutations10_4.txt, Data/Mutations/Mutations10_5.txt, Data/Mutations/Mutations10_6.txt, Data/Mutations/Mutations10_7.txt, Data/Mutations/Mutations10_8.txt, Data/Mutations/Mutations10_9.txt
    jobid: 0
    wildcards: treename=10

[Wed Mar 27 10:25:27 2019]
Finished job 0.
2 of 2 steps (100%) done
Complete log: /Users/leonorschubert/Desktop/Aramis/ETH/Bachelor Thesis/Code/.snakemake/log/2019-03-27T102525.716279.snakemake.log
