Building DAG of jobs...
Using shell: /bin/bash
Provided cores: 1
Rules claiming more threads will be scaled down.
Job counts:
	count	jobs
	1	SingleCellReadSimulator
	1	createGermlineMutations
	1	createMutations
	1	generateBinaryTree
	10	indexMutations
	10	insertMutations
	1	plotBinaryTree
	10	simulateReads
	10	sortMutations
	10	zipMutations
	55

[Wed Jun 12 10:14:11 2019]
rule createGermlineMutations:
    output: Data/Mutations/GermlineMutations5_Allel1.vcf, Data/Mutations/GermlineMutations5_Allel2.vcf
    jobid: 54
    wildcards: treename=5

Conda environment defines Python version < 3.5. Using Python of the master process to execute script. Note that this cannot be avoided, because the script uses data structures from Snakemake which are Python >=3.5 only.
Activating conda environment: /Users/leonorschubert/Desktop/Aramis/ETH/Bachelor Thesis/Code/.snakemake/conda/579dc3c7
[Wed Jun 12 10:14:12 2019]
Finished job 54.
1 of 55 steps (2%) done

[Wed Jun 12 10:14:12 2019]
rule generateBinaryTree:
    output: Data/Trees/binaryTree5.txt
    jobid: 22
    wildcards: treename=5

Activating conda environment: /Users/leonorschubert/Desktop/Aramis/ETH/Bachelor Thesis/Code/.snakemake/conda/72b5c89d
[Wed Jun 12 10:14:14 2019]
Finished job 22.
2 of 55 steps (4%) done

[Wed Jun 12 10:14:14 2019]
rule createMutations:
    input: Data/Trees/binaryTree5.txt, Data/Mutations/GermlineMutations5_Allel1.vcf, Data/Mutations/GermlineMutations5_Allel2.vcf
    output: Data/Mutations/Mutations5_0.vcf, Data/Mutations/Mutations5_1.vcf, Data/Mutations/Mutations5_2.vcf, Data/Mutations/Mutations5_3.vcf, Data/Mutations/Mutations5_4.vcf, Data/Mutations/Mutations5_5.vcf, Data/Mutations/Mutations5_6.vcf, Data/Mutations/Mutations5_7.vcf, Data/Mutations/Mutations5_8.vcf, Data/Mutations/Mutations5_9.vcf
    jobid: 53
    wildcards: treename=5

Conda environment defines Python version < 3.5. Using Python of the master process to execute script. Note that this cannot be avoided, because the script uses data structures from Snakemake which are Python >=3.5 only.
Activating conda environment: /Users/leonorschubert/Desktop/Aramis/ETH/Bachelor Thesis/Code/.snakemake/conda/47abf826
[Wed Jun 12 10:14:15 2019]
Finished job 53.
3 of 55 steps (5%) done

[Wed Jun 12 10:14:15 2019]
rule sortMutations:
    input: Data/Mutations/Mutations5_6.vcf
    output: Data/Mutations/sortedMutations5_6.vcf
    jobid: 49
    wildcards: treename=5, sample=6

Activating conda environment: /Users/leonorschubert/Desktop/Aramis/ETH/Bachelor Thesis/Code/.snakemake/conda/94172ea4
[Wed Jun 12 10:14:16 2019]
Finished job 49.
4 of 55 steps (7%) done

[Wed Jun 12 10:14:16 2019]
rule zipMutations:
    input: Data/Mutations/sortedMutations5_6.vcf
    output: Data/Mutations/sortedMutations5_6.vcf.gz
    jobid: 35
    wildcards: treename=5, sample=6

Activating conda environment: /Users/leonorschubert/Desktop/Aramis/ETH/Bachelor Thesis/Code/.snakemake/conda/94172ea4
Removing temporary output file Data/Mutations/sortedMutations5_6.vcf.
[Wed Jun 12 10:14:16 2019]
Finished job 35.
5 of 55 steps (9%) done

[Wed Jun 12 10:14:16 2019]
rule indexMutations:
    input: Data/Mutations/sortedMutations5_6.vcf.gz
    output: Data/Mutations/sortedMutations5_6.vcf.gz.tbi
    jobid: 36
    wildcards: treename=5, sample=6

Activating conda environment: /Users/leonorschubert/Desktop/Aramis/ETH/Bachelor Thesis/Code/.snakemake/conda/94172ea4
[Wed Jun 12 10:14:16 2019]
Finished job 36.
6 of 55 steps (11%) done

[Wed Jun 12 10:14:16 2019]
rule insertMutations:
    input: Data/Mutations/sortedMutations5_6.vcf.gz, Data/Mutations/sortedMutations5_6.vcf.gz.tbi
    output: Data/Mutations/InsertedMutations5_6.fa
    jobid: 18
    wildcards: treename=5, sample=6

Activating conda environment: /Users/leonorschubert/Desktop/Aramis/ETH/Bachelor Thesis/Code/.snakemake/conda/94172ea4
Removing temporary output file Data/Mutations/sortedMutations5_6.vcf.gz.
Removing temporary output file Data/Mutations/sortedMutations5_6.vcf.gz.tbi.
[Wed Jun 12 10:14:17 2019]
Finished job 18.
7 of 55 steps (13%) done

[Wed Jun 12 10:14:17 2019]
rule simulateReads:
    input: Data/Mutations/InsertedMutations5_6.fa
    output: results/simulatedAmplification_Tree5_Allel6_1.fq, results/simulatedAmplification_Tree5_Allel6_2.fq
    jobid: 7
    wildcards: treename=5, sample=6

Conda environment defines Python version < 3.5. Using Python of the master process to execute script. Note that this cannot be avoided, because the script uses data structures from Snakemake which are Python >=3.5 only.
Activating conda environment: /Users/leonorschubert/Desktop/Aramis/ETH/Bachelor Thesis/Code/.snakemake/conda/8237f946
[Wed Jun 12 10:14:18 2019]
Finished job 7.
8 of 55 steps (15%) done

[Wed Jun 12 10:14:18 2019]
rule sortMutations:
    input: Data/Mutations/Mutations5_5.vcf
    output: Data/Mutations/sortedMutations5_5.vcf
    jobid: 48
    wildcards: treename=5, sample=5

Activating conda environment: /Users/leonorschubert/Desktop/Aramis/ETH/Bachelor Thesis/Code/.snakemake/conda/94172ea4
[Wed Jun 12 10:14:19 2019]
Finished job 48.
9 of 55 steps (16%) done

[Wed Jun 12 10:14:19 2019]
rule zipMutations:
    input: Data/Mutations/sortedMutations5_5.vcf
    output: Data/Mutations/sortedMutations5_5.vcf.gz
    jobid: 33
    wildcards: treename=5, sample=5

Activating conda environment: /Users/leonorschubert/Desktop/Aramis/ETH/Bachelor Thesis/Code/.snakemake/conda/94172ea4
Removing temporary output file Data/Mutations/sortedMutations5_5.vcf.
[Wed Jun 12 10:14:19 2019]
Finished job 33.
10 of 55 steps (18%) done

[Wed Jun 12 10:14:19 2019]
rule indexMutations:
    input: Data/Mutations/sortedMutations5_5.vcf.gz
    output: Data/Mutations/sortedMutations5_5.vcf.gz.tbi
    jobid: 34
    wildcards: treename=5, sample=5

Activating conda environment: /Users/leonorschubert/Desktop/Aramis/ETH/Bachelor Thesis/Code/.snakemake/conda/94172ea4
[Wed Jun 12 10:14:19 2019]
Finished job 34.
11 of 55 steps (20%) done

[Wed Jun 12 10:14:19 2019]
rule insertMutations:
    input: Data/Mutations/sortedMutations5_5.vcf.gz, Data/Mutations/sortedMutations5_5.vcf.gz.tbi
    output: Data/Mutations/InsertedMutations5_5.fa
    jobid: 17
    wildcards: treename=5, sample=5

Activating conda environment: /Users/leonorschubert/Desktop/Aramis/ETH/Bachelor Thesis/Code/.snakemake/conda/94172ea4
Removing temporary output file Data/Mutations/sortedMutations5_5.vcf.gz.
Removing temporary output file Data/Mutations/sortedMutations5_5.vcf.gz.tbi.
[Wed Jun 12 10:14:20 2019]
Finished job 17.
12 of 55 steps (22%) done

[Wed Jun 12 10:14:20 2019]
rule simulateReads:
    input: Data/Mutations/InsertedMutations5_5.fa
    output: results/simulatedAmplification_Tree5_Allel5_1.fq, results/simulatedAmplification_Tree5_Allel5_2.fq
    jobid: 6
    wildcards: treename=5, sample=5

Conda environment defines Python version < 3.5. Using Python of the master process to execute script. Note that this cannot be avoided, because the script uses data structures from Snakemake which are Python >=3.5 only.
Activating conda environment: /Users/leonorschubert/Desktop/Aramis/ETH/Bachelor Thesis/Code/.snakemake/conda/8237f946
[Wed Jun 12 10:14:21 2019]
Finished job 6.
13 of 55 steps (24%) done

[Wed Jun 12 10:14:21 2019]
rule sortMutations:
    input: Data/Mutations/Mutations5_2.vcf
    output: Data/Mutations/sortedMutations5_2.vcf
    jobid: 45
    wildcards: treename=5, sample=2

Activating conda environment: /Users/leonorschubert/Desktop/Aramis/ETH/Bachelor Thesis/Code/.snakemake/conda/94172ea4
[Wed Jun 12 10:14:22 2019]
Finished job 45.
14 of 55 steps (25%) done

[Wed Jun 12 10:14:22 2019]
rule zipMutations:
    input: Data/Mutations/sortedMutations5_2.vcf
    output: Data/Mutations/sortedMutations5_2.vcf.gz
    jobid: 27
    wildcards: treename=5, sample=2

Activating conda environment: /Users/leonorschubert/Desktop/Aramis/ETH/Bachelor Thesis/Code/.snakemake/conda/94172ea4
Removing temporary output file Data/Mutations/sortedMutations5_2.vcf.
[Wed Jun 12 10:14:22 2019]
Finished job 27.
15 of 55 steps (27%) done

[Wed Jun 12 10:14:22 2019]
rule indexMutations:
    input: Data/Mutations/sortedMutations5_2.vcf.gz
    output: Data/Mutations/sortedMutations5_2.vcf.gz.tbi
    jobid: 28
    wildcards: treename=5, sample=2

Activating conda environment: /Users/leonorschubert/Desktop/Aramis/ETH/Bachelor Thesis/Code/.snakemake/conda/94172ea4
[Wed Jun 12 10:14:22 2019]
Finished job 28.
16 of 55 steps (29%) done

[Wed Jun 12 10:14:22 2019]
rule insertMutations:
    input: Data/Mutations/sortedMutations5_2.vcf.gz, Data/Mutations/sortedMutations5_2.vcf.gz.tbi
    output: Data/Mutations/InsertedMutations5_2.fa
    jobid: 14
    wildcards: treename=5, sample=2

Activating conda environment: /Users/leonorschubert/Desktop/Aramis/ETH/Bachelor Thesis/Code/.snakemake/conda/94172ea4
Removing temporary output file Data/Mutations/sortedMutations5_2.vcf.gz.
Removing temporary output file Data/Mutations/sortedMutations5_2.vcf.gz.tbi.
[Wed Jun 12 10:14:23 2019]
Finished job 14.
17 of 55 steps (31%) done

[Wed Jun 12 10:14:23 2019]
rule simulateReads:
    input: Data/Mutations/InsertedMutations5_2.fa
    output: results/simulatedAmplification_Tree5_Allel2_1.fq, results/simulatedAmplification_Tree5_Allel2_2.fq
    jobid: 3
    wildcards: treename=5, sample=2

Conda environment defines Python version < 3.5. Using Python of the master process to execute script. Note that this cannot be avoided, because the script uses data structures from Snakemake which are Python >=3.5 only.
Activating conda environment: /Users/leonorschubert/Desktop/Aramis/ETH/Bachelor Thesis/Code/.snakemake/conda/8237f946
[Wed Jun 12 10:14:24 2019]
Finished job 3.
18 of 55 steps (33%) done

[Wed Jun 12 10:14:24 2019]
rule sortMutations:
    input: Data/Mutations/Mutations5_3.vcf
    output: Data/Mutations/sortedMutations5_3.vcf
    jobid: 46
    wildcards: treename=5, sample=3

Activating conda environment: /Users/leonorschubert/Desktop/Aramis/ETH/Bachelor Thesis/Code/.snakemake/conda/94172ea4
[Wed Jun 12 10:14:25 2019]
Finished job 46.
19 of 55 steps (35%) done

[Wed Jun 12 10:14:25 2019]
rule zipMutations:
    input: Data/Mutations/sortedMutations5_3.vcf
    output: Data/Mutations/sortedMutations5_3.vcf.gz
    jobid: 29
    wildcards: treename=5, sample=3

Activating conda environment: /Users/leonorschubert/Desktop/Aramis/ETH/Bachelor Thesis/Code/.snakemake/conda/94172ea4
Removing temporary output file Data/Mutations/sortedMutations5_3.vcf.
[Wed Jun 12 10:14:25 2019]
Finished job 29.
20 of 55 steps (36%) done

[Wed Jun 12 10:14:25 2019]
rule indexMutations:
    input: Data/Mutations/sortedMutations5_3.vcf.gz
    output: Data/Mutations/sortedMutations5_3.vcf.gz.tbi
    jobid: 30
    wildcards: treename=5, sample=3

Activating conda environment: /Users/leonorschubert/Desktop/Aramis/ETH/Bachelor Thesis/Code/.snakemake/conda/94172ea4
[Wed Jun 12 10:14:25 2019]
Finished job 30.
21 of 55 steps (38%) done

[Wed Jun 12 10:14:25 2019]
rule insertMutations:
    input: Data/Mutations/sortedMutations5_3.vcf.gz, Data/Mutations/sortedMutations5_3.vcf.gz.tbi
    output: Data/Mutations/InsertedMutations5_3.fa
    jobid: 15
    wildcards: treename=5, sample=3

Activating conda environment: /Users/leonorschubert/Desktop/Aramis/ETH/Bachelor Thesis/Code/.snakemake/conda/94172ea4
Removing temporary output file Data/Mutations/sortedMutations5_3.vcf.gz.
Removing temporary output file Data/Mutations/sortedMutations5_3.vcf.gz.tbi.
[Wed Jun 12 10:14:26 2019]
Finished job 15.
22 of 55 steps (40%) done

[Wed Jun 12 10:14:26 2019]
rule simulateReads:
    input: Data/Mutations/InsertedMutations5_3.fa
    output: results/simulatedAmplification_Tree5_Allel3_1.fq, results/simulatedAmplification_Tree5_Allel3_2.fq
    jobid: 4
    wildcards: treename=5, sample=3

Conda environment defines Python version < 3.5. Using Python of the master process to execute script. Note that this cannot be avoided, because the script uses data structures from Snakemake which are Python >=3.5 only.
Activating conda environment: /Users/leonorschubert/Desktop/Aramis/ETH/Bachelor Thesis/Code/.snakemake/conda/8237f946
[Wed Jun 12 10:14:27 2019]
Finished job 4.
23 of 55 steps (42%) done

[Wed Jun 12 10:14:27 2019]
rule sortMutations:
    input: Data/Mutations/Mutations5_9.vcf
    output: Data/Mutations/sortedMutations5_9.vcf
    jobid: 52
    wildcards: treename=5, sample=9

Activating conda environment: /Users/leonorschubert/Desktop/Aramis/ETH/Bachelor Thesis/Code/.snakemake/conda/94172ea4
[Wed Jun 12 10:14:27 2019]
Finished job 52.
24 of 55 steps (44%) done

[Wed Jun 12 10:14:27 2019]
rule zipMutations:
    input: Data/Mutations/sortedMutations5_9.vcf
    output: Data/Mutations/sortedMutations5_9.vcf.gz
    jobid: 41
    wildcards: treename=5, sample=9

Activating conda environment: /Users/leonorschubert/Desktop/Aramis/ETH/Bachelor Thesis/Code/.snakemake/conda/94172ea4
Removing temporary output file Data/Mutations/sortedMutations5_9.vcf.
[Wed Jun 12 10:14:28 2019]
Finished job 41.
25 of 55 steps (45%) done

[Wed Jun 12 10:14:28 2019]
rule indexMutations:
    input: Data/Mutations/sortedMutations5_9.vcf.gz
    output: Data/Mutations/sortedMutations5_9.vcf.gz.tbi
    jobid: 42
    wildcards: treename=5, sample=9

Activating conda environment: /Users/leonorschubert/Desktop/Aramis/ETH/Bachelor Thesis/Code/.snakemake/conda/94172ea4
[Wed Jun 12 10:14:28 2019]
Finished job 42.
26 of 55 steps (47%) done

[Wed Jun 12 10:14:28 2019]
rule insertMutations:
    input: Data/Mutations/sortedMutations5_9.vcf.gz, Data/Mutations/sortedMutations5_9.vcf.gz.tbi
    output: Data/Mutations/InsertedMutations5_9.fa
    jobid: 21
    wildcards: treename=5, sample=9

Activating conda environment: /Users/leonorschubert/Desktop/Aramis/ETH/Bachelor Thesis/Code/.snakemake/conda/94172ea4
Removing temporary output file Data/Mutations/sortedMutations5_9.vcf.gz.
Removing temporary output file Data/Mutations/sortedMutations5_9.vcf.gz.tbi.
[Wed Jun 12 10:14:28 2019]
Finished job 21.
27 of 55 steps (49%) done

[Wed Jun 12 10:14:28 2019]
rule simulateReads:
    input: Data/Mutations/InsertedMutations5_9.fa
    output: results/simulatedAmplification_Tree5_Allel9_1.fq, results/simulatedAmplification_Tree5_Allel9_2.fq
    jobid: 10
    wildcards: treename=5, sample=9

Conda environment defines Python version < 3.5. Using Python of the master process to execute script. Note that this cannot be avoided, because the script uses data structures from Snakemake which are Python >=3.5 only.
Activating conda environment: /Users/leonorschubert/Desktop/Aramis/ETH/Bachelor Thesis/Code/.snakemake/conda/8237f946
[Wed Jun 12 10:14:30 2019]
Finished job 10.
28 of 55 steps (51%) done

[Wed Jun 12 10:14:30 2019]
rule sortMutations:
    input: Data/Mutations/Mutations5_8.vcf
    output: Data/Mutations/sortedMutations5_8.vcf
    jobid: 51
    wildcards: treename=5, sample=8

Activating conda environment: /Users/leonorschubert/Desktop/Aramis/ETH/Bachelor Thesis/Code/.snakemake/conda/94172ea4
[Wed Jun 12 10:14:30 2019]
Finished job 51.
29 of 55 steps (53%) done

[Wed Jun 12 10:14:30 2019]
rule zipMutations:
    input: Data/Mutations/sortedMutations5_8.vcf
    output: Data/Mutations/sortedMutations5_8.vcf.gz
    jobid: 39
    wildcards: treename=5, sample=8

Activating conda environment: /Users/leonorschubert/Desktop/Aramis/ETH/Bachelor Thesis/Code/.snakemake/conda/94172ea4
Removing temporary output file Data/Mutations/sortedMutations5_8.vcf.
[Wed Jun 12 10:14:31 2019]
Finished job 39.
30 of 55 steps (55%) done

[Wed Jun 12 10:14:31 2019]
rule indexMutations:
    input: Data/Mutations/sortedMutations5_8.vcf.gz
    output: Data/Mutations/sortedMutations5_8.vcf.gz.tbi
    jobid: 40
    wildcards: treename=5, sample=8

Activating conda environment: /Users/leonorschubert/Desktop/Aramis/ETH/Bachelor Thesis/Code/.snakemake/conda/94172ea4
[Wed Jun 12 10:14:31 2019]
Finished job 40.
31 of 55 steps (56%) done

[Wed Jun 12 10:14:31 2019]
rule insertMutations:
    input: Data/Mutations/sortedMutations5_8.vcf.gz, Data/Mutations/sortedMutations5_8.vcf.gz.tbi
    output: Data/Mutations/InsertedMutations5_8.fa
    jobid: 20
    wildcards: treename=5, sample=8

Activating conda environment: /Users/leonorschubert/Desktop/Aramis/ETH/Bachelor Thesis/Code/.snakemake/conda/94172ea4
Removing temporary output file Data/Mutations/sortedMutations5_8.vcf.gz.
Removing temporary output file Data/Mutations/sortedMutations5_8.vcf.gz.tbi.
[Wed Jun 12 10:14:31 2019]
Finished job 20.
32 of 55 steps (58%) done

[Wed Jun 12 10:14:31 2019]
rule simulateReads:
    input: Data/Mutations/InsertedMutations5_8.fa
    output: results/simulatedAmplification_Tree5_Allel8_1.fq, results/simulatedAmplification_Tree5_Allel8_2.fq
    jobid: 9
    wildcards: treename=5, sample=8

Conda environment defines Python version < 3.5. Using Python of the master process to execute script. Note that this cannot be avoided, because the script uses data structures from Snakemake which are Python >=3.5 only.
Activating conda environment: /Users/leonorschubert/Desktop/Aramis/ETH/Bachelor Thesis/Code/.snakemake/conda/8237f946
[Wed Jun 12 10:14:33 2019]
Finished job 9.
33 of 55 steps (60%) done

[Wed Jun 12 10:14:33 2019]
rule sortMutations:
    input: Data/Mutations/Mutations5_7.vcf
    output: Data/Mutations/sortedMutations5_7.vcf
    jobid: 50
    wildcards: treename=5, sample=7

Activating conda environment: /Users/leonorschubert/Desktop/Aramis/ETH/Bachelor Thesis/Code/.snakemake/conda/94172ea4
[Wed Jun 12 10:14:33 2019]
Finished job 50.
34 of 55 steps (62%) done

[Wed Jun 12 10:14:33 2019]
rule zipMutations:
    input: Data/Mutations/sortedMutations5_7.vcf
    output: Data/Mutations/sortedMutations5_7.vcf.gz
    jobid: 37
    wildcards: treename=5, sample=7

Activating conda environment: /Users/leonorschubert/Desktop/Aramis/ETH/Bachelor Thesis/Code/.snakemake/conda/94172ea4
Removing temporary output file Data/Mutations/sortedMutations5_7.vcf.
[Wed Jun 12 10:14:34 2019]
Finished job 37.
35 of 55 steps (64%) done

[Wed Jun 12 10:14:34 2019]
rule indexMutations:
    input: Data/Mutations/sortedMutations5_7.vcf.gz
    output: Data/Mutations/sortedMutations5_7.vcf.gz.tbi
    jobid: 38
    wildcards: treename=5, sample=7

Activating conda environment: /Users/leonorschubert/Desktop/Aramis/ETH/Bachelor Thesis/Code/.snakemake/conda/94172ea4
[Wed Jun 12 10:14:34 2019]
Finished job 38.
36 of 55 steps (65%) done

[Wed Jun 12 10:14:34 2019]
rule insertMutations:
    input: Data/Mutations/sortedMutations5_7.vcf.gz, Data/Mutations/sortedMutations5_7.vcf.gz.tbi
    output: Data/Mutations/InsertedMutations5_7.fa
    jobid: 19
    wildcards: treename=5, sample=7

Activating conda environment: /Users/leonorschubert/Desktop/Aramis/ETH/Bachelor Thesis/Code/.snakemake/conda/94172ea4
Removing temporary output file Data/Mutations/sortedMutations5_7.vcf.gz.
Removing temporary output file Data/Mutations/sortedMutations5_7.vcf.gz.tbi.
[Wed Jun 12 10:14:34 2019]
Finished job 19.
37 of 55 steps (67%) done

[Wed Jun 12 10:14:34 2019]
rule simulateReads:
    input: Data/Mutations/InsertedMutations5_7.fa
    output: results/simulatedAmplification_Tree5_Allel7_1.fq, results/simulatedAmplification_Tree5_Allel7_2.fq
    jobid: 8
    wildcards: treename=5, sample=7

Conda environment defines Python version < 3.5. Using Python of the master process to execute script. Note that this cannot be avoided, because the script uses data structures from Snakemake which are Python >=3.5 only.
Activating conda environment: /Users/leonorschubert/Desktop/Aramis/ETH/Bachelor Thesis/Code/.snakemake/conda/8237f946
[Wed Jun 12 10:14:36 2019]
Finished job 8.
38 of 55 steps (69%) done

[Wed Jun 12 10:14:36 2019]
rule sortMutations:
    input: Data/Mutations/Mutations5_4.vcf
    output: Data/Mutations/sortedMutations5_4.vcf
    jobid: 47
    wildcards: treename=5, sample=4

Activating conda environment: /Users/leonorschubert/Desktop/Aramis/ETH/Bachelor Thesis/Code/.snakemake/conda/94172ea4
[Wed Jun 12 10:14:36 2019]
Finished job 47.
39 of 55 steps (71%) done

[Wed Jun 12 10:14:36 2019]
rule zipMutations:
    input: Data/Mutations/sortedMutations5_4.vcf
    output: Data/Mutations/sortedMutations5_4.vcf.gz
    jobid: 31
    wildcards: treename=5, sample=4

Activating conda environment: /Users/leonorschubert/Desktop/Aramis/ETH/Bachelor Thesis/Code/.snakemake/conda/94172ea4
Removing temporary output file Data/Mutations/sortedMutations5_4.vcf.
[Wed Jun 12 10:14:37 2019]
Finished job 31.
40 of 55 steps (73%) done

[Wed Jun 12 10:14:37 2019]
rule indexMutations:
    input: Data/Mutations/sortedMutations5_4.vcf.gz
    output: Data/Mutations/sortedMutations5_4.vcf.gz.tbi
    jobid: 32
    wildcards: treename=5, sample=4

Activating conda environment: /Users/leonorschubert/Desktop/Aramis/ETH/Bachelor Thesis/Code/.snakemake/conda/94172ea4
[Wed Jun 12 10:14:37 2019]
Finished job 32.
41 of 55 steps (75%) done

[Wed Jun 12 10:14:37 2019]
rule insertMutations:
    input: Data/Mutations/sortedMutations5_4.vcf.gz, Data/Mutations/sortedMutations5_4.vcf.gz.tbi
    output: Data/Mutations/InsertedMutations5_4.fa
    jobid: 16
    wildcards: treename=5, sample=4

Activating conda environment: /Users/leonorschubert/Desktop/Aramis/ETH/Bachelor Thesis/Code/.snakemake/conda/94172ea4
Removing temporary output file Data/Mutations/sortedMutations5_4.vcf.gz.
Removing temporary output file Data/Mutations/sortedMutations5_4.vcf.gz.tbi.
[Wed Jun 12 10:14:37 2019]
Finished job 16.
42 of 55 steps (76%) done

[Wed Jun 12 10:14:37 2019]
rule simulateReads:
    input: Data/Mutations/InsertedMutations5_4.fa
    output: results/simulatedAmplification_Tree5_Allel4_1.fq, results/simulatedAmplification_Tree5_Allel4_2.fq
    jobid: 5
    wildcards: treename=5, sample=4

Conda environment defines Python version < 3.5. Using Python of the master process to execute script. Note that this cannot be avoided, because the script uses data structures from Snakemake which are Python >=3.5 only.
Activating conda environment: /Users/leonorschubert/Desktop/Aramis/ETH/Bachelor Thesis/Code/.snakemake/conda/8237f946
[Wed Jun 12 10:14:39 2019]
Finished job 5.
43 of 55 steps (78%) done

[Wed Jun 12 10:14:39 2019]
rule sortMutations:
    input: Data/Mutations/Mutations5_1.vcf
    output: Data/Mutations/sortedMutations5_1.vcf
    jobid: 44
    wildcards: treename=5, sample=1

Activating conda environment: /Users/leonorschubert/Desktop/Aramis/ETH/Bachelor Thesis/Code/.snakemake/conda/94172ea4
[Wed Jun 12 10:14:39 2019]
Finished job 44.
44 of 55 steps (80%) done

[Wed Jun 12 10:14:39 2019]
rule zipMutations:
    input: Data/Mutations/sortedMutations5_1.vcf
    output: Data/Mutations/sortedMutations5_1.vcf.gz
    jobid: 25
    wildcards: treename=5, sample=1

Activating conda environment: /Users/leonorschubert/Desktop/Aramis/ETH/Bachelor Thesis/Code/.snakemake/conda/94172ea4
Removing temporary output file Data/Mutations/sortedMutations5_1.vcf.
[Wed Jun 12 10:14:40 2019]
Finished job 25.
45 of 55 steps (82%) done

[Wed Jun 12 10:14:40 2019]
rule indexMutations:
    input: Data/Mutations/sortedMutations5_1.vcf.gz
    output: Data/Mutations/sortedMutations5_1.vcf.gz.tbi
    jobid: 26
    wildcards: treename=5, sample=1

Activating conda environment: /Users/leonorschubert/Desktop/Aramis/ETH/Bachelor Thesis/Code/.snakemake/conda/94172ea4
[Wed Jun 12 10:14:40 2019]
Finished job 26.
46 of 55 steps (84%) done

[Wed Jun 12 10:14:40 2019]
rule insertMutations:
    input: Data/Mutations/sortedMutations5_1.vcf.gz, Data/Mutations/sortedMutations5_1.vcf.gz.tbi
    output: Data/Mutations/InsertedMutations5_1.fa
    jobid: 13
    wildcards: treename=5, sample=1

Activating conda environment: /Users/leonorschubert/Desktop/Aramis/ETH/Bachelor Thesis/Code/.snakemake/conda/94172ea4
Removing temporary output file Data/Mutations/sortedMutations5_1.vcf.gz.
Removing temporary output file Data/Mutations/sortedMutations5_1.vcf.gz.tbi.
[Wed Jun 12 10:14:40 2019]
Finished job 13.
47 of 55 steps (85%) done

[Wed Jun 12 10:14:40 2019]
rule simulateReads:
    input: Data/Mutations/InsertedMutations5_1.fa
    output: results/simulatedAmplification_Tree5_Allel1_1.fq, results/simulatedAmplification_Tree5_Allel1_2.fq
    jobid: 2
    wildcards: treename=5, sample=1

Conda environment defines Python version < 3.5. Using Python of the master process to execute script. Note that this cannot be avoided, because the script uses data structures from Snakemake which are Python >=3.5 only.
Activating conda environment: /Users/leonorschubert/Desktop/Aramis/ETH/Bachelor Thesis/Code/.snakemake/conda/8237f946
[Wed Jun 12 10:14:42 2019]
Finished job 2.
48 of 55 steps (87%) done

[Wed Jun 12 10:14:42 2019]
rule sortMutations:
    input: Data/Mutations/Mutations5_0.vcf
    output: Data/Mutations/sortedMutations5_0.vcf
    jobid: 43
    wildcards: treename=5, sample=0

Activating conda environment: /Users/leonorschubert/Desktop/Aramis/ETH/Bachelor Thesis/Code/.snakemake/conda/94172ea4
[Wed Jun 12 10:14:42 2019]
Finished job 43.
49 of 55 steps (89%) done

[Wed Jun 12 10:14:42 2019]
rule zipMutations:
    input: Data/Mutations/sortedMutations5_0.vcf
    output: Data/Mutations/sortedMutations5_0.vcf.gz
    jobid: 23
    wildcards: treename=5, sample=0

Activating conda environment: /Users/leonorschubert/Desktop/Aramis/ETH/Bachelor Thesis/Code/.snakemake/conda/94172ea4
Removing temporary output file Data/Mutations/sortedMutations5_0.vcf.
[Wed Jun 12 10:14:42 2019]
Finished job 23.
50 of 55 steps (91%) done

[Wed Jun 12 10:14:42 2019]
rule indexMutations:
    input: Data/Mutations/sortedMutations5_0.vcf.gz
    output: Data/Mutations/sortedMutations5_0.vcf.gz.tbi
    jobid: 24
    wildcards: treename=5, sample=0

Activating conda environment: /Users/leonorschubert/Desktop/Aramis/ETH/Bachelor Thesis/Code/.snakemake/conda/94172ea4
[Wed Jun 12 10:14:43 2019]
Finished job 24.
51 of 55 steps (93%) done

[Wed Jun 12 10:14:43 2019]
rule insertMutations:
    input: Data/Mutations/sortedMutations5_0.vcf.gz, Data/Mutations/sortedMutations5_0.vcf.gz.tbi
    output: Data/Mutations/InsertedMutations5_0.fa
    jobid: 12
    wildcards: treename=5, sample=0

Activating conda environment: /Users/leonorschubert/Desktop/Aramis/ETH/Bachelor Thesis/Code/.snakemake/conda/94172ea4
Removing temporary output file Data/Mutations/sortedMutations5_0.vcf.gz.
Removing temporary output file Data/Mutations/sortedMutations5_0.vcf.gz.tbi.
[Wed Jun 12 10:14:43 2019]
Finished job 12.
52 of 55 steps (95%) done

[Wed Jun 12 10:14:43 2019]
rule simulateReads:
    input: Data/Mutations/InsertedMutations5_0.fa
    output: results/simulatedAmplification_Tree5_Allel0_1.fq, results/simulatedAmplification_Tree5_Allel0_2.fq
    jobid: 1
    wildcards: treename=5, sample=0

Conda environment defines Python version < 3.5. Using Python of the master process to execute script. Note that this cannot be avoided, because the script uses data structures from Snakemake which are Python >=3.5 only.
Activating conda environment: /Users/leonorschubert/Desktop/Aramis/ETH/Bachelor Thesis/Code/.snakemake/conda/8237f946
[Wed Jun 12 10:14:45 2019]
Finished job 1.
53 of 55 steps (96%) done

[Wed Jun 12 10:14:45 2019]
rule plotBinaryTree:
    input: Data/Trees/binaryTree5.txt
    output: Data/Trees/Graph5.pdf
    jobid: 11
    wildcards: treename=5

Conda environment defines Python version < 3.5. Using Python of the master process to execute script. Note that this cannot be avoided, because the script uses data structures from Snakemake which are Python >=3.5 only.
Activating conda environment: /Users/leonorschubert/Desktop/Aramis/ETH/Bachelor Thesis/Code/.snakemake/conda/d216ab68
[Wed Jun 12 10:14:46 2019]
Finished job 11.
54 of 55 steps (98%) done

[Wed Jun 12 10:14:46 2019]
rule SingleCellReadSimulator:
    input: results/simulatedAmplification_Tree5_Allel0_1.fq, results/simulatedAmplification_Tree5_Allel1_1.fq, results/simulatedAmplification_Tree5_Allel2_1.fq, results/simulatedAmplification_Tree5_Allel3_1.fq, results/simulatedAmplification_Tree5_Allel4_1.fq, results/simulatedAmplification_Tree5_Allel5_1.fq, results/simulatedAmplification_Tree5_Allel6_1.fq, results/simulatedAmplification_Tree5_Allel7_1.fq, results/simulatedAmplification_Tree5_Allel8_1.fq, results/simulatedAmplification_Tree5_Allel9_1.fq, results/simulatedAmplification_Tree5_Allel0_2.fq, results/simulatedAmplification_Tree5_Allel1_2.fq, results/simulatedAmplification_Tree5_Allel2_2.fq, results/simulatedAmplification_Tree5_Allel3_2.fq, results/simulatedAmplification_Tree5_Allel4_2.fq, results/simulatedAmplification_Tree5_Allel5_2.fq, results/simulatedAmplification_Tree5_Allel6_2.fq, results/simulatedAmplification_Tree5_Allel7_2.fq, results/simulatedAmplification_Tree5_Allel8_2.fq, results/simulatedAmplification_Tree5_Allel9_2.fq, Data/Trees/Graph5.pdf
    output: results/SingleCellReadSimulator5.txt
    jobid: 0
    wildcards: treename=5

[Wed Jun 12 10:14:46 2019]
Finished job 0.
55 of 55 steps (100%) done
Complete log: /Users/leonorschubert/Desktop/Aramis/ETH/Bachelor Thesis/Code/.snakemake/log/2019-06-12T101410.195573.snakemake.log
