Building DAG of jobs...
Using shell: /bin/bash
Provided cores: 1
Rules claiming more threads will be scaled down.
Job counts:
	count	jobs
	1	SingleCellReadSimulator
	1	createGermlineMutations
	1	createMutations
	1	generateBinaryTree
	10	indexMutations
	10	insertMutations
	1	plotBinaryTree
	10	simulateReads
	10	sortMutations
	10	zipMutations
	55

[Tue Jun 11 16:17:30 2019]
rule createGermlineMutations:
    output: Data/Mutations/GermlineMutations4_Allel1.vcf, Data/Mutations/GermlineMutations4_Allel2.vcf
    jobid: 54
    wildcards: treename=4

Conda environment defines Python version < 3.5. Using Python of the master process to execute script. Note that this cannot be avoided, because the script uses data structures from Snakemake which are Python >=3.5 only.
Activating conda environment: /Users/leonorschubert/Desktop/Aramis/ETH/Bachelor Thesis/Code/.snakemake/conda/579dc3c7
[Tue Jun 11 16:17:31 2019]
Finished job 54.
1 of 55 steps (2%) done

[Tue Jun 11 16:17:31 2019]
rule generateBinaryTree:
    output: Data/Trees/binaryTree4.txt
    jobid: 22
    wildcards: treename=4

Activating conda environment: /Users/leonorschubert/Desktop/Aramis/ETH/Bachelor Thesis/Code/.snakemake/conda/72b5c89d
[Tue Jun 11 16:17:33 2019]
Finished job 22.
2 of 55 steps (4%) done

[Tue Jun 11 16:17:33 2019]
rule createMutations:
    input: Data/Trees/binaryTree4.txt, Data/Mutations/GermlineMutations4_Allel1.vcf, Data/Mutations/GermlineMutations4_Allel2.vcf
    output: Data/Mutations/Mutations4_0.vcf, Data/Mutations/Mutations4_1.vcf, Data/Mutations/Mutations4_2.vcf, Data/Mutations/Mutations4_3.vcf, Data/Mutations/Mutations4_4.vcf, Data/Mutations/Mutations4_5.vcf, Data/Mutations/Mutations4_6.vcf, Data/Mutations/Mutations4_7.vcf, Data/Mutations/Mutations4_8.vcf, Data/Mutations/Mutations4_9.vcf
    jobid: 53
    wildcards: treename=4

Conda environment defines Python version < 3.5. Using Python of the master process to execute script. Note that this cannot be avoided, because the script uses data structures from Snakemake which are Python >=3.5 only.
Activating conda environment: /Users/leonorschubert/Desktop/Aramis/ETH/Bachelor Thesis/Code/.snakemake/conda/47abf826
[Tue Jun 11 16:17:34 2019]
Finished job 53.
3 of 55 steps (5%) done

[Tue Jun 11 16:17:34 2019]
rule sortMutations:
    input: Data/Mutations/Mutations4_9.vcf
    output: Data/Mutations/sortedMutations4_9.vcf
    jobid: 52
    wildcards: treename=4, sample=9

Activating conda environment: /Users/leonorschubert/Desktop/Aramis/ETH/Bachelor Thesis/Code/.snakemake/conda/94172ea4
[Tue Jun 11 16:17:35 2019]
Finished job 52.
4 of 55 steps (7%) done

[Tue Jun 11 16:17:35 2019]
rule zipMutations:
    input: Data/Mutations/sortedMutations4_9.vcf
    output: Data/Mutations/sortedMutations4_9.vcf.gz
    jobid: 41
    wildcards: treename=4, sample=9

Activating conda environment: /Users/leonorschubert/Desktop/Aramis/ETH/Bachelor Thesis/Code/.snakemake/conda/94172ea4
Removing temporary output file Data/Mutations/sortedMutations4_9.vcf.
[Tue Jun 11 16:17:35 2019]
Finished job 41.
5 of 55 steps (9%) done

[Tue Jun 11 16:17:35 2019]
rule indexMutations:
    input: Data/Mutations/sortedMutations4_9.vcf.gz
    output: Data/Mutations/sortedMutations4_9.vcf.gz.tbi
    jobid: 42
    wildcards: treename=4, sample=9

Activating conda environment: /Users/leonorschubert/Desktop/Aramis/ETH/Bachelor Thesis/Code/.snakemake/conda/94172ea4
[Tue Jun 11 16:17:35 2019]
Finished job 42.
6 of 55 steps (11%) done

[Tue Jun 11 16:17:35 2019]
rule insertMutations:
    input: Data/Mutations/sortedMutations4_9.vcf.gz, Data/Mutations/sortedMutations4_9.vcf.gz.tbi
    output: Data/Mutations/InsertedMutations4_9.fa
    jobid: 21
    wildcards: treename=4, sample=9

Activating conda environment: /Users/leonorschubert/Desktop/Aramis/ETH/Bachelor Thesis/Code/.snakemake/conda/94172ea4
Removing temporary output file Data/Mutations/sortedMutations4_9.vcf.gz.
Removing temporary output file Data/Mutations/sortedMutations4_9.vcf.gz.tbi.
[Tue Jun 11 16:17:36 2019]
Finished job 21.
7 of 55 steps (13%) done

[Tue Jun 11 16:17:36 2019]
rule simulateReads:
    input: Data/Mutations/InsertedMutations4_9.fa
    output: results/simulatedAmplification_Tree4_Allel9_1.fq, results/simulatedAmplification_Tree4_Allel9_2.fq
    jobid: 10
    wildcards: treename=4, sample=9

Conda environment defines Python version < 3.5. Using Python of the master process to execute script. Note that this cannot be avoided, because the script uses data structures from Snakemake which are Python >=3.5 only.
Activating conda environment: /Users/leonorschubert/Desktop/Aramis/ETH/Bachelor Thesis/Code/.snakemake/conda/8237f946
[Tue Jun 11 16:17:37 2019]
Finished job 10.
8 of 55 steps (15%) done

[Tue Jun 11 16:17:37 2019]
rule sortMutations:
    input: Data/Mutations/Mutations4_4.vcf
    output: Data/Mutations/sortedMutations4_4.vcf
    jobid: 47
    wildcards: treename=4, sample=4

Activating conda environment: /Users/leonorschubert/Desktop/Aramis/ETH/Bachelor Thesis/Code/.snakemake/conda/94172ea4
[Tue Jun 11 16:17:38 2019]
Finished job 47.
9 of 55 steps (16%) done

[Tue Jun 11 16:17:38 2019]
rule zipMutations:
    input: Data/Mutations/sortedMutations4_4.vcf
    output: Data/Mutations/sortedMutations4_4.vcf.gz
    jobid: 31
    wildcards: treename=4, sample=4

Activating conda environment: /Users/leonorschubert/Desktop/Aramis/ETH/Bachelor Thesis/Code/.snakemake/conda/94172ea4
Removing temporary output file Data/Mutations/sortedMutations4_4.vcf.
[Tue Jun 11 16:17:38 2019]
Finished job 31.
10 of 55 steps (18%) done

[Tue Jun 11 16:17:38 2019]
rule indexMutations:
    input: Data/Mutations/sortedMutations4_4.vcf.gz
    output: Data/Mutations/sortedMutations4_4.vcf.gz.tbi
    jobid: 32
    wildcards: treename=4, sample=4

Activating conda environment: /Users/leonorschubert/Desktop/Aramis/ETH/Bachelor Thesis/Code/.snakemake/conda/94172ea4
[Tue Jun 11 16:17:38 2019]
Finished job 32.
11 of 55 steps (20%) done

[Tue Jun 11 16:17:38 2019]
rule insertMutations:
    input: Data/Mutations/sortedMutations4_4.vcf.gz, Data/Mutations/sortedMutations4_4.vcf.gz.tbi
    output: Data/Mutations/InsertedMutations4_4.fa
    jobid: 16
    wildcards: treename=4, sample=4

Activating conda environment: /Users/leonorschubert/Desktop/Aramis/ETH/Bachelor Thesis/Code/.snakemake/conda/94172ea4
Removing temporary output file Data/Mutations/sortedMutations4_4.vcf.gz.
Removing temporary output file Data/Mutations/sortedMutations4_4.vcf.gz.tbi.
[Tue Jun 11 16:17:39 2019]
Finished job 16.
12 of 55 steps (22%) done

[Tue Jun 11 16:17:39 2019]
rule simulateReads:
    input: Data/Mutations/InsertedMutations4_4.fa
    output: results/simulatedAmplification_Tree4_Allel4_1.fq, results/simulatedAmplification_Tree4_Allel4_2.fq
    jobid: 5
    wildcards: treename=4, sample=4

Conda environment defines Python version < 3.5. Using Python of the master process to execute script. Note that this cannot be avoided, because the script uses data structures from Snakemake which are Python >=3.5 only.
Activating conda environment: /Users/leonorschubert/Desktop/Aramis/ETH/Bachelor Thesis/Code/.snakemake/conda/8237f946
[Tue Jun 11 16:17:40 2019]
Finished job 5.
13 of 55 steps (24%) done

[Tue Jun 11 16:17:40 2019]
rule sortMutations:
    input: Data/Mutations/Mutations4_6.vcf
    output: Data/Mutations/sortedMutations4_6.vcf
    jobid: 49
    wildcards: treename=4, sample=6

Activating conda environment: /Users/leonorschubert/Desktop/Aramis/ETH/Bachelor Thesis/Code/.snakemake/conda/94172ea4
[Tue Jun 11 16:17:41 2019]
Finished job 49.
14 of 55 steps (25%) done

[Tue Jun 11 16:17:41 2019]
rule zipMutations:
    input: Data/Mutations/sortedMutations4_6.vcf
    output: Data/Mutations/sortedMutations4_6.vcf.gz
    jobid: 35
    wildcards: treename=4, sample=6

Activating conda environment: /Users/leonorschubert/Desktop/Aramis/ETH/Bachelor Thesis/Code/.snakemake/conda/94172ea4
Removing temporary output file Data/Mutations/sortedMutations4_6.vcf.
[Tue Jun 11 16:17:41 2019]
Finished job 35.
15 of 55 steps (27%) done

[Tue Jun 11 16:17:41 2019]
rule indexMutations:
    input: Data/Mutations/sortedMutations4_6.vcf.gz
    output: Data/Mutations/sortedMutations4_6.vcf.gz.tbi
    jobid: 36
    wildcards: treename=4, sample=6

Activating conda environment: /Users/leonorschubert/Desktop/Aramis/ETH/Bachelor Thesis/Code/.snakemake/conda/94172ea4
[Tue Jun 11 16:17:41 2019]
Finished job 36.
16 of 55 steps (29%) done

[Tue Jun 11 16:17:41 2019]
rule insertMutations:
    input: Data/Mutations/sortedMutations4_6.vcf.gz, Data/Mutations/sortedMutations4_6.vcf.gz.tbi
    output: Data/Mutations/InsertedMutations4_6.fa
    jobid: 18
    wildcards: treename=4, sample=6

Activating conda environment: /Users/leonorschubert/Desktop/Aramis/ETH/Bachelor Thesis/Code/.snakemake/conda/94172ea4
Removing temporary output file Data/Mutations/sortedMutations4_6.vcf.gz.
Removing temporary output file Data/Mutations/sortedMutations4_6.vcf.gz.tbi.
[Tue Jun 11 16:17:42 2019]
Finished job 18.
17 of 55 steps (31%) done

[Tue Jun 11 16:17:42 2019]
rule simulateReads:
    input: Data/Mutations/InsertedMutations4_6.fa
    output: results/simulatedAmplification_Tree4_Allel6_1.fq, results/simulatedAmplification_Tree4_Allel6_2.fq
    jobid: 7
    wildcards: treename=4, sample=6

Conda environment defines Python version < 3.5. Using Python of the master process to execute script. Note that this cannot be avoided, because the script uses data structures from Snakemake which are Python >=3.5 only.
Activating conda environment: /Users/leonorschubert/Desktop/Aramis/ETH/Bachelor Thesis/Code/.snakemake/conda/8237f946
[Tue Jun 11 16:17:43 2019]
Finished job 7.
18 of 55 steps (33%) done

[Tue Jun 11 16:17:43 2019]
rule sortMutations:
    input: Data/Mutations/Mutations4_8.vcf
    output: Data/Mutations/sortedMutations4_8.vcf
    jobid: 51
    wildcards: treename=4, sample=8

Activating conda environment: /Users/leonorschubert/Desktop/Aramis/ETH/Bachelor Thesis/Code/.snakemake/conda/94172ea4
[Tue Jun 11 16:17:43 2019]
Finished job 51.
19 of 55 steps (35%) done

[Tue Jun 11 16:17:43 2019]
rule zipMutations:
    input: Data/Mutations/sortedMutations4_8.vcf
    output: Data/Mutations/sortedMutations4_8.vcf.gz
    jobid: 39
    wildcards: treename=4, sample=8

Activating conda environment: /Users/leonorschubert/Desktop/Aramis/ETH/Bachelor Thesis/Code/.snakemake/conda/94172ea4
Removing temporary output file Data/Mutations/sortedMutations4_8.vcf.
[Tue Jun 11 16:17:44 2019]
Finished job 39.
20 of 55 steps (36%) done

[Tue Jun 11 16:17:44 2019]
rule indexMutations:
    input: Data/Mutations/sortedMutations4_8.vcf.gz
    output: Data/Mutations/sortedMutations4_8.vcf.gz.tbi
    jobid: 40
    wildcards: treename=4, sample=8

Activating conda environment: /Users/leonorschubert/Desktop/Aramis/ETH/Bachelor Thesis/Code/.snakemake/conda/94172ea4
[Tue Jun 11 16:17:44 2019]
Finished job 40.
21 of 55 steps (38%) done

[Tue Jun 11 16:17:44 2019]
rule insertMutations:
    input: Data/Mutations/sortedMutations4_8.vcf.gz, Data/Mutations/sortedMutations4_8.vcf.gz.tbi
    output: Data/Mutations/InsertedMutations4_8.fa
    jobid: 20
    wildcards: treename=4, sample=8

Activating conda environment: /Users/leonorschubert/Desktop/Aramis/ETH/Bachelor Thesis/Code/.snakemake/conda/94172ea4
Removing temporary output file Data/Mutations/sortedMutations4_8.vcf.gz.
Removing temporary output file Data/Mutations/sortedMutations4_8.vcf.gz.tbi.
[Tue Jun 11 16:17:44 2019]
Finished job 20.
22 of 55 steps (40%) done

[Tue Jun 11 16:17:44 2019]
rule simulateReads:
    input: Data/Mutations/InsertedMutations4_8.fa
    output: results/simulatedAmplification_Tree4_Allel8_1.fq, results/simulatedAmplification_Tree4_Allel8_2.fq
    jobid: 9
    wildcards: treename=4, sample=8

Conda environment defines Python version < 3.5. Using Python of the master process to execute script. Note that this cannot be avoided, because the script uses data structures from Snakemake which are Python >=3.5 only.
Activating conda environment: /Users/leonorschubert/Desktop/Aramis/ETH/Bachelor Thesis/Code/.snakemake/conda/8237f946
[Tue Jun 11 16:17:46 2019]
Finished job 9.
23 of 55 steps (42%) done

[Tue Jun 11 16:17:46 2019]
rule sortMutations:
    input: Data/Mutations/Mutations4_7.vcf
    output: Data/Mutations/sortedMutations4_7.vcf
    jobid: 50
    wildcards: treename=4, sample=7

Activating conda environment: /Users/leonorschubert/Desktop/Aramis/ETH/Bachelor Thesis/Code/.snakemake/conda/94172ea4
[Tue Jun 11 16:17:46 2019]
Finished job 50.
24 of 55 steps (44%) done

[Tue Jun 11 16:17:46 2019]
rule zipMutations:
    input: Data/Mutations/sortedMutations4_7.vcf
    output: Data/Mutations/sortedMutations4_7.vcf.gz
    jobid: 37
    wildcards: treename=4, sample=7

Activating conda environment: /Users/leonorschubert/Desktop/Aramis/ETH/Bachelor Thesis/Code/.snakemake/conda/94172ea4
Removing temporary output file Data/Mutations/sortedMutations4_7.vcf.
[Tue Jun 11 16:17:47 2019]
Finished job 37.
25 of 55 steps (45%) done

[Tue Jun 11 16:17:47 2019]
rule indexMutations:
    input: Data/Mutations/sortedMutations4_7.vcf.gz
    output: Data/Mutations/sortedMutations4_7.vcf.gz.tbi
    jobid: 38
    wildcards: treename=4, sample=7

Activating conda environment: /Users/leonorschubert/Desktop/Aramis/ETH/Bachelor Thesis/Code/.snakemake/conda/94172ea4
[Tue Jun 11 16:17:47 2019]
Finished job 38.
26 of 55 steps (47%) done

[Tue Jun 11 16:17:47 2019]
rule insertMutations:
    input: Data/Mutations/sortedMutations4_7.vcf.gz, Data/Mutations/sortedMutations4_7.vcf.gz.tbi
    output: Data/Mutations/InsertedMutations4_7.fa
    jobid: 19
    wildcards: treename=4, sample=7

Activating conda environment: /Users/leonorschubert/Desktop/Aramis/ETH/Bachelor Thesis/Code/.snakemake/conda/94172ea4
Removing temporary output file Data/Mutations/sortedMutations4_7.vcf.gz.
Removing temporary output file Data/Mutations/sortedMutations4_7.vcf.gz.tbi.
[Tue Jun 11 16:17:47 2019]
Finished job 19.
27 of 55 steps (49%) done

[Tue Jun 11 16:17:47 2019]
rule simulateReads:
    input: Data/Mutations/InsertedMutations4_7.fa
    output: results/simulatedAmplification_Tree4_Allel7_1.fq, results/simulatedAmplification_Tree4_Allel7_2.fq
    jobid: 8
    wildcards: treename=4, sample=7

Conda environment defines Python version < 3.5. Using Python of the master process to execute script. Note that this cannot be avoided, because the script uses data structures from Snakemake which are Python >=3.5 only.
Activating conda environment: /Users/leonorschubert/Desktop/Aramis/ETH/Bachelor Thesis/Code/.snakemake/conda/8237f946
[Tue Jun 11 16:17:49 2019]
Finished job 8.
28 of 55 steps (51%) done

[Tue Jun 11 16:17:49 2019]
rule sortMutations:
    input: Data/Mutations/Mutations4_2.vcf
    output: Data/Mutations/sortedMutations4_2.vcf
    jobid: 45
    wildcards: treename=4, sample=2

Activating conda environment: /Users/leonorschubert/Desktop/Aramis/ETH/Bachelor Thesis/Code/.snakemake/conda/94172ea4
[Tue Jun 11 16:17:49 2019]
Finished job 45.
29 of 55 steps (53%) done

[Tue Jun 11 16:17:49 2019]
rule zipMutations:
    input: Data/Mutations/sortedMutations4_2.vcf
    output: Data/Mutations/sortedMutations4_2.vcf.gz
    jobid: 27
    wildcards: treename=4, sample=2

Activating conda environment: /Users/leonorschubert/Desktop/Aramis/ETH/Bachelor Thesis/Code/.snakemake/conda/94172ea4
Removing temporary output file Data/Mutations/sortedMutations4_2.vcf.
[Tue Jun 11 16:17:50 2019]
Finished job 27.
30 of 55 steps (55%) done

[Tue Jun 11 16:17:50 2019]
rule indexMutations:
    input: Data/Mutations/sortedMutations4_2.vcf.gz
    output: Data/Mutations/sortedMutations4_2.vcf.gz.tbi
    jobid: 28
    wildcards: treename=4, sample=2

Activating conda environment: /Users/leonorschubert/Desktop/Aramis/ETH/Bachelor Thesis/Code/.snakemake/conda/94172ea4
[Tue Jun 11 16:17:50 2019]
Finished job 28.
31 of 55 steps (56%) done

[Tue Jun 11 16:17:50 2019]
rule insertMutations:
    input: Data/Mutations/sortedMutations4_2.vcf.gz, Data/Mutations/sortedMutations4_2.vcf.gz.tbi
    output: Data/Mutations/InsertedMutations4_2.fa
    jobid: 14
    wildcards: treename=4, sample=2

Activating conda environment: /Users/leonorschubert/Desktop/Aramis/ETH/Bachelor Thesis/Code/.snakemake/conda/94172ea4
Removing temporary output file Data/Mutations/sortedMutations4_2.vcf.gz.
Removing temporary output file Data/Mutations/sortedMutations4_2.vcf.gz.tbi.
[Tue Jun 11 16:17:50 2019]
Finished job 14.
32 of 55 steps (58%) done

[Tue Jun 11 16:17:50 2019]
rule simulateReads:
    input: Data/Mutations/InsertedMutations4_2.fa
    output: results/simulatedAmplification_Tree4_Allel2_1.fq, results/simulatedAmplification_Tree4_Allel2_2.fq
    jobid: 3
    wildcards: treename=4, sample=2

Conda environment defines Python version < 3.5. Using Python of the master process to execute script. Note that this cannot be avoided, because the script uses data structures from Snakemake which are Python >=3.5 only.
Activating conda environment: /Users/leonorschubert/Desktop/Aramis/ETH/Bachelor Thesis/Code/.snakemake/conda/8237f946
[Tue Jun 11 16:17:52 2019]
Finished job 3.
33 of 55 steps (60%) done

[Tue Jun 11 16:17:52 2019]
rule sortMutations:
    input: Data/Mutations/Mutations4_3.vcf
    output: Data/Mutations/sortedMutations4_3.vcf
    jobid: 46
    wildcards: treename=4, sample=3

Activating conda environment: /Users/leonorschubert/Desktop/Aramis/ETH/Bachelor Thesis/Code/.snakemake/conda/94172ea4
[Tue Jun 11 16:17:52 2019]
Finished job 46.
34 of 55 steps (62%) done

[Tue Jun 11 16:17:52 2019]
rule zipMutations:
    input: Data/Mutations/sortedMutations4_3.vcf
    output: Data/Mutations/sortedMutations4_3.vcf.gz
    jobid: 29
    wildcards: treename=4, sample=3

Activating conda environment: /Users/leonorschubert/Desktop/Aramis/ETH/Bachelor Thesis/Code/.snakemake/conda/94172ea4
Removing temporary output file Data/Mutations/sortedMutations4_3.vcf.
[Tue Jun 11 16:17:53 2019]
Finished job 29.
35 of 55 steps (64%) done

[Tue Jun 11 16:17:53 2019]
rule indexMutations:
    input: Data/Mutations/sortedMutations4_3.vcf.gz
    output: Data/Mutations/sortedMutations4_3.vcf.gz.tbi
    jobid: 30
    wildcards: treename=4, sample=3

Activating conda environment: /Users/leonorschubert/Desktop/Aramis/ETH/Bachelor Thesis/Code/.snakemake/conda/94172ea4
[Tue Jun 11 16:17:53 2019]
Finished job 30.
36 of 55 steps (65%) done

[Tue Jun 11 16:17:53 2019]
rule insertMutations:
    input: Data/Mutations/sortedMutations4_3.vcf.gz, Data/Mutations/sortedMutations4_3.vcf.gz.tbi
    output: Data/Mutations/InsertedMutations4_3.fa
    jobid: 15
    wildcards: treename=4, sample=3

Activating conda environment: /Users/leonorschubert/Desktop/Aramis/ETH/Bachelor Thesis/Code/.snakemake/conda/94172ea4
Removing temporary output file Data/Mutations/sortedMutations4_3.vcf.gz.
Removing temporary output file Data/Mutations/sortedMutations4_3.vcf.gz.tbi.
[Tue Jun 11 16:17:53 2019]
Finished job 15.
37 of 55 steps (67%) done

[Tue Jun 11 16:17:53 2019]
rule simulateReads:
    input: Data/Mutations/InsertedMutations4_3.fa
    output: results/simulatedAmplification_Tree4_Allel3_1.fq, results/simulatedAmplification_Tree4_Allel3_2.fq
    jobid: 4
    wildcards: treename=4, sample=3

Conda environment defines Python version < 3.5. Using Python of the master process to execute script. Note that this cannot be avoided, because the script uses data structures from Snakemake which are Python >=3.5 only.
Activating conda environment: /Users/leonorschubert/Desktop/Aramis/ETH/Bachelor Thesis/Code/.snakemake/conda/8237f946
[Tue Jun 11 16:17:55 2019]
Finished job 4.
38 of 55 steps (69%) done

[Tue Jun 11 16:17:55 2019]
rule sortMutations:
    input: Data/Mutations/Mutations4_1.vcf
    output: Data/Mutations/sortedMutations4_1.vcf
    jobid: 44
    wildcards: treename=4, sample=1

Activating conda environment: /Users/leonorschubert/Desktop/Aramis/ETH/Bachelor Thesis/Code/.snakemake/conda/94172ea4
[Tue Jun 11 16:17:55 2019]
Finished job 44.
39 of 55 steps (71%) done

[Tue Jun 11 16:17:55 2019]
rule zipMutations:
    input: Data/Mutations/sortedMutations4_1.vcf
    output: Data/Mutations/sortedMutations4_1.vcf.gz
    jobid: 25
    wildcards: treename=4, sample=1

Activating conda environment: /Users/leonorschubert/Desktop/Aramis/ETH/Bachelor Thesis/Code/.snakemake/conda/94172ea4
Removing temporary output file Data/Mutations/sortedMutations4_1.vcf.
[Tue Jun 11 16:17:55 2019]
Finished job 25.
40 of 55 steps (73%) done

[Tue Jun 11 16:17:55 2019]
rule indexMutations:
    input: Data/Mutations/sortedMutations4_1.vcf.gz
    output: Data/Mutations/sortedMutations4_1.vcf.gz.tbi
    jobid: 26
    wildcards: treename=4, sample=1

Activating conda environment: /Users/leonorschubert/Desktop/Aramis/ETH/Bachelor Thesis/Code/.snakemake/conda/94172ea4
[Tue Jun 11 16:17:56 2019]
Finished job 26.
41 of 55 steps (75%) done

[Tue Jun 11 16:17:56 2019]
rule insertMutations:
    input: Data/Mutations/sortedMutations4_1.vcf.gz, Data/Mutations/sortedMutations4_1.vcf.gz.tbi
    output: Data/Mutations/InsertedMutations4_1.fa
    jobid: 13
    wildcards: treename=4, sample=1

Activating conda environment: /Users/leonorschubert/Desktop/Aramis/ETH/Bachelor Thesis/Code/.snakemake/conda/94172ea4
Removing temporary output file Data/Mutations/sortedMutations4_1.vcf.gz.
Removing temporary output file Data/Mutations/sortedMutations4_1.vcf.gz.tbi.
[Tue Jun 11 16:17:56 2019]
Finished job 13.
42 of 55 steps (76%) done

[Tue Jun 11 16:17:56 2019]
rule simulateReads:
    input: Data/Mutations/InsertedMutations4_1.fa
    output: results/simulatedAmplification_Tree4_Allel1_1.fq, results/simulatedAmplification_Tree4_Allel1_2.fq
    jobid: 2
    wildcards: treename=4, sample=1

Conda environment defines Python version < 3.5. Using Python of the master process to execute script. Note that this cannot be avoided, because the script uses data structures from Snakemake which are Python >=3.5 only.
Activating conda environment: /Users/leonorschubert/Desktop/Aramis/ETH/Bachelor Thesis/Code/.snakemake/conda/8237f946
[Tue Jun 11 16:17:58 2019]
Finished job 2.
43 of 55 steps (78%) done

[Tue Jun 11 16:17:58 2019]
rule sortMutations:
    input: Data/Mutations/Mutations4_5.vcf
    output: Data/Mutations/sortedMutations4_5.vcf
    jobid: 48
    wildcards: treename=4, sample=5

Activating conda environment: /Users/leonorschubert/Desktop/Aramis/ETH/Bachelor Thesis/Code/.snakemake/conda/94172ea4
[Tue Jun 11 16:17:58 2019]
Finished job 48.
44 of 55 steps (80%) done

[Tue Jun 11 16:17:58 2019]
rule zipMutations:
    input: Data/Mutations/sortedMutations4_5.vcf
    output: Data/Mutations/sortedMutations4_5.vcf.gz
    jobid: 33
    wildcards: treename=4, sample=5

Activating conda environment: /Users/leonorschubert/Desktop/Aramis/ETH/Bachelor Thesis/Code/.snakemake/conda/94172ea4
Removing temporary output file Data/Mutations/sortedMutations4_5.vcf.
[Tue Jun 11 16:17:58 2019]
Finished job 33.
45 of 55 steps (82%) done

[Tue Jun 11 16:17:58 2019]
rule indexMutations:
    input: Data/Mutations/sortedMutations4_5.vcf.gz
    output: Data/Mutations/sortedMutations4_5.vcf.gz.tbi
    jobid: 34
    wildcards: treename=4, sample=5

Activating conda environment: /Users/leonorschubert/Desktop/Aramis/ETH/Bachelor Thesis/Code/.snakemake/conda/94172ea4
[Tue Jun 11 16:17:59 2019]
Finished job 34.
46 of 55 steps (84%) done

[Tue Jun 11 16:17:59 2019]
rule insertMutations:
    input: Data/Mutations/sortedMutations4_5.vcf.gz, Data/Mutations/sortedMutations4_5.vcf.gz.tbi
    output: Data/Mutations/InsertedMutations4_5.fa
    jobid: 17
    wildcards: treename=4, sample=5

Activating conda environment: /Users/leonorschubert/Desktop/Aramis/ETH/Bachelor Thesis/Code/.snakemake/conda/94172ea4
Removing temporary output file Data/Mutations/sortedMutations4_5.vcf.gz.
Removing temporary output file Data/Mutations/sortedMutations4_5.vcf.gz.tbi.
[Tue Jun 11 16:17:59 2019]
Finished job 17.
47 of 55 steps (85%) done

[Tue Jun 11 16:17:59 2019]
rule simulateReads:
    input: Data/Mutations/InsertedMutations4_5.fa
    output: results/simulatedAmplification_Tree4_Allel5_1.fq, results/simulatedAmplification_Tree4_Allel5_2.fq
    jobid: 6
    wildcards: treename=4, sample=5

Conda environment defines Python version < 3.5. Using Python of the master process to execute script. Note that this cannot be avoided, because the script uses data structures from Snakemake which are Python >=3.5 only.
Activating conda environment: /Users/leonorschubert/Desktop/Aramis/ETH/Bachelor Thesis/Code/.snakemake/conda/8237f946
[Tue Jun 11 16:18:01 2019]
Finished job 6.
48 of 55 steps (87%) done

[Tue Jun 11 16:18:01 2019]
rule sortMutations:
    input: Data/Mutations/Mutations4_0.vcf
    output: Data/Mutations/sortedMutations4_0.vcf
    jobid: 43
    wildcards: treename=4, sample=0

Activating conda environment: /Users/leonorschubert/Desktop/Aramis/ETH/Bachelor Thesis/Code/.snakemake/conda/94172ea4
[Tue Jun 11 16:18:01 2019]
Finished job 43.
49 of 55 steps (89%) done

[Tue Jun 11 16:18:01 2019]
rule zipMutations:
    input: Data/Mutations/sortedMutations4_0.vcf
    output: Data/Mutations/sortedMutations4_0.vcf.gz
    jobid: 23
    wildcards: treename=4, sample=0

Activating conda environment: /Users/leonorschubert/Desktop/Aramis/ETH/Bachelor Thesis/Code/.snakemake/conda/94172ea4
Removing temporary output file Data/Mutations/sortedMutations4_0.vcf.
[Tue Jun 11 16:18:01 2019]
Finished job 23.
50 of 55 steps (91%) done

[Tue Jun 11 16:18:01 2019]
rule indexMutations:
    input: Data/Mutations/sortedMutations4_0.vcf.gz
    output: Data/Mutations/sortedMutations4_0.vcf.gz.tbi
    jobid: 24
    wildcards: treename=4, sample=0

Activating conda environment: /Users/leonorschubert/Desktop/Aramis/ETH/Bachelor Thesis/Code/.snakemake/conda/94172ea4
[Tue Jun 11 16:18:02 2019]
Finished job 24.
51 of 55 steps (93%) done

[Tue Jun 11 16:18:02 2019]
rule insertMutations:
    input: Data/Mutations/sortedMutations4_0.vcf.gz, Data/Mutations/sortedMutations4_0.vcf.gz.tbi
    output: Data/Mutations/InsertedMutations4_0.fa
    jobid: 12
    wildcards: treename=4, sample=0

Activating conda environment: /Users/leonorschubert/Desktop/Aramis/ETH/Bachelor Thesis/Code/.snakemake/conda/94172ea4
Removing temporary output file Data/Mutations/sortedMutations4_0.vcf.gz.
Removing temporary output file Data/Mutations/sortedMutations4_0.vcf.gz.tbi.
[Tue Jun 11 16:18:02 2019]
Finished job 12.
52 of 55 steps (95%) done

[Tue Jun 11 16:18:02 2019]
rule simulateReads:
    input: Data/Mutations/InsertedMutations4_0.fa
    output: results/simulatedAmplification_Tree4_Allel0_1.fq, results/simulatedAmplification_Tree4_Allel0_2.fq
    jobid: 1
    wildcards: treename=4, sample=0

Conda environment defines Python version < 3.5. Using Python of the master process to execute script. Note that this cannot be avoided, because the script uses data structures from Snakemake which are Python >=3.5 only.
Activating conda environment: /Users/leonorschubert/Desktop/Aramis/ETH/Bachelor Thesis/Code/.snakemake/conda/8237f946
[Tue Jun 11 16:18:04 2019]
Finished job 1.
53 of 55 steps (96%) done

[Tue Jun 11 16:18:04 2019]
rule plotBinaryTree:
    input: Data/Trees/binaryTree4.txt
    output: Data/Trees/Graph4.pdf
    jobid: 11
    wildcards: treename=4

Conda environment defines Python version < 3.5. Using Python of the master process to execute script. Note that this cannot be avoided, because the script uses data structures from Snakemake which are Python >=3.5 only.
Activating conda environment: /Users/leonorschubert/Desktop/Aramis/ETH/Bachelor Thesis/Code/.snakemake/conda/d216ab68
[Tue Jun 11 16:18:05 2019]
Finished job 11.
54 of 55 steps (98%) done

[Tue Jun 11 16:18:05 2019]
rule SingleCellReadSimulator:
    input: results/simulatedAmplification_Tree4_Allel0_1.fq, results/simulatedAmplification_Tree4_Allel1_1.fq, results/simulatedAmplification_Tree4_Allel2_1.fq, results/simulatedAmplification_Tree4_Allel3_1.fq, results/simulatedAmplification_Tree4_Allel4_1.fq, results/simulatedAmplification_Tree4_Allel5_1.fq, results/simulatedAmplification_Tree4_Allel6_1.fq, results/simulatedAmplification_Tree4_Allel7_1.fq, results/simulatedAmplification_Tree4_Allel8_1.fq, results/simulatedAmplification_Tree4_Allel9_1.fq, results/simulatedAmplification_Tree4_Allel0_2.fq, results/simulatedAmplification_Tree4_Allel1_2.fq, results/simulatedAmplification_Tree4_Allel2_2.fq, results/simulatedAmplification_Tree4_Allel3_2.fq, results/simulatedAmplification_Tree4_Allel4_2.fq, results/simulatedAmplification_Tree4_Allel5_2.fq, results/simulatedAmplification_Tree4_Allel6_2.fq, results/simulatedAmplification_Tree4_Allel7_2.fq, results/simulatedAmplification_Tree4_Allel8_2.fq, results/simulatedAmplification_Tree4_Allel9_2.fq, Data/Trees/Graph4.pdf
    output: results/SingleCellReadSimulator4.txt
    jobid: 0
    wildcards: treename=4

[Tue Jun 11 16:18:05 2019]
Finished job 0.
55 of 55 steps (100%) done
Complete log: /Users/leonorschubert/Desktop/Aramis/ETH/Bachelor Thesis/Code/.snakemake/log/2019-06-11T161729.904712.snakemake.log
