Building DAG of jobs...
Using shell: /bin/bash
Provided cores: 1
Rules claiming more threads will be scaled down.
Job counts:
	count	jobs
	1	SingleCellReadSimulator
	1	convertFilesToSamtools
	1	createHeterozygousMutations
	1	insertHeterozygousMutations
	1	sampleSimulationData
	1	simulateMDAAmplificationErrors
	1	simulateReads
	1	splitGenomIntoSegments
	8

[Tue Feb 26 17:18:29 2019]
rule createHeterozygousMutations:
    output: Mutations/HeterozygousMutations5000.txt
    jobid: 7
    wildcards: treename=5000

[Tue Feb 26 17:18:29 2019]
Finished job 7.
1 of 8 steps (12%) done

[Tue Feb 26 17:18:29 2019]
rule insertHeterozygousMutations:
    input: Mutations/HeterozygousMutations5000.txt
    output: Mutations/InsertedHeterozygousMutations5000.txt
    jobid: 6
    wildcards: treename=5000

[Tue Feb 26 17:18:29 2019]
Finished job 6.
2 of 8 steps (25%) done

[Tue Feb 26 17:18:29 2019]
rule splitGenomIntoSegments:
    input: Mutations/InsertedHeterozygousMutations5000.txt
    output: MDASimulation/SplitGenomSequences5000.txt
    jobid: 5
    wildcards: treename=5000

[Tue Feb 26 17:18:29 2019]
Finished job 5.
3 of 8 steps (38%) done

[Tue Feb 26 17:18:29 2019]
rule sampleSimulationData:
    input: MDASimulation/SplitGenomSequences5000.txt
    output: MDASimulation/sampledSimulationData5000.txt
    jobid: 4
    wildcards: treename=5000

[Tue Feb 26 17:18:29 2019]
Finished job 4.
4 of 8 steps (50%) done

[Tue Feb 26 17:18:29 2019]
rule simulateReads:
    input: MDASimulation/sampledSimulationData5000.txt
    output: MDASimulation/simulatedRead5000.txt
    jobid: 3
    wildcards: treename=5000

[Tue Feb 26 17:18:29 2019]
Finished job 3.
5 of 8 steps (62%) done

[Tue Feb 26 17:18:29 2019]
rule convertFilesToSamtools:
    input: MDASimulation/simulatedRead5000.txt
    output: MDASimulation/convertedToSamtools5000.txt
    jobid: 2
    wildcards: treename=5000

[Tue Feb 26 17:18:29 2019]
Finished job 2.
6 of 8 steps (75%) done

[Tue Feb 26 17:18:29 2019]
rule simulateMDAAmplificationErrors:
    input: MDASimulation/convertedToSamtools5000.txt
    output: results/amplificationErrors5000.txt
    jobid: 1
    wildcards: treename=5000

[Tue Feb 26 17:18:29 2019]
Finished job 1.
7 of 8 steps (88%) done

[Tue Feb 26 17:18:29 2019]
rule SingleCellReadSimulator:
    input: results/amplificationErrors5000.txt
    output: results/SingleCellReadSimulator_report5000.txt
    jobid: 0
    wildcards: treename=5000

[Tue Feb 26 17:18:29 2019]
Finished job 0.
8 of 8 steps (100%) done
Complete log: /Users/leonorschubert/Desktop/Aramis/ETH/Bachelor Thesis/Code/.snakemake/log/2019-02-26T171828.915895.snakemake.log
