Building DAG of jobs...
Using shell: /bin/bash
Provided cores: 1
Rules claiming more threads will be scaled down.
Job counts:
	count	jobs
	1	SingleCellReadSimulator
	1	simulateMDAAmplificationErrors
	2

[Tue Mar 19 15:09:04 2019]
rule simulateMDAAmplificationErrors:
    input: Data/MDASimulation/convertedToSamtools1000.txt
    output: results/amplificationErrors1000.txt
    jobid: 1
    wildcards: treename=1000

[Tue Mar 19 15:09:04 2019]
Finished job 1.
1 of 2 steps (50%) done

[Tue Mar 19 15:09:04 2019]
rule SingleCellReadSimulator:
    input: results/amplificationErrors1000.txt
    output: results/SingleCellReadSimulator_report1000.txt
    jobid: 0
    wildcards: treename=1000

[Tue Mar 19 15:09:04 2019]
Finished job 0.
2 of 2 steps (100%) done
Complete log: /Users/leonorschubert/Desktop/Aramis/ETH/Bachelor Thesis/Code/.snakemake/log/2019-03-19T150904.060289.snakemake.log
